[0.015s] Invoking command in '/home/fra/ros2_ws/build/custom_interface': CMAKE_PREFIX_PATH=${CMAKE_PREFIX_PATH}:/home/fra/ros2_ws/install/python_pkg:/opt/ros/humble /usr/bin/cmake --build /home/fra/ros2_ws/build/custom_interface -- -j12 -l12
[0.089s] [  3%] Built target custom_interface__cpp
[0.090s] [ 12%] Built target custom_interface__rosidl_generator_c
[0.100s] [ 12%] Built target ament_cmake_python_copy_custom_interface
[0.124s] [ 22%] Built target custom_interface__rosidl_typesupport_fastrtps_cpp
[0.132s] [ 32%] Built target custom_interface__rosidl_typesupport_fastrtps_c
[0.136s] [ 41%] Built target custom_interface__rosidl_typesupport_introspection_cpp
[0.137s] [ 51%] Built target custom_interface__rosidl_typesupport_c
[0.145s] [ 61%] Built target custom_interface__rosidl_typesupport_cpp
[0.151s] [ 70%] Built target custom_interface__rosidl_typesupport_introspection_c
[0.187s] [ 70%] Built target custom_interface
[0.220s] [ 74%] Built target custom_interface__py
[0.249s] [ 80%] Built target custom_interface__rosidl_generator_py
[0.288s] [ 87%] Built target custom_interface__rosidl_typesupport_introspection_c__pyext
[0.297s] [ 93%] Built target custom_interface__rosidl_typesupport_c__pyext
[0.300s] [100%] Built target custom_interface__rosidl_typesupport_fastrtps_c__pyext
[0.501s] running egg_info
[0.502s] writing custom_interface.egg-info/PKG-INFO
[0.504s] writing dependency_links to custom_interface.egg-info/dependency_links.txt
[0.504s] writing top-level names to custom_interface.egg-info/top_level.txt
[0.507s] reading manifest file 'custom_interface.egg-info/SOURCES.txt'
[0.508s] writing manifest file 'custom_interface.egg-info/SOURCES.txt'
[0.547s] [100%] Built target ament_cmake_python_build_custom_interface_egg
[0.562s] Invoked command in '/home/fra/ros2_ws/build/custom_interface' returned '0': CMAKE_PREFIX_PATH=${CMAKE_PREFIX_PATH}:/home/fra/ros2_ws/install/python_pkg:/opt/ros/humble /usr/bin/cmake --build /home/fra/ros2_ws/build/custom_interface -- -j12 -l12
[0.576s] Invoking command in '/home/fra/ros2_ws/build/custom_interface': CMAKE_PREFIX_PATH=${CMAKE_PREFIX_PATH}:/home/fra/ros2_ws/install/python_pkg:/opt/ros/humble /usr/bin/cmake --install /home/fra/ros2_ws/build/custom_interface
[0.588s] -- Install configuration: ""
[0.589s] -- Up-to-date: /home/fra/ros2_ws/install/custom_interface/share/ament_index/resource_index/rosidl_interfaces/custom_interface
[0.589s] -- Up-to-date: /home/fra/ros2_ws/install/custom_interface/include/custom_interface/custom_interface
[0.590s] -- Up-to-date: /home/fra/ros2_ws/install/custom_interface/include/custom_interface/custom_interface/msg
[0.590s] -- Up-to-date: /home/fra/ros2_ws/install/custom_interface/include/custom_interface/custom_interface/msg/rosidl_generator_c__visibility_control.h
[0.590s] -- Up-to-date: /home/fra/ros2_ws/install/custom_interface/include/custom_interface/custom_interface/srv
[0.590s] -- Up-to-date: /home/fra/ros2_ws/install/custom_interface/include/custom_interface/custom_interface/srv/reset_counter.h
[0.590s] -- Up-to-date: /home/fra/ros2_ws/install/custom_interface/include/custom_interface/custom_interface/srv/detail
[0.590s] -- Up-to-date: /home/fra/ros2_ws/install/custom_interface/include/custom_interface/custom_interface/srv/detail/reset_counter__struct.h
[0.590s] -- Up-to-date: /home/fra/ros2_ws/install/custom_interface/include/custom_interface/custom_interface/srv/detail/reset_counter__functions.h
[0.590s] -- Up-to-date: /home/fra/ros2_ws/install/custom_interface/include/custom_interface/custom_interface/srv/detail/reset_counter__functions.c
[0.590s] -- Up-to-date: /home/fra/ros2_ws/install/custom_interface/include/custom_interface/custom_interface/srv/detail/reset_counter__type_support.h
[0.590s] -- Up-to-date: /home/fra/ros2_ws/install/custom_interface/share/custom_interface/environment/library_path.sh
[0.591s] -- Up-to-date: /home/fra/ros2_ws/install/custom_interface/share/custom_interface/environment/library_path.dsv
[0.591s] -- Up-to-date: /home/fra/ros2_ws/install/custom_interface/lib/libcustom_interface__rosidl_generator_c.so
[0.591s] -- Up-to-date: /home/fra/ros2_ws/install/custom_interface/include/custom_interface/custom_interface
[0.591s] -- Up-to-date: /home/fra/ros2_ws/install/custom_interface/include/custom_interface/custom_interface/msg
[0.591s] -- Up-to-date: /home/fra/ros2_ws/install/custom_interface/include/custom_interface/custom_interface/msg/rosidl_typesupport_fastrtps_c__visibility_control.h
[0.591s] -- Up-to-date: /home/fra/ros2_ws/install/custom_interface/include/custom_interface/custom_interface/srv
[0.591s] -- Up-to-date: /home/fra/ros2_ws/install/custom_interface/include/custom_interface/custom_interface/srv/detail
[0.597s] -- Up-to-date: /home/fra/ros2_ws/install/custom_interface/include/custom_interface/custom_interface/srv/detail/reset_counter__rosidl_typesupport_fastrtps_c.h
[0.598s] -- Up-to-date: /home/fra/ros2_ws/install/custom_interface/lib/libcustom_interface__rosidl_typesupport_fastrtps_c.so
[0.598s] -- Up-to-date: /home/fra/ros2_ws/install/custom_interface/include/custom_interface/custom_interface
[0.598s] -- Up-to-date: /home/fra/ros2_ws/install/custom_interface/include/custom_interface/custom_interface/msg
[0.598s] -- Up-to-date: /home/fra/ros2_ws/install/custom_interface/include/custom_interface/custom_interface/msg/rosidl_typesupport_introspection_c__visibility_control.h
[0.598s] -- Up-to-date: /home/fra/ros2_ws/install/custom_interface/include/custom_interface/custom_interface/srv
[0.598s] -- Up-to-date: /home/fra/ros2_ws/install/custom_interface/include/custom_interface/custom_interface/srv/detail
[0.598s] -- Up-to-date: /home/fra/ros2_ws/install/custom_interface/include/custom_interface/custom_interface/srv/detail/reset_counter__type_support.c
[0.598s] -- Up-to-date: /home/fra/ros2_ws/install/custom_interface/include/custom_interface/custom_interface/srv/detail/reset_counter__rosidl_typesupport_introspection_c.h
[0.598s] -- Up-to-date: /home/fra/ros2_ws/install/custom_interface/lib/libcustom_interface__rosidl_typesupport_introspection_c.so
[0.599s] -- Up-to-date: /home/fra/ros2_ws/install/custom_interface/lib/libcustom_interface__rosidl_typesupport_c.so
[0.599s] -- Up-to-date: /home/fra/ros2_ws/install/custom_interface/include/custom_interface/custom_interface
[0.599s] -- Up-to-date: /home/fra/ros2_ws/install/custom_interface/include/custom_interface/custom_interface/msg
[0.599s] -- Up-to-date: /home/fra/ros2_ws/install/custom_interface/include/custom_interface/custom_interface/msg/rosidl_generator_cpp__visibility_control.hpp
[0.599s] -- Up-to-date: /home/fra/ros2_ws/install/custom_interface/include/custom_interface/custom_interface/srv
[0.599s] -- Up-to-date: /home/fra/ros2_ws/install/custom_interface/include/custom_interface/custom_interface/srv/reset_counter.hpp
[0.599s] -- Up-to-date: /home/fra/ros2_ws/install/custom_interface/include/custom_interface/custom_interface/srv/detail
[0.599s] -- Up-to-date: /home/fra/ros2_ws/install/custom_interface/include/custom_interface/custom_interface/srv/detail/reset_counter__type_support.hpp
[0.599s] -- Up-to-date: /home/fra/ros2_ws/install/custom_interface/include/custom_interface/custom_interface/srv/detail/reset_counter__struct.hpp
[0.599s] -- Up-to-date: /home/fra/ros2_ws/install/custom_interface/include/custom_interface/custom_interface/srv/detail/reset_counter__traits.hpp
[0.599s] -- Up-to-date: /home/fra/ros2_ws/install/custom_interface/include/custom_interface/custom_interface/srv/detail/reset_counter__builder.hpp
[0.600s] -- Up-to-date: /home/fra/ros2_ws/install/custom_interface/include/custom_interface/custom_interface
[0.600s] -- Up-to-date: /home/fra/ros2_ws/install/custom_interface/include/custom_interface/custom_interface/msg
[0.600s] -- Up-to-date: /home/fra/ros2_ws/install/custom_interface/include/custom_interface/custom_interface/msg/rosidl_typesupport_fastrtps_cpp__visibility_control.h
[0.600s] -- Up-to-date: /home/fra/ros2_ws/install/custom_interface/include/custom_interface/custom_interface/srv
[0.600s] -- Up-to-date: /home/fra/ros2_ws/install/custom_interface/include/custom_interface/custom_interface/srv/detail
[0.600s] -- Up-to-date: /home/fra/ros2_ws/install/custom_interface/include/custom_interface/custom_interface/srv/detail/reset_counter__rosidl_typesupport_fastrtps_cpp.hpp
[0.600s] -- Up-to-date: /home/fra/ros2_ws/install/custom_interface/include/custom_interface/custom_interface/srv/detail/dds_fastrtps
[0.600s] -- Up-to-date: /home/fra/ros2_ws/install/custom_interface/lib/libcustom_interface__rosidl_typesupport_fastrtps_cpp.so
[0.600s] -- Up-to-date: /home/fra/ros2_ws/install/custom_interface/include/custom_interface/custom_interface
[0.600s] -- Up-to-date: /home/fra/ros2_ws/install/custom_interface/include/custom_interface/custom_interface/srv
[0.600s] -- Up-to-date: /home/fra/ros2_ws/install/custom_interface/include/custom_interface/custom_interface/srv/detail
[0.601s] -- Up-to-date: /home/fra/ros2_ws/install/custom_interface/include/custom_interface/custom_interface/srv/detail/reset_counter__type_support.cpp
[0.601s] -- Up-to-date: /home/fra/ros2_ws/install/custom_interface/include/custom_interface/custom_interface/srv/detail/reset_counter__rosidl_typesupport_introspection_cpp.hpp
[0.601s] -- Up-to-date: /home/fra/ros2_ws/install/custom_interface/lib/libcustom_interface__rosidl_typesupport_introspection_cpp.so
[0.601s] -- Up-to-date: /home/fra/ros2_ws/install/custom_interface/lib/libcustom_interface__rosidl_typesupport_cpp.so
[0.601s] -- Up-to-date: /home/fra/ros2_ws/install/custom_interface/share/custom_interface/environment/pythonpath.sh
[0.601s] -- Up-to-date: /home/fra/ros2_ws/install/custom_interface/share/custom_interface/environment/pythonpath.dsv
[0.601s] -- Up-to-date: /home/fra/ros2_ws/install/custom_interface/local/lib/python3.10/dist-packages/custom_interface-0.0.0-py3.10.egg-info
[0.601s] -- Installing: /home/fra/ros2_ws/install/custom_interface/local/lib/python3.10/dist-packages/custom_interface-0.0.0-py3.10.egg-info/dependency_links.txt
[0.605s] -- Installing: /home/fra/ros2_ws/install/custom_interface/local/lib/python3.10/dist-packages/custom_interface-0.0.0-py3.10.egg-info/top_level.txt
[0.605s] -- Installing: /home/fra/ros2_ws/install/custom_interface/local/lib/python3.10/dist-packages/custom_interface-0.0.0-py3.10.egg-info/PKG-INFO
[0.606s] -- Installing: /home/fra/ros2_ws/install/custom_interface/local/lib/python3.10/dist-packages/custom_interface-0.0.0-py3.10.egg-info/SOURCES.txt
[0.606s] -- Up-to-date: /home/fra/ros2_ws/install/custom_interface/local/lib/python3.10/dist-packages/custom_interface
[0.606s] -- Up-to-date: /home/fra/ros2_ws/install/custom_interface/local/lib/python3.10/dist-packages/custom_interface/custom_interface_s__rosidl_typesupport_introspection_c.cpython-310-x86_64-linux-gnu.so
[0.606s] -- Up-to-date: /home/fra/ros2_ws/install/custom_interface/local/lib/python3.10/dist-packages/custom_interface/_custom_interface_s.ep.rosidl_typesupport_fastrtps_c.c
[0.606s] -- Up-to-date: /home/fra/ros2_ws/install/custom_interface/local/lib/python3.10/dist-packages/custom_interface/custom_interface_s__rosidl_typesupport_fastrtps_c.cpython-310-x86_64-linux-gnu.so
[0.606s] -- Up-to-date: /home/fra/ros2_ws/install/custom_interface/local/lib/python3.10/dist-packages/custom_interface/_custom_interface_s.ep.rosidl_typesupport_introspection_c.c
[0.606s] -- Up-to-date: /home/fra/ros2_ws/install/custom_interface/local/lib/python3.10/dist-packages/custom_interface/custom_interface_s__rosidl_typesupport_c.cpython-310-x86_64-linux-gnu.so
[0.606s] -- Up-to-date: /home/fra/ros2_ws/install/custom_interface/local/lib/python3.10/dist-packages/custom_interface/_custom_interface_s.ep.rosidl_typesupport_c.c
[0.606s] -- Up-to-date: /home/fra/ros2_ws/install/custom_interface/local/lib/python3.10/dist-packages/custom_interface/srv
[0.606s] -- Up-to-date: /home/fra/ros2_ws/install/custom_interface/local/lib/python3.10/dist-packages/custom_interface/srv/_reset_counter.py
[0.607s] -- Up-to-date: /home/fra/ros2_ws/install/custom_interface/local/lib/python3.10/dist-packages/custom_interface/srv/_reset_counter_s.c
[0.607s] -- Up-to-date: /home/fra/ros2_ws/install/custom_interface/local/lib/python3.10/dist-packages/custom_interface/srv/__init__.py
[0.607s] -- Up-to-date: /home/fra/ros2_ws/install/custom_interface/local/lib/python3.10/dist-packages/custom_interface/libcustom_interface__rosidl_generator_py.so
[0.607s] -- Up-to-date: /home/fra/ros2_ws/install/custom_interface/local/lib/python3.10/dist-packages/custom_interface/__init__.py
[0.641s] Listing '/home/fra/ros2_ws/install/custom_interface/local/lib/python3.10/dist-packages/custom_interface'...
[0.642s] Listing '/home/fra/ros2_ws/install/custom_interface/local/lib/python3.10/dist-packages/custom_interface/srv'...
[0.643s] -- Up-to-date: /home/fra/ros2_ws/install/custom_interface/local/lib/python3.10/dist-packages/custom_interface/custom_interface_s__rosidl_typesupport_fastrtps_c.cpython-310-x86_64-linux-gnu.so
[0.644s] -- Up-to-date: /home/fra/ros2_ws/install/custom_interface/local/lib/python3.10/dist-packages/custom_interface/custom_interface_s__rosidl_typesupport_introspection_c.cpython-310-x86_64-linux-gnu.so
[0.644s] -- Up-to-date: /home/fra/ros2_ws/install/custom_interface/local/lib/python3.10/dist-packages/custom_interface/custom_interface_s__rosidl_typesupport_c.cpython-310-x86_64-linux-gnu.so
[0.645s] -- Up-to-date: /home/fra/ros2_ws/install/custom_interface/lib/libcustom_interface__rosidl_generator_py.so
[0.645s] -- Up-to-date: /home/fra/ros2_ws/install/custom_interface/share/custom_interface/srv/ResetCounter.idl
[0.645s] -- Up-to-date: /home/fra/ros2_ws/install/custom_interface/share/custom_interface/srv/ResetCounter.srv
[0.645s] -- Up-to-date: /home/fra/ros2_ws/install/custom_interface/share/custom_interface/srv/ResetCounter_Request.msg
[0.646s] -- Up-to-date: /home/fra/ros2_ws/install/custom_interface/share/custom_interface/srv/ResetCounter_Response.msg
[0.646s] -- Up-to-date: /home/fra/ros2_ws/install/custom_interface/share/ament_index/resource_index/package_run_dependencies/custom_interface
[0.646s] -- Up-to-date: /home/fra/ros2_ws/install/custom_interface/share/ament_index/resource_index/parent_prefix_path/custom_interface
[0.646s] -- Up-to-date: /home/fra/ros2_ws/install/custom_interface/share/custom_interface/environment/ament_prefix_path.sh
[0.646s] -- Up-to-date: /home/fra/ros2_ws/install/custom_interface/share/custom_interface/environment/ament_prefix_path.dsv
[0.646s] -- Up-to-date: /home/fra/ros2_ws/install/custom_interface/share/custom_interface/environment/path.sh
[0.646s] -- Up-to-date: /home/fra/ros2_ws/install/custom_interface/share/custom_interface/environment/path.dsv
[0.647s] -- Up-to-date: /home/fra/ros2_ws/install/custom_interface/share/custom_interface/local_setup.bash
[0.647s] -- Up-to-date: /home/fra/ros2_ws/install/custom_interface/share/custom_interface/local_setup.sh
[0.647s] -- Up-to-date: /home/fra/ros2_ws/install/custom_interface/share/custom_interface/local_setup.zsh
[0.647s] -- Up-to-date: /home/fra/ros2_ws/install/custom_interface/share/custom_interface/local_setup.dsv
[0.647s] -- Installing: /home/fra/ros2_ws/install/custom_interface/share/custom_interface/package.dsv
[0.647s] -- Up-to-date: /home/fra/ros2_ws/install/custom_interface/share/ament_index/resource_index/packages/custom_interface
[0.648s] -- Up-to-date: /home/fra/ros2_ws/install/custom_interface/share/custom_interface/cmake/export_custom_interface__rosidl_generator_cExport.cmake
[0.648s] -- Up-to-date: /home/fra/ros2_ws/install/custom_interface/share/custom_interface/cmake/export_custom_interface__rosidl_generator_cExport-noconfig.cmake
[0.648s] -- Up-to-date: /home/fra/ros2_ws/install/custom_interface/share/custom_interface/cmake/export_custom_interface__rosidl_typesupport_fastrtps_cExport.cmake
[0.648s] -- Up-to-date: /home/fra/ros2_ws/install/custom_interface/share/custom_interface/cmake/export_custom_interface__rosidl_typesupport_fastrtps_cExport-noconfig.cmake
[0.648s] -- Up-to-date: /home/fra/ros2_ws/install/custom_interface/share/custom_interface/cmake/custom_interface__rosidl_typesupport_introspection_cExport.cmake
[0.649s] -- Up-to-date: /home/fra/ros2_ws/install/custom_interface/share/custom_interface/cmake/custom_interface__rosidl_typesupport_introspection_cExport-noconfig.cmake
[0.649s] -- Up-to-date: /home/fra/ros2_ws/install/custom_interface/share/custom_interface/cmake/custom_interface__rosidl_typesupport_cExport.cmake
[0.650s] -- Up-to-date: /home/fra/ros2_ws/install/custom_interface/share/custom_interface/cmake/custom_interface__rosidl_typesupport_cExport-noconfig.cmake
[0.650s] -- Up-to-date: /home/fra/ros2_ws/install/custom_interface/share/custom_interface/cmake/export_custom_interface__rosidl_generator_cppExport.cmake
[0.650s] -- Up-to-date: /home/fra/ros2_ws/install/custom_interface/share/custom_interface/cmake/export_custom_interface__rosidl_typesupport_fastrtps_cppExport.cmake
[0.650s] -- Up-to-date: /home/fra/ros2_ws/install/custom_interface/share/custom_interface/cmake/export_custom_interface__rosidl_typesupport_fastrtps_cppExport-noconfig.cmake
[0.650s] -- Up-to-date: /home/fra/ros2_ws/install/custom_interface/share/custom_interface/cmake/custom_interface__rosidl_typesupport_introspection_cppExport.cmake
[0.650s] -- Up-to-date: /home/fra/ros2_ws/install/custom_interface/share/custom_interface/cmake/custom_interface__rosidl_typesupport_introspection_cppExport-noconfig.cmake
[0.650s] -- Up-to-date: /home/fra/ros2_ws/install/custom_interface/share/custom_interface/cmake/custom_interface__rosidl_typesupport_cppExport.cmake
[0.650s] -- Up-to-date: /home/fra/ros2_ws/install/custom_interface/share/custom_interface/cmake/custom_interface__rosidl_typesupport_cppExport-noconfig.cmake
[0.650s] -- Up-to-date: /home/fra/ros2_ws/install/custom_interface/share/custom_interface/cmake/export_custom_interface__rosidl_generator_pyExport.cmake
[0.651s] -- Up-to-date: /home/fra/ros2_ws/install/custom_interface/share/custom_interface/cmake/export_custom_interface__rosidl_generator_pyExport-noconfig.cmake
[0.651s] -- Up-to-date: /home/fra/ros2_ws/install/custom_interface/share/custom_interface/cmake/rosidl_cmake-extras.cmake
[0.651s] -- Up-to-date: /home/fra/ros2_ws/install/custom_interface/share/custom_interface/cmake/ament_cmake_export_include_directories-extras.cmake
[0.651s] -- Up-to-date: /home/fra/ros2_ws/install/custom_interface/share/custom_interface/cmake/ament_cmake_export_libraries-extras.cmake
[0.651s] -- Up-to-date: /home/fra/ros2_ws/install/custom_interface/share/custom_interface/cmake/ament_cmake_export_targets-extras.cmake
[0.651s] -- Up-to-date: /home/fra/ros2_ws/install/custom_interface/share/custom_interface/cmake/rosidl_cmake_export_typesupport_targets-extras.cmake
[0.651s] -- Up-to-date: /home/fra/ros2_ws/install/custom_interface/share/custom_interface/cmake/ament_cmake_export_dependencies-extras.cmake
[0.651s] -- Up-to-date: /home/fra/ros2_ws/install/custom_interface/share/custom_interface/cmake/rosidl_cmake_export_typesupport_libraries-extras.cmake
[0.651s] -- Up-to-date: /home/fra/ros2_ws/install/custom_interface/share/custom_interface/cmake/custom_interfaceConfig.cmake
[0.651s] -- Up-to-date: /home/fra/ros2_ws/install/custom_interface/share/custom_interface/cmake/custom_interfaceConfig-version.cmake
[0.652s] -- Up-to-date: /home/fra/ros2_ws/install/custom_interface/share/custom_interface/package.xml
[0.659s] Invoked command in '/home/fra/ros2_ws/build/custom_interface' returned '0': CMAKE_PREFIX_PATH=${CMAKE_PREFIX_PATH}:/home/fra/ros2_ws/install/python_pkg:/opt/ros/humble /usr/bin/cmake --install /home/fra/ros2_ws/build/custom_interface
