[0.011s] Invoking command in '/home/fra/ros2_ws/build/cpp_pkg': CMAKE_PREFIX_PATH=${CMAKE_PREFIX_PATH}:/opt/ros/humble /usr/bin/cmake --build /home/fra/ros2_ws/build/cpp_pkg -- -j12 -l12
[0.052s] -- Found ament_cmake: 1.3.11 (/opt/ros/humble/share/ament_cmake/cmake)
[0.179s] -- Found rclcpp: 16.0.11 (/opt/ros/humble/share/rclcpp/cmake)
[0.211s] -- Found rosidl_generator_c: 3.1.6 (/opt/ros/humble/share/rosidl_generator_c/cmake)
[0.214s] -- Found rosidl_adapter: 3.1.6 (/opt/ros/humble/share/rosidl_adapter/cmake)
[0.221s] -- Found rosidl_generator_cpp: 3.1.6 (/opt/ros/humble/share/rosidl_generator_cpp/cmake)
[0.232s] -- Using all available rosidl_typesupport_c: rosidl_typesupport_fastrtps_c;rosidl_typesupport_introspection_c
[0.249s] -- Using all available rosidl_typesupport_cpp: rosidl_typesupport_fastrtps_cpp;rosidl_typesupport_introspection_cpp
[0.290s] -- Found rmw_implementation_cmake: 6.1.2 (/opt/ros/humble/share/rmw_implementation_cmake/cmake)
[0.291s] -- Found rmw_fastrtps_cpp: 6.2.7 (/opt/ros/humble/share/rmw_fastrtps_cpp/cmake)
[0.390s] -- Using RMW implementation 'rmw_fastrtps_cpp' as default
[0.456s] -- Found ament_lint_auto: 0.12.11 (/opt/ros/humble/share/ament_lint_auto/cmake)
[0.531s] -- Added test 'cppcheck' to perform static code analysis on C / C++ code
[0.531s] -- Configured cppcheck include dirs: 
[0.531s] -- Configured cppcheck exclude dirs and/or files: 
[0.532s] -- Added test 'lint_cmake' to check CMake code style
[0.533s] -- Added test 'uncrustify' to check C / C++ code style
[0.533s] -- Configured uncrustify additional arguments: 
[0.533s] -- Added test 'xmllint' to check XML markup files
[0.535s] -- Configuring done
[0.548s] -- Generating done
[0.552s] -- Build files have been written to: /home/fra/ros2_ws/build/cpp_pkg
[0.575s] [35m[1mConsolidate compiler generated dependencies of target node_cpp[0m
[0.583s] [ 25%] [32mBuilding CXX object CMakeFiles/publisher_cpp.dir/src/publisher_cpp.cpp.o[0m
[0.595s] [ 75%] Built target node_cpp
[4.766s] [100%] [32m[1mLinking CXX executable publisher_cpp[0m
[4.947s] [100%] Built target publisher_cpp
[4.958s] Invoked command in '/home/fra/ros2_ws/build/cpp_pkg' returned '0': CMAKE_PREFIX_PATH=${CMAKE_PREFIX_PATH}:/opt/ros/humble /usr/bin/cmake --build /home/fra/ros2_ws/build/cpp_pkg -- -j12 -l12
[4.967s] Invoking command in '/home/fra/ros2_ws/build/cpp_pkg': CMAKE_PREFIX_PATH=${CMAKE_PREFIX_PATH}:/opt/ros/humble /usr/bin/cmake --install /home/fra/ros2_ws/build/cpp_pkg
[4.974s] -- Install configuration: ""
[4.975s] -- Up-to-date: /home/fra/ros2_ws/install/cpp_pkg/lib/cpp_pkg/node_cpp
[4.975s] -- Installing: /home/fra/ros2_ws/install/cpp_pkg/lib/cpp_pkg/publisher_cpp
[4.977s] -- Set runtime path of "/home/fra/ros2_ws/install/cpp_pkg/lib/cpp_pkg/publisher_cpp" to ""
[4.977s] -- Up-to-date: /home/fra/ros2_ws/install/cpp_pkg/share/ament_index/resource_index/package_run_dependencies/cpp_pkg
[4.977s] -- Installing: /home/fra/ros2_ws/install/cpp_pkg/share/ament_index/resource_index/parent_prefix_path/cpp_pkg
[4.977s] -- Up-to-date: /home/fra/ros2_ws/install/cpp_pkg/share/cpp_pkg/environment/ament_prefix_path.sh
[4.977s] -- Installing: /home/fra/ros2_ws/install/cpp_pkg/share/cpp_pkg/environment/ament_prefix_path.dsv
[4.977s] -- Up-to-date: /home/fra/ros2_ws/install/cpp_pkg/share/cpp_pkg/environment/path.sh
[4.977s] -- Installing: /home/fra/ros2_ws/install/cpp_pkg/share/cpp_pkg/environment/path.dsv
[4.977s] -- Up-to-date: /home/fra/ros2_ws/install/cpp_pkg/share/cpp_pkg/local_setup.bash
[4.977s] -- Up-to-date: /home/fra/ros2_ws/install/cpp_pkg/share/cpp_pkg/local_setup.sh
[4.978s] -- Up-to-date: /home/fra/ros2_ws/install/cpp_pkg/share/cpp_pkg/local_setup.zsh
[4.978s] -- Installing: /home/fra/ros2_ws/install/cpp_pkg/share/cpp_pkg/local_setup.dsv
[4.978s] -- Installing: /home/fra/ros2_ws/install/cpp_pkg/share/cpp_pkg/package.dsv
[4.978s] -- Up-to-date: /home/fra/ros2_ws/install/cpp_pkg/share/ament_index/resource_index/packages/cpp_pkg
[4.978s] -- Up-to-date: /home/fra/ros2_ws/install/cpp_pkg/share/cpp_pkg/cmake/cpp_pkgConfig.cmake
[4.978s] -- Up-to-date: /home/fra/ros2_ws/install/cpp_pkg/share/cpp_pkg/cmake/cpp_pkgConfig-version.cmake
[4.978s] -- Up-to-date: /home/fra/ros2_ws/install/cpp_pkg/share/cpp_pkg/package.xml
[4.979s] Invoked command in '/home/fra/ros2_ws/build/cpp_pkg' returned '0': CMAKE_PREFIX_PATH=${CMAKE_PREFIX_PATH}:/opt/ros/humble /usr/bin/cmake --install /home/fra/ros2_ws/build/cpp_pkg
