[0.521s] Invoking command in '/home/fra/ros2_ws/src/python_pkg': AMENT_PREFIX_PATH=/home/fra/ros2_ws/install/custom_interface:${AMENT_PREFIX_PATH} CMAKE_PREFIX_PATH=/home/fra/ros2_ws/install/custom_interface:${CMAKE_PREFIX_PATH} LD_LIBRARY_PATH=/home/fra/ros2_ws/install/custom_interface/lib:${LD_LIBRARY_PATH} PYTHONPATH=/home/fra/ros2_ws/build/python_pkg/prefix_override:/usr/lib/python3/dist-packages/colcon_core/task/python/colcon_distutils_commands:/home/fra/ros2_ws/install/python_pkg/lib/python3.10/site-packages:/home/fra/ros2_ws/install/custom_interface/local/lib/python3.10/dist-packages:${PYTHONPATH} /usr/bin/python3 -W ignore:setup.py install is deprecated -W ignore:easy_install command is deprecated setup.py egg_info --egg-base ../../build/python_pkg build --build-base /home/fra/ros2_ws/build/python_pkg/build install --record /home/fra/ros2_ws/build/python_pkg/install.log --single-version-externally-managed install_data
[0.733s] running egg_info
[0.734s] writing ../../build/python_pkg/python_pkg.egg-info/PKG-INFO
[0.734s] writing dependency_links to ../../build/python_pkg/python_pkg.egg-info/dependency_links.txt
[0.734s] writing entry points to ../../build/python_pkg/python_pkg.egg-info/entry_points.txt
[0.734s] writing requirements to ../../build/python_pkg/python_pkg.egg-info/requires.txt
[0.734s] writing top-level names to ../../build/python_pkg/python_pkg.egg-info/top_level.txt
[0.736s] reading manifest file '../../build/python_pkg/python_pkg.egg-info/SOURCES.txt'
[0.737s] writing manifest file '../../build/python_pkg/python_pkg.egg-info/SOURCES.txt'
[0.737s] running build
[0.737s] running build_py
[0.737s] copying python_pkg/server_py.py -> /home/fra/ros2_ws/build/python_pkg/build/lib/python_pkg
[0.737s] running install
[0.737s] running install_lib
[0.738s] copying /home/fra/ros2_ws/build/python_pkg/build/lib/python_pkg/server_py.py -> /home/fra/ros2_ws/install/python_pkg/lib/python3.10/site-packages/python_pkg
[0.738s] byte-compiling /home/fra/ros2_ws/install/python_pkg/lib/python3.10/site-packages/python_pkg/server_py.py to server_py.cpython-310.pyc
[0.739s] running install_data
[0.739s] copying package.xml -> /home/fra/ros2_ws/install/python_pkg/share/python_pkg
[0.739s] running install_egg_info
[0.740s] removing '/home/fra/ros2_ws/install/python_pkg/lib/python3.10/site-packages/python_pkg-0.0.0-py3.10.egg-info' (and everything under it)
[0.741s] Copying ../../build/python_pkg/python_pkg.egg-info to /home/fra/ros2_ws/install/python_pkg/lib/python3.10/site-packages/python_pkg-0.0.0-py3.10.egg-info
[0.741s] running install_scripts
[0.759s] Installing node_python script to /home/fra/ros2_ws/install/python_pkg/lib/python_pkg
[0.759s] Installing publisher_py script to /home/fra/ros2_ws/install/python_pkg/lib/python_pkg
[0.760s] Installing server_py.py script to /home/fra/ros2_ws/install/python_pkg/lib/python_pkg
[0.760s] Installing subscriber_py script to /home/fra/ros2_ws/install/python_pkg/lib/python_pkg
[0.760s] writing list of installed files to '/home/fra/ros2_ws/build/python_pkg/install.log'
[0.778s] Invoked command in '/home/fra/ros2_ws/src/python_pkg' returned '0': AMENT_PREFIX_PATH=/home/fra/ros2_ws/install/custom_interface:${AMENT_PREFIX_PATH} CMAKE_PREFIX_PATH=/home/fra/ros2_ws/install/custom_interface:${CMAKE_PREFIX_PATH} LD_LIBRARY_PATH=/home/fra/ros2_ws/install/custom_interface/lib:${LD_LIBRARY_PATH} PYTHONPATH=/home/fra/ros2_ws/build/python_pkg/prefix_override:/usr/lib/python3/dist-packages/colcon_core/task/python/colcon_distutils_commands:/home/fra/ros2_ws/install/python_pkg/lib/python3.10/site-packages:/home/fra/ros2_ws/install/custom_interface/local/lib/python3.10/dist-packages:${PYTHONPATH} /usr/bin/python3 -W ignore:setup.py install is deprecated -W ignore:easy_install command is deprecated setup.py egg_info --egg-base ../../build/python_pkg build --build-base /home/fra/ros2_ws/build/python_pkg/build install --record /home/fra/ros2_ws/build/python_pkg/install.log --single-version-externally-managed install_data
