[0.122s] DEBUG:colcon:Command line arguments: ['/usr/bin/colcon', 'build']
[0.122s] DEBUG:colcon:Parsed command line arguments: Namespace(log_base=None, log_level=None, verb_name='build', build_base='build', install_base='install', merge_install=False, symlink_install=False, test_result_base=None, continue_on_error=False, executor='parallel', parallel_workers=12, event_handlers=None, ignore_user_meta=False, metas=['./colcon.meta'], base_paths=['.'], packages_ignore=None, packages_ignore_regex=None, paths=None, packages_up_to=None, packages_up_to_regex=None, packages_above=None, packages_above_and_dependencies=None, packages_above_depth=None, packages_select_by_dep=None, packages_skip_by_dep=None, packages_skip_up_to=None, packages_select_build_failed=False, packages_skip_build_finished=False, packages_select_test_failures=False, packages_skip_test_passed=False, packages_select=None, packages_skip=None, packages_select_regex=None, packages_skip_regex=None, packages_start=None, packages_end=None, allow_overriding=[], cmake_args=None, cmake_target=None, cmake_target_skip_unavailable=False, cmake_clean_cache=False, cmake_clean_first=False, cmake_force_configure=False, ament_cmake_args=None, catkin_cmake_args=None, catkin_skip_building_tests=False, mixin_files=None, mixin=None, verb_parser=<colcon_mixin.mixin.mixin_argument.MixinArgumentDecorator object at 0x70efe814a530>, verb_extension=<colcon_core.verb.build.BuildVerb object at 0x70efe8149ea0>, main=<bound method BuildVerb.main of <colcon_core.verb.build.BuildVerb object at 0x70efe8149ea0>>, mixin_verb=('build',))
[0.318s] Level 1:colcon.colcon_core.package_discovery:discover_packages(colcon_meta) check parameters
[0.318s] Level 1:colcon.colcon_core.package_discovery:discover_packages(recursive) check parameters
[0.318s] Level 1:colcon.colcon_core.package_discovery:discover_packages(ignore) check parameters
[0.318s] Level 1:colcon.colcon_core.package_discovery:discover_packages(path) check parameters
[0.318s] Level 1:colcon.colcon_core.package_discovery:discover_packages(colcon_meta) discover
[0.318s] Level 1:colcon.colcon_core.package_discovery:discover_packages(recursive) discover
[0.318s] INFO:colcon.colcon_core.package_discovery:Crawling recursively for packages in '/home/fra/ros2_ws'
[0.318s] Level 1:colcon.colcon_core.package_identification:_identify(.) by extensions ['ignore', 'ignore_ament_install']
[0.318s] Level 1:colcon.colcon_core.package_identification:_identify(.) by extension 'ignore'
[0.318s] Level 1:colcon.colcon_core.package_identification:_identify(.) by extension 'ignore_ament_install'
[0.318s] Level 1:colcon.colcon_core.package_identification:_identify(.) by extensions ['colcon_pkg']
[0.318s] Level 1:colcon.colcon_core.package_identification:_identify(.) by extension 'colcon_pkg'
[0.318s] Level 1:colcon.colcon_core.package_identification:_identify(.) by extensions ['colcon_meta']
[0.318s] Level 1:colcon.colcon_core.package_identification:_identify(.) by extension 'colcon_meta'
[0.318s] Level 1:colcon.colcon_core.package_identification:_identify(.) by extensions ['ros']
[0.319s] Level 1:colcon.colcon_core.package_identification:_identify(.) by extension 'ros'
[0.330s] Level 1:colcon.colcon_core.package_identification:_identify(.) by extensions ['cmake', 'python']
[0.331s] Level 1:colcon.colcon_core.package_identification:_identify(.) by extension 'cmake'
[0.331s] Level 1:colcon.colcon_core.package_identification:_identify(.) by extension 'python'
[0.331s] Level 1:colcon.colcon_core.package_identification:_identify(.) by extensions ['python_setup_py']
[0.331s] Level 1:colcon.colcon_core.package_identification:_identify(.) by extension 'python_setup_py'
[0.331s] Level 1:colcon.colcon_core.package_identification:_identify(build) by extensions ['ignore', 'ignore_ament_install']
[0.331s] Level 1:colcon.colcon_core.package_identification:_identify(build) by extension 'ignore'
[0.331s] Level 1:colcon.colcon_core.package_identification:_identify(build) ignored
[0.331s] Level 1:colcon.colcon_core.package_identification:_identify(install) by extensions ['ignore', 'ignore_ament_install']
[0.331s] Level 1:colcon.colcon_core.package_identification:_identify(install) by extension 'ignore'
[0.331s] Level 1:colcon.colcon_core.package_identification:_identify(install) ignored
[0.331s] Level 1:colcon.colcon_core.package_identification:_identify(log) by extensions ['ignore', 'ignore_ament_install']
[0.331s] Level 1:colcon.colcon_core.package_identification:_identify(log) by extension 'ignore'
[0.332s] Level 1:colcon.colcon_core.package_identification:_identify(log) ignored
[0.332s] Level 1:colcon.colcon_core.package_identification:_identify(src) by extensions ['ignore', 'ignore_ament_install']
[0.332s] Level 1:colcon.colcon_core.package_identification:_identify(src) by extension 'ignore'
[0.332s] Level 1:colcon.colcon_core.package_identification:_identify(src) by extension 'ignore_ament_install'
[0.332s] Level 1:colcon.colcon_core.package_identification:_identify(src) by extensions ['colcon_pkg']
[0.332s] Level 1:colcon.colcon_core.package_identification:_identify(src) by extension 'colcon_pkg'
[0.332s] Level 1:colcon.colcon_core.package_identification:_identify(src) by extensions ['colcon_meta']
[0.332s] Level 1:colcon.colcon_core.package_identification:_identify(src) by extension 'colcon_meta'
[0.332s] Level 1:colcon.colcon_core.package_identification:_identify(src) by extensions ['ros']
[0.332s] Level 1:colcon.colcon_core.package_identification:_identify(src) by extension 'ros'
[0.332s] Level 1:colcon.colcon_core.package_identification:_identify(src) by extensions ['cmake', 'python']
[0.332s] Level 1:colcon.colcon_core.package_identification:_identify(src) by extension 'cmake'
[0.332s] Level 1:colcon.colcon_core.package_identification:_identify(src) by extension 'python'
[0.332s] Level 1:colcon.colcon_core.package_identification:_identify(src) by extensions ['python_setup_py']
[0.332s] Level 1:colcon.colcon_core.package_identification:_identify(src) by extension 'python_setup_py'
[0.332s] Level 1:colcon.colcon_core.package_identification:_identify(src/cpp_pkg) by extensions ['ignore', 'ignore_ament_install']
[0.333s] Level 1:colcon.colcon_core.package_identification:_identify(src/cpp_pkg) by extension 'ignore'
[0.333s] Level 1:colcon.colcon_core.package_identification:_identify(src/cpp_pkg) by extension 'ignore_ament_install'
[0.333s] Level 1:colcon.colcon_core.package_identification:_identify(src/cpp_pkg) by extensions ['colcon_pkg']
[0.333s] Level 1:colcon.colcon_core.package_identification:_identify(src/cpp_pkg) by extension 'colcon_pkg'
[0.333s] Level 1:colcon.colcon_core.package_identification:_identify(src/cpp_pkg) by extensions ['colcon_meta']
[0.333s] Level 1:colcon.colcon_core.package_identification:_identify(src/cpp_pkg) by extension 'colcon_meta'
[0.333s] Level 1:colcon.colcon_core.package_identification:_identify(src/cpp_pkg) by extensions ['ros']
[0.333s] Level 1:colcon.colcon_core.package_identification:_identify(src/cpp_pkg) by extension 'ros'
[0.336s] DEBUG:colcon.colcon_core.package_identification:Package 'src/cpp_pkg' with type 'ros.ament_cmake' and name 'cpp_pkg'
[0.336s] Level 1:colcon.colcon_core.package_identification:_identify(src/custom_interface) by extensions ['ignore', 'ignore_ament_install']
[0.336s] Level 1:colcon.colcon_core.package_identification:_identify(src/custom_interface) by extension 'ignore'
[0.336s] Level 1:colcon.colcon_core.package_identification:_identify(src/custom_interface) by extension 'ignore_ament_install'
[0.336s] Level 1:colcon.colcon_core.package_identification:_identify(src/custom_interface) by extensions ['colcon_pkg']
[0.336s] Level 1:colcon.colcon_core.package_identification:_identify(src/custom_interface) by extension 'colcon_pkg'
[0.336s] Level 1:colcon.colcon_core.package_identification:_identify(src/custom_interface) by extensions ['colcon_meta']
[0.336s] Level 1:colcon.colcon_core.package_identification:_identify(src/custom_interface) by extension 'colcon_meta'
[0.337s] Level 1:colcon.colcon_core.package_identification:_identify(src/custom_interface) by extensions ['ros']
[0.337s] Level 1:colcon.colcon_core.package_identification:_identify(src/custom_interface) by extension 'ros'
[0.337s] DEBUG:colcon.colcon_core.package_identification:Package 'src/custom_interface' with type 'ros.ament_cmake' and name 'custom_interface'
[0.337s] Level 1:colcon.colcon_core.package_identification:_identify(src/python_pkg) by extensions ['ignore', 'ignore_ament_install']
[0.337s] Level 1:colcon.colcon_core.package_identification:_identify(src/python_pkg) by extension 'ignore'
[0.337s] Level 1:colcon.colcon_core.package_identification:_identify(src/python_pkg) by extension 'ignore_ament_install'
[0.338s] Level 1:colcon.colcon_core.package_identification:_identify(src/python_pkg) by extensions ['colcon_pkg']
[0.338s] Level 1:colcon.colcon_core.package_identification:_identify(src/python_pkg) by extension 'colcon_pkg'
[0.338s] Level 1:colcon.colcon_core.package_identification:_identify(src/python_pkg) by extensions ['colcon_meta']
[0.338s] Level 1:colcon.colcon_core.package_identification:_identify(src/python_pkg) by extension 'colcon_meta'
[0.338s] Level 1:colcon.colcon_core.package_identification:_identify(src/python_pkg) by extensions ['ros']
[0.338s] Level 1:colcon.colcon_core.package_identification:_identify(src/python_pkg) by extension 'ros'
[0.339s] DEBUG:colcon.colcon_core.package_identification:Package 'src/python_pkg' with type 'ros.ament_python' and name 'python_pkg'
[0.339s] Level 1:colcon.colcon_core.package_discovery:discover_packages(recursive) using defaults
[0.339s] Level 1:colcon.colcon_core.package_discovery:discover_packages(ignore) discover
[0.339s] Level 1:colcon.colcon_core.package_discovery:discover_packages(ignore) using defaults
[0.339s] Level 1:colcon.colcon_core.package_discovery:discover_packages(path) discover
[0.339s] Level 1:colcon.colcon_core.package_discovery:discover_packages(path) using defaults
[0.374s] Level 1:colcon.colcon_core.package_discovery:discover_packages(prefix_path) check parameters
[0.374s] Level 1:colcon.colcon_core.package_discovery:discover_packages(prefix_path) discover
[0.376s] DEBUG:colcon.colcon_installed_package_information.package_discovery:Found 3 installed packages in /home/fra/ros2_ws/install
[0.378s] DEBUG:colcon.colcon_installed_package_information.package_discovery:Found 270 installed packages in /opt/ros/humble
[0.379s] Level 1:colcon.colcon_core.package_discovery:discover_packages(prefix_path) using defaults
[0.424s] Level 5:colcon.colcon_core.verb:set package 'custom_interface' build argument 'cmake_args' from command line to 'None'
[0.424s] Level 5:colcon.colcon_core.verb:set package 'custom_interface' build argument 'cmake_target' from command line to 'None'
[0.424s] Level 5:colcon.colcon_core.verb:set package 'custom_interface' build argument 'cmake_target_skip_unavailable' from command line to 'False'
[0.424s] Level 5:colcon.colcon_core.verb:set package 'custom_interface' build argument 'cmake_clean_cache' from command line to 'False'
[0.424s] Level 5:colcon.colcon_core.verb:set package 'custom_interface' build argument 'cmake_clean_first' from command line to 'False'
[0.424s] Level 5:colcon.colcon_core.verb:set package 'custom_interface' build argument 'cmake_force_configure' from command line to 'False'
[0.425s] Level 5:colcon.colcon_core.verb:set package 'custom_interface' build argument 'ament_cmake_args' from command line to 'None'
[0.425s] Level 5:colcon.colcon_core.verb:set package 'custom_interface' build argument 'catkin_cmake_args' from command line to 'None'
[0.425s] Level 5:colcon.colcon_core.verb:set package 'custom_interface' build argument 'catkin_skip_building_tests' from command line to 'False'
[0.425s] DEBUG:colcon.colcon_core.verb:Building package 'custom_interface' with the following arguments: {'ament_cmake_args': None, 'build_base': '/home/fra/ros2_ws/build/custom_interface', 'catkin_cmake_args': None, 'catkin_skip_building_tests': False, 'cmake_args': None, 'cmake_clean_cache': False, 'cmake_clean_first': False, 'cmake_force_configure': False, 'cmake_target': None, 'cmake_target_skip_unavailable': False, 'install_base': '/home/fra/ros2_ws/install/custom_interface', 'merge_install': False, 'path': '/home/fra/ros2_ws/src/custom_interface', 'symlink_install': False, 'test_result_base': None}
[0.425s] Level 5:colcon.colcon_core.verb:set package 'cpp_pkg' build argument 'cmake_args' from command line to 'None'
[0.425s] Level 5:colcon.colcon_core.verb:set package 'cpp_pkg' build argument 'cmake_target' from command line to 'None'
[0.425s] Level 5:colcon.colcon_core.verb:set package 'cpp_pkg' build argument 'cmake_target_skip_unavailable' from command line to 'False'
[0.425s] Level 5:colcon.colcon_core.verb:set package 'cpp_pkg' build argument 'cmake_clean_cache' from command line to 'False'
[0.425s] Level 5:colcon.colcon_core.verb:set package 'cpp_pkg' build argument 'cmake_clean_first' from command line to 'False'
[0.425s] Level 5:colcon.colcon_core.verb:set package 'cpp_pkg' build argument 'cmake_force_configure' from command line to 'False'
[0.425s] Level 5:colcon.colcon_core.verb:set package 'cpp_pkg' build argument 'ament_cmake_args' from command line to 'None'
[0.425s] Level 5:colcon.colcon_core.verb:set package 'cpp_pkg' build argument 'catkin_cmake_args' from command line to 'None'
[0.425s] Level 5:colcon.colcon_core.verb:set package 'cpp_pkg' build argument 'catkin_skip_building_tests' from command line to 'False'
[0.425s] DEBUG:colcon.colcon_core.verb:Building package 'cpp_pkg' with the following arguments: {'ament_cmake_args': None, 'build_base': '/home/fra/ros2_ws/build/cpp_pkg', 'catkin_cmake_args': None, 'catkin_skip_building_tests': False, 'cmake_args': None, 'cmake_clean_cache': False, 'cmake_clean_first': False, 'cmake_force_configure': False, 'cmake_target': None, 'cmake_target_skip_unavailable': False, 'install_base': '/home/fra/ros2_ws/install/cpp_pkg', 'merge_install': False, 'path': '/home/fra/ros2_ws/src/cpp_pkg', 'symlink_install': False, 'test_result_base': None}
[0.426s] Level 5:colcon.colcon_core.verb:set package 'python_pkg' build argument 'cmake_args' from command line to 'None'
[0.426s] Level 5:colcon.colcon_core.verb:set package 'python_pkg' build argument 'cmake_target' from command line to 'None'
[0.426s] Level 5:colcon.colcon_core.verb:set package 'python_pkg' build argument 'cmake_target_skip_unavailable' from command line to 'False'
[0.426s] Level 5:colcon.colcon_core.verb:set package 'python_pkg' build argument 'cmake_clean_cache' from command line to 'False'
[0.426s] Level 5:colcon.colcon_core.verb:set package 'python_pkg' build argument 'cmake_clean_first' from command line to 'False'
[0.426s] Level 5:colcon.colcon_core.verb:set package 'python_pkg' build argument 'cmake_force_configure' from command line to 'False'
[0.426s] Level 5:colcon.colcon_core.verb:set package 'python_pkg' build argument 'ament_cmake_args' from command line to 'None'
[0.426s] Level 5:colcon.colcon_core.verb:set package 'python_pkg' build argument 'catkin_cmake_args' from command line to 'None'
[0.426s] Level 5:colcon.colcon_core.verb:set package 'python_pkg' build argument 'catkin_skip_building_tests' from command line to 'False'
[0.426s] DEBUG:colcon.colcon_core.verb:Building package 'python_pkg' with the following arguments: {'ament_cmake_args': None, 'build_base': '/home/fra/ros2_ws/build/python_pkg', 'catkin_cmake_args': None, 'catkin_skip_building_tests': False, 'cmake_args': None, 'cmake_clean_cache': False, 'cmake_clean_first': False, 'cmake_force_configure': False, 'cmake_target': None, 'cmake_target_skip_unavailable': False, 'install_base': '/home/fra/ros2_ws/install/python_pkg', 'merge_install': False, 'path': '/home/fra/ros2_ws/src/python_pkg', 'symlink_install': False, 'test_result_base': None}
[0.426s] INFO:colcon.colcon_core.executor:Executing jobs using 'parallel' executor
[0.431s] DEBUG:colcon.colcon_parallel_executor.executor.parallel:run_until_complete
[0.431s] INFO:colcon.colcon_ros.task.ament_cmake.build:Building ROS package in '/home/fra/ros2_ws/src/custom_interface' with build type 'ament_cmake'
[0.431s] INFO:colcon.colcon_cmake.task.cmake.build:Building CMake package in '/home/fra/ros2_ws/src/custom_interface'
[0.433s] INFO:colcon.colcon_core.plugin_system:Skipping extension 'colcon_core.shell.bat': Not used on non-Windows systems
[0.434s] INFO:colcon.colcon_core.shell:Skip shell extension 'powershell' for command environment: Not usable outside of PowerShell
[0.434s] DEBUG:colcon.colcon_core.shell:Skip shell extension 'dsv' for command environment
[0.447s] DEBUG:colcon.colcon_core.event_handler.log_command:Invoking command in '/home/fra/ros2_ws/build/custom_interface': CMAKE_PREFIX_PATH=${CMAKE_PREFIX_PATH}:/home/fra/ros2_ws/install/python_pkg:/opt/ros/humble /usr/bin/cmake --build /home/fra/ros2_ws/build/custom_interface -- -j12 -l12
[0.876s] DEBUG:colcon.colcon_core.event_handler.log_command:Invoked command in '/home/fra/ros2_ws/build/custom_interface' returned '0': CMAKE_PREFIX_PATH=${CMAKE_PREFIX_PATH}:/home/fra/ros2_ws/install/python_pkg:/opt/ros/humble /usr/bin/cmake --build /home/fra/ros2_ws/build/custom_interface -- -j12 -l12
[0.886s] DEBUG:colcon.colcon_core.event_handler.log_command:Invoking command in '/home/fra/ros2_ws/build/custom_interface': CMAKE_PREFIX_PATH=${CMAKE_PREFIX_PATH}:/home/fra/ros2_ws/install/python_pkg:/opt/ros/humble /usr/bin/cmake --install /home/fra/ros2_ws/build/custom_interface
[0.946s] Level 1:colcon.colcon_core.environment:create_environment_scripts_only(custom_interface)
[0.953s] Level 1:colcon.colcon_core.environment:checking '/home/fra/ros2_ws/install/custom_interface' for CMake module files
[0.954s] Level 1:colcon.colcon_core.environment:checking '/home/fra/ros2_ws/install/custom_interface' for CMake config files
[0.955s] Level 1:colcon.colcon_core.shell:create_environment_hook('custom_interface', 'cmake_prefix_path')
[0.955s] INFO:colcon.colcon_core.shell:Creating environment hook '/home/fra/ros2_ws/install/custom_interface/share/custom_interface/hook/cmake_prefix_path.ps1'
[0.953s] DEBUG:colcon.colcon_core.event_handler.log_command:Invoked command in '/home/fra/ros2_ws/build/custom_interface' returned '0': CMAKE_PREFIX_PATH=${CMAKE_PREFIX_PATH}:/home/fra/ros2_ws/install/python_pkg:/opt/ros/humble /usr/bin/cmake --install /home/fra/ros2_ws/build/custom_interface
[0.956s] INFO:colcon.colcon_core.shell:Creating environment descriptor '/home/fra/ros2_ws/install/custom_interface/share/custom_interface/hook/cmake_prefix_path.dsv'
[0.957s] INFO:colcon.colcon_core.shell:Creating environment hook '/home/fra/ros2_ws/install/custom_interface/share/custom_interface/hook/cmake_prefix_path.sh'
[0.958s] Level 1:colcon.colcon_core.environment:checking '/home/fra/ros2_ws/install/custom_interface/lib'
[0.958s] Level 1:colcon.colcon_core.shell:create_environment_hook('custom_interface', 'ld_library_path_lib')
[0.959s] INFO:colcon.colcon_core.shell:Creating environment hook '/home/fra/ros2_ws/install/custom_interface/share/custom_interface/hook/ld_library_path_lib.ps1'
[0.959s] INFO:colcon.colcon_core.shell:Creating environment descriptor '/home/fra/ros2_ws/install/custom_interface/share/custom_interface/hook/ld_library_path_lib.dsv'
[0.960s] INFO:colcon.colcon_core.shell:Creating environment hook '/home/fra/ros2_ws/install/custom_interface/share/custom_interface/hook/ld_library_path_lib.sh'
[0.960s] Level 1:colcon.colcon_core.environment:checking '/home/fra/ros2_ws/install/custom_interface/bin'
[0.960s] Level 1:colcon.colcon_core.environment:checking '/home/fra/ros2_ws/install/custom_interface/lib/pkgconfig/custom_interface.pc'
[0.961s] Level 1:colcon.colcon_core.environment:checking '/home/fra/ros2_ws/install/custom_interface/lib/python3.10/site-packages'
[0.961s] Level 1:colcon.colcon_core.environment:checking '/home/fra/ros2_ws/install/custom_interface/bin'
[0.961s] INFO:colcon.colcon_core.shell:Creating package script '/home/fra/ros2_ws/install/custom_interface/share/custom_interface/package.ps1'
[0.963s] INFO:colcon.colcon_core.shell:Creating package descriptor '/home/fra/ros2_ws/install/custom_interface/share/custom_interface/package.dsv'
[0.967s] INFO:colcon.colcon_core.shell:Creating package script '/home/fra/ros2_ws/install/custom_interface/share/custom_interface/package.sh'
[0.968s] INFO:colcon.colcon_core.shell:Creating package script '/home/fra/ros2_ws/install/custom_interface/share/custom_interface/package.bash'
[0.969s] INFO:colcon.colcon_core.shell:Creating package script '/home/fra/ros2_ws/install/custom_interface/share/custom_interface/package.zsh'
[0.970s] Level 1:colcon.colcon_core.environment:create_file_with_runtime_dependencies(/home/fra/ros2_ws/install/custom_interface/share/colcon-core/packages/custom_interface)
[0.971s] Level 1:colcon.colcon_core.environment:create_environment_scripts_only(custom_interface)
[0.972s] Level 1:colcon.colcon_core.environment:checking '/home/fra/ros2_ws/install/custom_interface' for CMake module files
[0.973s] Level 1:colcon.colcon_core.environment:checking '/home/fra/ros2_ws/install/custom_interface' for CMake config files
[0.973s] Level 1:colcon.colcon_core.shell:create_environment_hook('custom_interface', 'cmake_prefix_path')
[0.973s] INFO:colcon.colcon_core.shell:Creating environment hook '/home/fra/ros2_ws/install/custom_interface/share/custom_interface/hook/cmake_prefix_path.ps1'
[0.974s] INFO:colcon.colcon_core.shell:Creating environment descriptor '/home/fra/ros2_ws/install/custom_interface/share/custom_interface/hook/cmake_prefix_path.dsv'
[0.974s] INFO:colcon.colcon_core.shell:Creating environment hook '/home/fra/ros2_ws/install/custom_interface/share/custom_interface/hook/cmake_prefix_path.sh'
[0.975s] Level 1:colcon.colcon_core.environment:checking '/home/fra/ros2_ws/install/custom_interface/lib'
[0.975s] Level 1:colcon.colcon_core.shell:create_environment_hook('custom_interface', 'ld_library_path_lib')
[0.975s] INFO:colcon.colcon_core.shell:Creating environment hook '/home/fra/ros2_ws/install/custom_interface/share/custom_interface/hook/ld_library_path_lib.ps1'
[0.976s] INFO:colcon.colcon_core.shell:Creating environment descriptor '/home/fra/ros2_ws/install/custom_interface/share/custom_interface/hook/ld_library_path_lib.dsv'
[0.976s] INFO:colcon.colcon_core.shell:Creating environment hook '/home/fra/ros2_ws/install/custom_interface/share/custom_interface/hook/ld_library_path_lib.sh'
[0.977s] Level 1:colcon.colcon_core.environment:checking '/home/fra/ros2_ws/install/custom_interface/bin'
[0.977s] Level 1:colcon.colcon_core.environment:checking '/home/fra/ros2_ws/install/custom_interface/lib/pkgconfig/custom_interface.pc'
[0.977s] Level 1:colcon.colcon_core.environment:checking '/home/fra/ros2_ws/install/custom_interface/lib/python3.10/site-packages'
[0.978s] Level 1:colcon.colcon_core.environment:checking '/home/fra/ros2_ws/install/custom_interface/bin'
[0.978s] INFO:colcon.colcon_core.shell:Creating package script '/home/fra/ros2_ws/install/custom_interface/share/custom_interface/package.ps1'
[0.979s] INFO:colcon.colcon_core.shell:Creating package descriptor '/home/fra/ros2_ws/install/custom_interface/share/custom_interface/package.dsv'
[0.980s] INFO:colcon.colcon_core.shell:Creating package script '/home/fra/ros2_ws/install/custom_interface/share/custom_interface/package.sh'
[0.980s] INFO:colcon.colcon_core.shell:Creating package script '/home/fra/ros2_ws/install/custom_interface/share/custom_interface/package.bash'
[0.981s] INFO:colcon.colcon_core.shell:Creating package script '/home/fra/ros2_ws/install/custom_interface/share/custom_interface/package.zsh'
[0.981s] Level 1:colcon.colcon_core.environment:create_file_with_runtime_dependencies(/home/fra/ros2_ws/install/custom_interface/share/colcon-core/packages/custom_interface)
[0.982s] INFO:colcon.colcon_ros.task.ament_cmake.build:Building ROS package in '/home/fra/ros2_ws/src/cpp_pkg' with build type 'ament_cmake'
[0.982s] INFO:colcon.colcon_cmake.task.cmake.build:Building CMake package in '/home/fra/ros2_ws/src/cpp_pkg'
[0.982s] INFO:colcon.colcon_core.shell:Skip shell extension 'powershell' for command environment: Not usable outside of PowerShell
[0.982s] DEBUG:colcon.colcon_core.shell:Skip shell extension 'dsv' for command environment
[0.986s] INFO:colcon.colcon_ros.task.ament_python.build:Building ROS package in '/home/fra/ros2_ws/src/python_pkg' with build type 'ament_python'
[0.987s] Level 1:colcon.colcon_core.shell:create_environment_hook('python_pkg', 'ament_prefix_path')
[0.987s] INFO:colcon.colcon_core.shell:Creating environment hook '/home/fra/ros2_ws/install/python_pkg/share/python_pkg/hook/ament_prefix_path.ps1'
[0.987s] INFO:colcon.colcon_core.shell:Creating environment descriptor '/home/fra/ros2_ws/install/python_pkg/share/python_pkg/hook/ament_prefix_path.dsv'
[0.988s] INFO:colcon.colcon_core.shell:Creating environment hook '/home/fra/ros2_ws/install/python_pkg/share/python_pkg/hook/ament_prefix_path.sh'
[0.988s] INFO:colcon.colcon_core.shell:Skip shell extension 'powershell' for command environment: Not usable outside of PowerShell
[0.988s] DEBUG:colcon.colcon_core.shell:Skip shell extension 'dsv' for command environment
[1.005s] DEBUG:colcon.colcon_core.event_handler.log_command:Invoking command in '/home/fra/ros2_ws/build/cpp_pkg': CMAKE_PREFIX_PATH=/home/fra/ros2_ws/install/custom_interface:/home/fra/ros2_ws/install/cpp_pkg:/home/fra/ros2_ws/install/python_pkg:/opt/ros/humble /usr/bin/cmake --build /home/fra/ros2_ws/build/cpp_pkg -- -j12 -l12
[1.305s] INFO:colcon.colcon_core.task.python.build:Building Python package in '/home/fra/ros2_ws/src/python_pkg'
[1.306s] INFO:colcon.colcon_core.shell:Skip shell extension 'powershell' for command environment: Not usable outside of PowerShell
[1.306s] DEBUG:colcon.colcon_core.shell:Skip shell extension 'dsv' for command environment
[1.727s] DEBUG:colcon.colcon_core.event_handler.log_command:Invoking command in '/home/fra/ros2_ws/src/python_pkg': CMAKE_PREFIX_PATH=/home/fra/ros2_ws/install/custom_interface:/home/fra/ros2_ws/install/cpp_pkg PYTHONPATH=/home/fra/ros2_ws/build/python_pkg/prefix_override:/usr/lib/python3/dist-packages/colcon_core/task/python/colcon_distutils_commands:/home/fra/ros2_ws/install/python_pkg/lib/python3.10/site-packages:${PYTHONPATH} /usr/bin/python3 -W ignore:setup.py install is deprecated -W ignore:easy_install command is deprecated setup.py egg_info --egg-base ../../build/python_pkg build --build-base /home/fra/ros2_ws/build/python_pkg/build install --record /home/fra/ros2_ws/build/python_pkg/install.log --single-version-externally-managed install_data
[2.087s] Level 1:colcon.colcon_core.environment:checking '/home/fra/ros2_ws/install/python_pkg' for CMake module files
[2.088s] Level 1:colcon.colcon_core.environment:checking '/home/fra/ros2_ws/install/python_pkg' for CMake config files
[2.088s] Level 1:colcon.colcon_core.environment:checking '/home/fra/ros2_ws/install/python_pkg/lib'
[2.088s] Level 1:colcon.colcon_core.environment:checking '/home/fra/ros2_ws/install/python_pkg/bin'
[2.089s] Level 1:colcon.colcon_core.environment:checking '/home/fra/ros2_ws/install/python_pkg/lib/pkgconfig/python_pkg.pc'
[2.089s] Level 1:colcon.colcon_core.environment:checking '/home/fra/ros2_ws/install/python_pkg/lib/python3.10/site-packages'
[2.089s] Level 1:colcon.colcon_core.shell:create_environment_hook('python_pkg', 'pythonpath')
[2.089s] INFO:colcon.colcon_core.shell:Creating environment hook '/home/fra/ros2_ws/install/python_pkg/share/python_pkg/hook/pythonpath.ps1'
[2.091s] DEBUG:colcon.colcon_core.event_handler.log_command:Invoked command in '/home/fra/ros2_ws/src/python_pkg' returned '0': CMAKE_PREFIX_PATH=/home/fra/ros2_ws/install/custom_interface:/home/fra/ros2_ws/install/cpp_pkg PYTHONPATH=/home/fra/ros2_ws/build/python_pkg/prefix_override:/usr/lib/python3/dist-packages/colcon_core/task/python/colcon_distutils_commands:/home/fra/ros2_ws/install/python_pkg/lib/python3.10/site-packages:${PYTHONPATH} /usr/bin/python3 -W ignore:setup.py install is deprecated -W ignore:easy_install command is deprecated setup.py egg_info --egg-base ../../build/python_pkg build --build-base /home/fra/ros2_ws/build/python_pkg/build install --record /home/fra/ros2_ws/build/python_pkg/install.log --single-version-externally-managed install_data
[2.091s] INFO:colcon.colcon_core.shell:Creating environment descriptor '/home/fra/ros2_ws/install/python_pkg/share/python_pkg/hook/pythonpath.dsv'
[2.092s] INFO:colcon.colcon_core.shell:Creating environment hook '/home/fra/ros2_ws/install/python_pkg/share/python_pkg/hook/pythonpath.sh'
[2.093s] Level 1:colcon.colcon_core.environment:checking '/home/fra/ros2_ws/install/python_pkg/bin'
[2.093s] Level 1:colcon.colcon_core.environment:create_environment_scripts_only(python_pkg)
[2.093s] INFO:colcon.colcon_core.shell:Creating package script '/home/fra/ros2_ws/install/python_pkg/share/python_pkg/package.ps1'
[2.095s] INFO:colcon.colcon_core.shell:Creating package descriptor '/home/fra/ros2_ws/install/python_pkg/share/python_pkg/package.dsv'
[2.096s] INFO:colcon.colcon_core.shell:Creating package script '/home/fra/ros2_ws/install/python_pkg/share/python_pkg/package.sh'
[2.097s] INFO:colcon.colcon_core.shell:Creating package script '/home/fra/ros2_ws/install/python_pkg/share/python_pkg/package.bash'
[2.098s] INFO:colcon.colcon_core.shell:Creating package script '/home/fra/ros2_ws/install/python_pkg/share/python_pkg/package.zsh'
[2.099s] Level 1:colcon.colcon_core.environment:create_file_with_runtime_dependencies(/home/fra/ros2_ws/install/python_pkg/share/colcon-core/packages/python_pkg)
[6.006s] DEBUG:colcon.colcon_core.event_handler.log_command:Invoked command in '/home/fra/ros2_ws/build/cpp_pkg' returned '0': CMAKE_PREFIX_PATH=/home/fra/ros2_ws/install/custom_interface:/home/fra/ros2_ws/install/cpp_pkg:/home/fra/ros2_ws/install/python_pkg:/opt/ros/humble /usr/bin/cmake --build /home/fra/ros2_ws/build/cpp_pkg -- -j12 -l12
[6.009s] DEBUG:colcon.colcon_core.event_handler.log_command:Invoking command in '/home/fra/ros2_ws/build/cpp_pkg': CMAKE_PREFIX_PATH=/home/fra/ros2_ws/install/custom_interface:/home/fra/ros2_ws/install/cpp_pkg:/home/fra/ros2_ws/install/python_pkg:/opt/ros/humble /usr/bin/cmake --install /home/fra/ros2_ws/build/cpp_pkg
[6.021s] Level 1:colcon.colcon_core.environment:create_environment_scripts_only(cpp_pkg)
[6.021s] Level 1:colcon.colcon_core.environment:checking '/home/fra/ros2_ws/install/cpp_pkg' for CMake module files
[6.022s] Level 1:colcon.colcon_core.environment:checking '/home/fra/ros2_ws/install/cpp_pkg' for CMake config files
[6.022s] Level 1:colcon.colcon_core.shell:create_environment_hook('cpp_pkg', 'cmake_prefix_path')
[6.022s] INFO:colcon.colcon_core.shell:Creating environment hook '/home/fra/ros2_ws/install/cpp_pkg/share/cpp_pkg/hook/cmake_prefix_path.ps1'
[6.023s] INFO:colcon.colcon_core.shell:Creating environment descriptor '/home/fra/ros2_ws/install/cpp_pkg/share/cpp_pkg/hook/cmake_prefix_path.dsv'
[6.023s] INFO:colcon.colcon_core.shell:Creating environment hook '/home/fra/ros2_ws/install/cpp_pkg/share/cpp_pkg/hook/cmake_prefix_path.sh'
[6.024s] Level 1:colcon.colcon_core.environment:checking '/home/fra/ros2_ws/install/cpp_pkg/lib'
[6.025s] Level 1:colcon.colcon_core.environment:checking '/home/fra/ros2_ws/install/cpp_pkg/bin'
[6.025s] Level 1:colcon.colcon_core.environment:checking '/home/fra/ros2_ws/install/cpp_pkg/lib/pkgconfig/cpp_pkg.pc'
[6.025s] Level 1:colcon.colcon_core.environment:checking '/home/fra/ros2_ws/install/cpp_pkg/lib/python3.10/site-packages'
[6.025s] Level 1:colcon.colcon_core.environment:checking '/home/fra/ros2_ws/install/cpp_pkg/bin'
[6.025s] INFO:colcon.colcon_core.shell:Creating package script '/home/fra/ros2_ws/install/cpp_pkg/share/cpp_pkg/package.ps1'
[6.027s] DEBUG:colcon.colcon_core.event_handler.log_command:Invoked command in '/home/fra/ros2_ws/build/cpp_pkg' returned '0': CMAKE_PREFIX_PATH=/home/fra/ros2_ws/install/custom_interface:/home/fra/ros2_ws/install/cpp_pkg:/home/fra/ros2_ws/install/python_pkg:/opt/ros/humble /usr/bin/cmake --install /home/fra/ros2_ws/build/cpp_pkg
[6.027s] INFO:colcon.colcon_core.shell:Creating package descriptor '/home/fra/ros2_ws/install/cpp_pkg/share/cpp_pkg/package.dsv'
[6.028s] INFO:colcon.colcon_core.shell:Creating package script '/home/fra/ros2_ws/install/cpp_pkg/share/cpp_pkg/package.sh'
[6.028s] INFO:colcon.colcon_core.shell:Creating package script '/home/fra/ros2_ws/install/cpp_pkg/share/cpp_pkg/package.bash'
[6.029s] INFO:colcon.colcon_core.shell:Creating package script '/home/fra/ros2_ws/install/cpp_pkg/share/cpp_pkg/package.zsh'
[6.029s] Level 1:colcon.colcon_core.environment:create_file_with_runtime_dependencies(/home/fra/ros2_ws/install/cpp_pkg/share/colcon-core/packages/cpp_pkg)
[6.030s] Level 1:colcon.colcon_core.environment:create_environment_scripts_only(cpp_pkg)
[6.030s] Level 1:colcon.colcon_core.environment:checking '/home/fra/ros2_ws/install/cpp_pkg' for CMake module files
[6.031s] Level 1:colcon.colcon_core.environment:checking '/home/fra/ros2_ws/install/cpp_pkg' for CMake config files
[6.031s] Level 1:colcon.colcon_core.shell:create_environment_hook('cpp_pkg', 'cmake_prefix_path')
[6.031s] INFO:colcon.colcon_core.shell:Creating environment hook '/home/fra/ros2_ws/install/cpp_pkg/share/cpp_pkg/hook/cmake_prefix_path.ps1'
[6.032s] INFO:colcon.colcon_core.shell:Creating environment descriptor '/home/fra/ros2_ws/install/cpp_pkg/share/cpp_pkg/hook/cmake_prefix_path.dsv'
[6.032s] INFO:colcon.colcon_core.shell:Creating environment hook '/home/fra/ros2_ws/install/cpp_pkg/share/cpp_pkg/hook/cmake_prefix_path.sh'
[6.034s] Level 1:colcon.colcon_core.environment:checking '/home/fra/ros2_ws/install/cpp_pkg/lib'
[6.034s] Level 1:colcon.colcon_core.environment:checking '/home/fra/ros2_ws/install/cpp_pkg/bin'
[6.034s] Level 1:colcon.colcon_core.environment:checking '/home/fra/ros2_ws/install/cpp_pkg/lib/pkgconfig/cpp_pkg.pc'
[6.034s] Level 1:colcon.colcon_core.environment:checking '/home/fra/ros2_ws/install/cpp_pkg/lib/python3.10/site-packages'
[6.035s] Level 1:colcon.colcon_core.environment:checking '/home/fra/ros2_ws/install/cpp_pkg/bin'
[6.035s] INFO:colcon.colcon_core.shell:Creating package script '/home/fra/ros2_ws/install/cpp_pkg/share/cpp_pkg/package.ps1'
[6.035s] INFO:colcon.colcon_core.shell:Creating package descriptor '/home/fra/ros2_ws/install/cpp_pkg/share/cpp_pkg/package.dsv'
[6.036s] INFO:colcon.colcon_core.shell:Creating package script '/home/fra/ros2_ws/install/cpp_pkg/share/cpp_pkg/package.sh'
[6.036s] INFO:colcon.colcon_core.shell:Creating package script '/home/fra/ros2_ws/install/cpp_pkg/share/cpp_pkg/package.bash'
[6.038s] INFO:colcon.colcon_core.shell:Creating package script '/home/fra/ros2_ws/install/cpp_pkg/share/cpp_pkg/package.zsh'
[6.039s] Level 1:colcon.colcon_core.environment:create_file_with_runtime_dependencies(/home/fra/ros2_ws/install/cpp_pkg/share/colcon-core/packages/cpp_pkg)
[6.039s] DEBUG:colcon.colcon_parallel_executor.executor.parallel:closing loop
[6.039s] DEBUG:colcon.colcon_parallel_executor.executor.parallel:loop closed
[6.039s] DEBUG:colcon.colcon_parallel_executor.executor.parallel:run_until_complete finished with '0'
[6.039s] DEBUG:colcon.colcon_core.event_reactor:joining thread
[6.045s] INFO:colcon.colcon_core.plugin_system:Skipping extension 'colcon_notification.desktop_notification.terminal_notifier': Not used on non-Darwin systems
[6.045s] INFO:colcon.colcon_core.plugin_system:Skipping extension 'colcon_notification.desktop_notification.win32': Not used on non-Windows systems
[6.045s] INFO:colcon.colcon_notification.desktop_notification:Sending desktop notification using 'notify2'
[6.065s] DEBUG:colcon.colcon_core.event_reactor:joined thread
[6.066s] INFO:colcon.colcon_core.shell:Creating prefix script '/home/fra/ros2_ws/install/local_setup.ps1'
[6.068s] INFO:colcon.colcon_core.shell:Creating prefix util module '/home/fra/ros2_ws/install/_local_setup_util_ps1.py'
[6.069s] INFO:colcon.colcon_core.shell:Creating prefix chain script '/home/fra/ros2_ws/install/setup.ps1'
[6.070s] INFO:colcon.colcon_core.shell:Creating prefix script '/home/fra/ros2_ws/install/local_setup.sh'
[6.071s] INFO:colcon.colcon_core.shell:Creating prefix util module '/home/fra/ros2_ws/install/_local_setup_util_sh.py'
[6.071s] INFO:colcon.colcon_core.shell:Creating prefix chain script '/home/fra/ros2_ws/install/setup.sh'
[6.072s] INFO:colcon.colcon_core.shell:Creating prefix script '/home/fra/ros2_ws/install/local_setup.bash'
[6.074s] INFO:colcon.colcon_core.shell:Creating prefix chain script '/home/fra/ros2_ws/install/setup.bash'
[6.075s] INFO:colcon.colcon_core.shell:Creating prefix script '/home/fra/ros2_ws/install/local_setup.zsh'
[6.076s] INFO:colcon.colcon_core.shell:Creating prefix chain script '/home/fra/ros2_ws/install/setup.zsh'
