[0.702s] Invoking command in '/home/fra/ros2_ws/src/python_pkg': CMAKE_PREFIX_PATH=/home/fra/ros2_ws/install/custom_interface:/home/fra/ros2_ws/install/cpp_pkg PYTHONPATH=/home/fra/ros2_ws/build/python_pkg/prefix_override:/usr/lib/python3/dist-packages/colcon_core/task/python/colcon_distutils_commands:/home/fra/ros2_ws/install/python_pkg/lib/python3.10/site-packages:${PYTHONPATH} /usr/bin/python3 -W ignore:setup.py install is deprecated -W ignore:easy_install command is deprecated setup.py egg_info --egg-base ../../build/python_pkg build --build-base /home/fra/ros2_ws/build/python_pkg/build install --record /home/fra/ros2_ws/build/python_pkg/install.log --single-version-externally-managed install_data
[0.956s] running egg_info
[0.956s] writing ../../build/python_pkg/python_pkg.egg-info/PKG-INFO
[0.967s] writing dependency_links to ../../build/python_pkg/python_pkg.egg-info/dependency_links.txt
[0.968s] writing entry points to ../../build/python_pkg/python_pkg.egg-info/entry_points.txt
[0.968s] writing requirements to ../../build/python_pkg/python_pkg.egg-info/requires.txt
[0.968s] writing top-level names to ../../build/python_pkg/python_pkg.egg-info/top_level.txt
[0.969s] reading manifest file '../../build/python_pkg/python_pkg.egg-info/SOURCES.txt'
[0.971s] writing manifest file '../../build/python_pkg/python_pkg.egg-info/SOURCES.txt'
[0.971s] running build
[0.971s] running build_py
[0.971s] copying python_pkg/publisher_py.py -> /home/fra/ros2_ws/build/python_pkg/build/lib/python_pkg
[0.971s] running install
[0.972s] running install_lib
[0.972s] copying /home/fra/ros2_ws/build/python_pkg/build/lib/python_pkg/publisher_py.py -> /home/fra/ros2_ws/install/python_pkg/lib/python3.10/site-packages/python_pkg
[0.973s] byte-compiling /home/fra/ros2_ws/install/python_pkg/lib/python3.10/site-packages/python_pkg/publisher_py.py to publisher_py.cpython-310.pyc
[0.974s] running install_data
[0.974s] running install_egg_info
[0.975s] removing '/home/fra/ros2_ws/install/python_pkg/lib/python3.10/site-packages/python_pkg-0.0.0-py3.10.egg-info' (and everything under it)
[0.975s] Copying ../../build/python_pkg/python_pkg.egg-info to /home/fra/ros2_ws/install/python_pkg/lib/python3.10/site-packages/python_pkg-0.0.0-py3.10.egg-info
[0.976s] running install_scripts
[0.995s] Installing node_python script to /home/fra/ros2_ws/install/python_pkg/lib/python_pkg
[0.995s] Installing publisher_py script to /home/fra/ros2_ws/install/python_pkg/lib/python_pkg
[0.995s] Installing server_py script to /home/fra/ros2_ws/install/python_pkg/lib/python_pkg
[0.995s] Installing subscriber_py script to /home/fra/ros2_ws/install/python_pkg/lib/python_pkg
[0.996s] writing list of installed files to '/home/fra/ros2_ws/build/python_pkg/install.log'
[1.022s] Invoked command in '/home/fra/ros2_ws/src/python_pkg' returned '0': CMAKE_PREFIX_PATH=/home/fra/ros2_ws/install/custom_interface:/home/fra/ros2_ws/install/cpp_pkg PYTHONPATH=/home/fra/ros2_ws/build/python_pkg/prefix_override:/usr/lib/python3/dist-packages/colcon_core/task/python/colcon_distutils_commands:/home/fra/ros2_ws/install/python_pkg/lib/python3.10/site-packages:${PYTHONPATH} /usr/bin/python3 -W ignore:setup.py install is deprecated -W ignore:easy_install command is deprecated setup.py egg_info --egg-base ../../build/python_pkg build --build-base /home/fra/ros2_ws/build/python_pkg/build install --record /home/fra/ros2_ws/build/python_pkg/install.log --single-version-externally-managed install_data
