[0.015s] Invoking command in '/home/fra/ros2_ws/build/custom_interface': CMAKE_PREFIX_PATH=${CMAKE_PREFIX_PATH}:/home/fra/ros2_ws/install/python_pkg:/opt/ros/humble /usr/bin/cmake /home/fra/ros2_ws/src/custom_interface -DCMAKE_INSTALL_PREFIX=/home/fra/ros2_ws/install/custom_interface
[0.097s] -- The C compiler identification is GNU 11.4.0
[0.171s] -- The CXX compiler identification is GNU 11.4.0
[0.180s] -- Detecting C compiler ABI info
[0.245s] -- Detecting C compiler ABI info - done
[0.253s] -- Check for working C compiler: /usr/bin/cc - skipped
[0.253s] -- Detecting C compile features
[0.254s] -- Detecting C compile features - done
[0.257s] -- Detecting CXX compiler ABI info
[0.338s] -- Detecting CXX compiler ABI info - done
[0.347s] -- Check for working CXX compiler: /usr/bin/c++ - skipped
[0.347s] -- Detecting CXX compile features
[0.348s] -- Detecting CXX compile features - done
[0.351s] -- Found ament_cmake: 1.3.11 (/opt/ros/humble/share/ament_cmake/cmake)
[0.506s] -- Found Python3: /usr/bin/python3 (found version "3.10.12") found components: Interpreter 
[0.603s] -- Found rosidl_default_generators: 1.2.0 (/opt/ros/humble/share/rosidl_default_generators/cmake)
[0.607s] -- Using all available rosidl_typesupport_c: rosidl_typesupport_fastrtps_c;rosidl_typesupport_introspection_c
[0.614s] -- Found rosidl_adapter: 3.1.6 (/opt/ros/humble/share/rosidl_adapter/cmake)
[0.663s] -- Using all available rosidl_typesupport_cpp: rosidl_typesupport_fastrtps_cpp;rosidl_typesupport_introspection_cpp
[0.958s] -- Found ament_cmake_ros: 0.10.0 (/opt/ros/humble/share/ament_cmake_ros/cmake)
[1.149s] -- Using all available rosidl_typesupport_c: rosidl_typesupport_fastrtps_c;rosidl_typesupport_introspection_c
[1.393s] -- Using all available rosidl_typesupport_cpp: rosidl_typesupport_fastrtps_cpp;rosidl_typesupport_introspection_cpp
[1.417s] -- Found PythonInterp: /usr/bin/python3 (found suitable version "3.10.12", minimum required is "3.6") 
[1.419s] -- Found python_cmake_module: 0.10.0 (/opt/ros/humble/share/python_cmake_module/cmake)
[1.446s] -- Found PythonLibs: /usr/lib/x86_64-linux-gnu/libpython3.10.so (found suitable version "3.10.12", minimum required is "3.5") 
[1.446s] -- Using PYTHON_EXECUTABLE: /usr/bin/python3
[1.446s] -- Using PYTHON_INCLUDE_DIRS: /usr/include/python3.10
[1.446s] -- Using PYTHON_LIBRARIES: /usr/lib/x86_64-linux-gnu/libpython3.10.so
[1.469s] -- Found PythonExtra: .so  
[1.503s] -- Found ament_lint_auto: 0.12.11 (/opt/ros/humble/share/ament_lint_auto/cmake)
[1.526s] -- Added test 'lint_cmake' to check CMake code style
[1.528s] -- Added test 'xmllint' to check XML markup files
[1.531s] -- Configuring done
[1.556s] -- Generating done
[1.566s] -- Build files have been written to: /home/fra/ros2_ws/build/custom_interface
[1.571s] Invoked command in '/home/fra/ros2_ws/build/custom_interface' returned '0': CMAKE_PREFIX_PATH=${CMAKE_PREFIX_PATH}:/home/fra/ros2_ws/install/python_pkg:/opt/ros/humble /usr/bin/cmake /home/fra/ros2_ws/src/custom_interface -DCMAKE_INSTALL_PREFIX=/home/fra/ros2_ws/install/custom_interface
[1.572s] Invoking command in '/home/fra/ros2_ws/build/custom_interface': CMAKE_PREFIX_PATH=${CMAKE_PREFIX_PATH}:/home/fra/ros2_ws/install/python_pkg:/opt/ros/humble /usr/bin/cmake --build /home/fra/ros2_ws/build/custom_interface -- -j12 -l12
[1.609s] [  3%] [34m[1mGenerating C code for ROS interfaces[0m
[1.619s] [  6%] [34m[1mGenerating C++ code for ROS interfaces[0m
[1.627s] [  6%] Built target ament_cmake_python_copy_custom_interface
[1.871s] running egg_info
[1.872s] creating custom_interface.egg-info
[1.872s] writing custom_interface.egg-info/PKG-INFO
[1.872s] writing dependency_links to custom_interface.egg-info/dependency_links.txt
[1.873s] writing top-level names to custom_interface.egg-info/top_level.txt
[1.873s] writing manifest file 'custom_interface.egg-info/SOURCES.txt'
[1.875s] reading manifest file 'custom_interface.egg-info/SOURCES.txt'
[1.876s] writing manifest file 'custom_interface.egg-info/SOURCES.txt'
[1.907s] [  6%] Built target custom_interface__cpp
[1.907s] [  9%] [32mBuilding C object CMakeFiles/custom_interface__rosidl_generator_c.dir/rosidl_generator_c/custom_interface/srv/detail/reset_counter__functions.c.o[0m
[1.914s] [  9%] Built target ament_cmake_python_build_custom_interface_egg
[1.916s] [ 19%] [34m[1mGenerating C++ type support for eProsima Fast-RTPS[0m
[1.917s] [ 19%] [34m[1mGenerating C++ type support dispatch for ROS interfaces[0m
[1.917s] [ 19%] [34m[1mGenerating C++ introspection for ROS interfaces[0m
[1.969s] [ 22%] [32m[1mLinking C shared library libcustom_interface__rosidl_generator_c.so[0m
[2.005s] [ 22%] Built target custom_interface__rosidl_generator_c
[2.014s] [ 32%] [34m[1mGenerating C introspection for ROS interfaces[0m
[2.015s] [ 32%] [34m[1mGenerating C type support for eProsima Fast-RTPS[0m
[2.015s] [ 32%] [34m[1mGenerating C type support dispatch for ROS interfaces[0m
[2.177s] [ 35%] [32mBuilding CXX object CMakeFiles/custom_interface__rosidl_typesupport_cpp.dir/rosidl_typesupport_cpp/custom_interface/srv/reset_counter__type_support.cpp.o[0m
[2.194s] [ 38%] [32mBuilding CXX object CMakeFiles/custom_interface__rosidl_typesupport_introspection_cpp.dir/rosidl_typesupport_introspection_cpp/custom_interface/srv/detail/reset_counter__type_support.cpp.o[0m
[2.257s] [ 41%] [32mBuilding CXX object CMakeFiles/custom_interface__rosidl_typesupport_c.dir/rosidl_typesupport_c/custom_interface/srv/reset_counter__type_support.cpp.o[0m
[2.290s] [ 45%] [32m[1mLinking CXX shared library libcustom_interface__rosidl_typesupport_c.so[0m
[2.295s] [ 48%] [32mBuilding CXX object CMakeFiles/custom_interface__rosidl_typesupport_fastrtps_cpp.dir/rosidl_typesupport_fastrtps_cpp/custom_interface/srv/detail/dds_fastrtps/reset_counter__type_support.cpp.o[0m
[2.309s] [ 51%] [32mBuilding C object CMakeFiles/custom_interface__rosidl_typesupport_introspection_c.dir/rosidl_typesupport_introspection_c/custom_interface/srv/detail/reset_counter__type_support.c.o[0m
[2.336s] [ 51%] Built target custom_interface__rosidl_typesupport_c
[2.347s] [ 54%] [32m[1mLinking C shared library libcustom_interface__rosidl_typesupport_introspection_c.so[0m
[2.377s] [ 54%] Built target custom_interface__rosidl_typesupport_introspection_c
[2.388s] [ 58%] [32mBuilding CXX object CMakeFiles/custom_interface__rosidl_typesupport_fastrtps_c.dir/rosidl_typesupport_fastrtps_c/custom_interface/srv/detail/reset_counter__type_support_c.cpp.o[0m
[2.480s] [ 61%] [32m[1mLinking CXX shared library libcustom_interface__rosidl_typesupport_cpp.so[0m
[2.521s] [ 61%] Built target custom_interface__rosidl_typesupport_cpp
[2.615s] [ 64%] [32m[1mLinking CXX shared library libcustom_interface__rosidl_typesupport_introspection_cpp.so[0m
[2.655s] [ 64%] Built target custom_interface__rosidl_typesupport_introspection_cpp
[2.730s] [ 67%] [32m[1mLinking CXX shared library libcustom_interface__rosidl_typesupport_fastrtps_cpp.so[0m
[2.758s] [ 70%] [32m[1mLinking CXX shared library libcustom_interface__rosidl_typesupport_fastrtps_c.so[0m
[2.813s] [ 70%] Built target custom_interface__rosidl_typesupport_fastrtps_cpp
[2.840s] [ 70%] Built target custom_interface__rosidl_typesupport_fastrtps_c
[2.859s] [ 70%] Built target custom_interface
[2.878s] [ 74%] [34m[1mGenerating Python code for ROS interfaces[0m
[3.247s] [ 74%] Built target custom_interface__py
[3.267s] [ 77%] [32mBuilding C object CMakeFiles/custom_interface__rosidl_generator_py.dir/rosidl_generator_py/custom_interface/srv/_reset_counter_s.c.o[0m
[3.374s] [ 80%] [32m[1mLinking C shared library rosidl_generator_py/custom_interface/libcustom_interface__rosidl_generator_py.so[0m
[3.411s] [ 80%] Built target custom_interface__rosidl_generator_py
[3.430s] [ 90%] [32mBuilding C object CMakeFiles/custom_interface__rosidl_typesupport_c__pyext.dir/rosidl_generator_py/custom_interface/_custom_interface_s.ep.rosidl_typesupport_c.c.o[0m
[3.430s] [ 90%] [32mBuilding C object CMakeFiles/custom_interface__rosidl_typesupport_introspection_c__pyext.dir/rosidl_generator_py/custom_interface/_custom_interface_s.ep.rosidl_typesupport_introspection_c.c.o[0m
[3.431s] [ 90%] [32mBuilding C object CMakeFiles/custom_interface__rosidl_typesupport_fastrtps_c__pyext.dir/rosidl_generator_py/custom_interface/_custom_interface_s.ep.rosidl_typesupport_fastrtps_c.c.o[0m
[3.523s] [ 93%] [32m[1mLinking C shared library rosidl_generator_py/custom_interface/custom_interface_s__rosidl_typesupport_c.cpython-310-x86_64-linux-gnu.so[0m
[3.524s] [ 96%] [32m[1mLinking C shared library rosidl_generator_py/custom_interface/custom_interface_s__rosidl_typesupport_introspection_c.cpython-310-x86_64-linux-gnu.so[0m
[3.526s] [100%] [32m[1mLinking C shared library rosidl_generator_py/custom_interface/custom_interface_s__rosidl_typesupport_fastrtps_c.cpython-310-x86_64-linux-gnu.so[0m
[3.555s] [100%] Built target custom_interface__rosidl_typesupport_introspection_c__pyext
[3.556s] [100%] Built target custom_interface__rosidl_typesupport_c__pyext
[3.557s] [100%] Built target custom_interface__rosidl_typesupport_fastrtps_c__pyext
[3.569s] Invoked command in '/home/fra/ros2_ws/build/custom_interface' returned '0': CMAKE_PREFIX_PATH=${CMAKE_PREFIX_PATH}:/home/fra/ros2_ws/install/python_pkg:/opt/ros/humble /usr/bin/cmake --build /home/fra/ros2_ws/build/custom_interface -- -j12 -l12
[3.570s] Invoking command in '/home/fra/ros2_ws/build/custom_interface': CMAKE_PREFIX_PATH=${CMAKE_PREFIX_PATH}:/home/fra/ros2_ws/install/python_pkg:/opt/ros/humble /usr/bin/cmake --install /home/fra/ros2_ws/build/custom_interface
[3.577s] -- Install configuration: ""
[3.578s] -- Installing: /home/fra/ros2_ws/install/custom_interface/share/ament_index/resource_index/rosidl_interfaces/custom_interface
[3.578s] -- Installing: /home/fra/ros2_ws/install/custom_interface/include/custom_interface/custom_interface
[3.578s] -- Installing: /home/fra/ros2_ws/install/custom_interface/include/custom_interface/custom_interface/msg
[3.578s] -- Installing: /home/fra/ros2_ws/install/custom_interface/include/custom_interface/custom_interface/msg/rosidl_generator_c__visibility_control.h
[3.578s] -- Installing: /home/fra/ros2_ws/install/custom_interface/include/custom_interface/custom_interface/srv
[3.578s] -- Installing: /home/fra/ros2_ws/install/custom_interface/include/custom_interface/custom_interface/srv/reset_counter.h
[3.578s] -- Installing: /home/fra/ros2_ws/install/custom_interface/include/custom_interface/custom_interface/srv/detail
[3.578s] -- Installing: /home/fra/ros2_ws/install/custom_interface/include/custom_interface/custom_interface/srv/detail/reset_counter__struct.h
[3.578s] -- Installing: /home/fra/ros2_ws/install/custom_interface/include/custom_interface/custom_interface/srv/detail/reset_counter__functions.h
[3.579s] -- Installing: /home/fra/ros2_ws/install/custom_interface/include/custom_interface/custom_interface/srv/detail/reset_counter__functions.c
[3.579s] -- Installing: /home/fra/ros2_ws/install/custom_interface/include/custom_interface/custom_interface/srv/detail/reset_counter__type_support.h
[3.579s] -- Installing: /home/fra/ros2_ws/install/custom_interface/share/custom_interface/environment/library_path.sh
[3.579s] -- Installing: /home/fra/ros2_ws/install/custom_interface/share/custom_interface/environment/library_path.dsv
[3.579s] -- Installing: /home/fra/ros2_ws/install/custom_interface/lib/libcustom_interface__rosidl_generator_c.so
[3.579s] -- Set runtime path of "/home/fra/ros2_ws/install/custom_interface/lib/libcustom_interface__rosidl_generator_c.so" to ""
[3.579s] -- Up-to-date: /home/fra/ros2_ws/install/custom_interface/include/custom_interface/custom_interface
[3.579s] -- Up-to-date: /home/fra/ros2_ws/install/custom_interface/include/custom_interface/custom_interface/msg
[3.579s] -- Installing: /home/fra/ros2_ws/install/custom_interface/include/custom_interface/custom_interface/msg/rosidl_typesupport_fastrtps_c__visibility_control.h
[3.580s] -- Up-to-date: /home/fra/ros2_ws/install/custom_interface/include/custom_interface/custom_interface/srv
[3.580s] -- Up-to-date: /home/fra/ros2_ws/install/custom_interface/include/custom_interface/custom_interface/srv/detail
[3.580s] -- Installing: /home/fra/ros2_ws/install/custom_interface/include/custom_interface/custom_interface/srv/detail/reset_counter__rosidl_typesupport_fastrtps_c.h
[3.580s] -- Installing: /home/fra/ros2_ws/install/custom_interface/lib/libcustom_interface__rosidl_typesupport_fastrtps_c.so
[3.580s] -- Set runtime path of "/home/fra/ros2_ws/install/custom_interface/lib/libcustom_interface__rosidl_typesupport_fastrtps_c.so" to ""
[3.580s] -- Up-to-date: /home/fra/ros2_ws/install/custom_interface/include/custom_interface/custom_interface
[3.580s] -- Up-to-date: /home/fra/ros2_ws/install/custom_interface/include/custom_interface/custom_interface/msg
[3.580s] -- Installing: /home/fra/ros2_ws/install/custom_interface/include/custom_interface/custom_interface/msg/rosidl_typesupport_introspection_c__visibility_control.h
[3.580s] -- Up-to-date: /home/fra/ros2_ws/install/custom_interface/include/custom_interface/custom_interface/srv
[3.580s] -- Up-to-date: /home/fra/ros2_ws/install/custom_interface/include/custom_interface/custom_interface/srv/detail
[3.580s] -- Installing: /home/fra/ros2_ws/install/custom_interface/include/custom_interface/custom_interface/srv/detail/reset_counter__type_support.c
[3.580s] -- Installing: /home/fra/ros2_ws/install/custom_interface/include/custom_interface/custom_interface/srv/detail/reset_counter__rosidl_typesupport_introspection_c.h
[3.581s] -- Installing: /home/fra/ros2_ws/install/custom_interface/lib/libcustom_interface__rosidl_typesupport_introspection_c.so
[3.581s] -- Set runtime path of "/home/fra/ros2_ws/install/custom_interface/lib/libcustom_interface__rosidl_typesupport_introspection_c.so" to ""
[3.581s] -- Installing: /home/fra/ros2_ws/install/custom_interface/lib/libcustom_interface__rosidl_typesupport_c.so
[3.581s] -- Set runtime path of "/home/fra/ros2_ws/install/custom_interface/lib/libcustom_interface__rosidl_typesupport_c.so" to ""
[3.581s] -- Up-to-date: /home/fra/ros2_ws/install/custom_interface/include/custom_interface/custom_interface
[3.581s] -- Up-to-date: /home/fra/ros2_ws/install/custom_interface/include/custom_interface/custom_interface/msg
[3.581s] -- Installing: /home/fra/ros2_ws/install/custom_interface/include/custom_interface/custom_interface/msg/rosidl_generator_cpp__visibility_control.hpp
[3.581s] -- Up-to-date: /home/fra/ros2_ws/install/custom_interface/include/custom_interface/custom_interface/srv
[3.581s] -- Installing: /home/fra/ros2_ws/install/custom_interface/include/custom_interface/custom_interface/srv/reset_counter.hpp
[3.581s] -- Up-to-date: /home/fra/ros2_ws/install/custom_interface/include/custom_interface/custom_interface/srv/detail
[3.582s] -- Installing: /home/fra/ros2_ws/install/custom_interface/include/custom_interface/custom_interface/srv/detail/reset_counter__type_support.hpp
[3.582s] -- Installing: /home/fra/ros2_ws/install/custom_interface/include/custom_interface/custom_interface/srv/detail/reset_counter__struct.hpp
[3.582s] -- Installing: /home/fra/ros2_ws/install/custom_interface/include/custom_interface/custom_interface/srv/detail/reset_counter__traits.hpp
[3.582s] -- Installing: /home/fra/ros2_ws/install/custom_interface/include/custom_interface/custom_interface/srv/detail/reset_counter__builder.hpp
[3.582s] -- Up-to-date: /home/fra/ros2_ws/install/custom_interface/include/custom_interface/custom_interface
[3.582s] -- Up-to-date: /home/fra/ros2_ws/install/custom_interface/include/custom_interface/custom_interface/msg
[3.582s] -- Installing: /home/fra/ros2_ws/install/custom_interface/include/custom_interface/custom_interface/msg/rosidl_typesupport_fastrtps_cpp__visibility_control.h
[3.582s] -- Up-to-date: /home/fra/ros2_ws/install/custom_interface/include/custom_interface/custom_interface/srv
[3.582s] -- Up-to-date: /home/fra/ros2_ws/install/custom_interface/include/custom_interface/custom_interface/srv/detail
[3.582s] -- Installing: /home/fra/ros2_ws/install/custom_interface/include/custom_interface/custom_interface/srv/detail/reset_counter__rosidl_typesupport_fastrtps_cpp.hpp
[3.582s] -- Installing: /home/fra/ros2_ws/install/custom_interface/include/custom_interface/custom_interface/srv/detail/dds_fastrtps
[3.582s] -- Installing: /home/fra/ros2_ws/install/custom_interface/lib/libcustom_interface__rosidl_typesupport_fastrtps_cpp.so
[3.583s] -- Set runtime path of "/home/fra/ros2_ws/install/custom_interface/lib/libcustom_interface__rosidl_typesupport_fastrtps_cpp.so" to ""
[3.583s] -- Up-to-date: /home/fra/ros2_ws/install/custom_interface/include/custom_interface/custom_interface
[3.583s] -- Up-to-date: /home/fra/ros2_ws/install/custom_interface/include/custom_interface/custom_interface/srv
[3.583s] -- Up-to-date: /home/fra/ros2_ws/install/custom_interface/include/custom_interface/custom_interface/srv/detail
[3.583s] -- Installing: /home/fra/ros2_ws/install/custom_interface/include/custom_interface/custom_interface/srv/detail/reset_counter__type_support.cpp
[3.583s] -- Installing: /home/fra/ros2_ws/install/custom_interface/include/custom_interface/custom_interface/srv/detail/reset_counter__rosidl_typesupport_introspection_cpp.hpp
[3.583s] -- Installing: /home/fra/ros2_ws/install/custom_interface/lib/libcustom_interface__rosidl_typesupport_introspection_cpp.so
[3.583s] -- Set runtime path of "/home/fra/ros2_ws/install/custom_interface/lib/libcustom_interface__rosidl_typesupport_introspection_cpp.so" to ""
[3.583s] -- Installing: /home/fra/ros2_ws/install/custom_interface/lib/libcustom_interface__rosidl_typesupport_cpp.so
[3.583s] -- Set runtime path of "/home/fra/ros2_ws/install/custom_interface/lib/libcustom_interface__rosidl_typesupport_cpp.so" to ""
[3.583s] -- Installing: /home/fra/ros2_ws/install/custom_interface/share/custom_interface/environment/pythonpath.sh
[3.583s] -- Installing: /home/fra/ros2_ws/install/custom_interface/share/custom_interface/environment/pythonpath.dsv
[3.584s] -- Installing: /home/fra/ros2_ws/install/custom_interface/local/lib/python3.10/dist-packages/custom_interface-0.0.0-py3.10.egg-info
[3.584s] -- Installing: /home/fra/ros2_ws/install/custom_interface/local/lib/python3.10/dist-packages/custom_interface-0.0.0-py3.10.egg-info/dependency_links.txt
[3.584s] -- Installing: /home/fra/ros2_ws/install/custom_interface/local/lib/python3.10/dist-packages/custom_interface-0.0.0-py3.10.egg-info/top_level.txt
[3.584s] -- Installing: /home/fra/ros2_ws/install/custom_interface/local/lib/python3.10/dist-packages/custom_interface-0.0.0-py3.10.egg-info/PKG-INFO
[3.584s] -- Installing: /home/fra/ros2_ws/install/custom_interface/local/lib/python3.10/dist-packages/custom_interface-0.0.0-py3.10.egg-info/SOURCES.txt
[3.584s] -- Installing: /home/fra/ros2_ws/install/custom_interface/local/lib/python3.10/dist-packages/custom_interface
[3.584s] -- Installing: /home/fra/ros2_ws/install/custom_interface/local/lib/python3.10/dist-packages/custom_interface/custom_interface_s__rosidl_typesupport_introspection_c.cpython-310-x86_64-linux-gnu.so
[3.584s] -- Installing: /home/fra/ros2_ws/install/custom_interface/local/lib/python3.10/dist-packages/custom_interface/_custom_interface_s.ep.rosidl_typesupport_fastrtps_c.c
[3.584s] -- Installing: /home/fra/ros2_ws/install/custom_interface/local/lib/python3.10/dist-packages/custom_interface/custom_interface_s__rosidl_typesupport_fastrtps_c.cpython-310-x86_64-linux-gnu.so
[3.584s] -- Installing: /home/fra/ros2_ws/install/custom_interface/local/lib/python3.10/dist-packages/custom_interface/_custom_interface_s.ep.rosidl_typesupport_introspection_c.c
[3.584s] -- Installing: /home/fra/ros2_ws/install/custom_interface/local/lib/python3.10/dist-packages/custom_interface/custom_interface_s__rosidl_typesupport_c.cpython-310-x86_64-linux-gnu.so
[3.584s] -- Installing: /home/fra/ros2_ws/install/custom_interface/local/lib/python3.10/dist-packages/custom_interface/_custom_interface_s.ep.rosidl_typesupport_c.c
[3.585s] -- Installing: /home/fra/ros2_ws/install/custom_interface/local/lib/python3.10/dist-packages/custom_interface/srv
[3.585s] -- Installing: /home/fra/ros2_ws/install/custom_interface/local/lib/python3.10/dist-packages/custom_interface/srv/_reset_counter.py
[3.585s] -- Installing: /home/fra/ros2_ws/install/custom_interface/local/lib/python3.10/dist-packages/custom_interface/srv/_reset_counter_s.c
[3.585s] -- Installing: /home/fra/ros2_ws/install/custom_interface/local/lib/python3.10/dist-packages/custom_interface/srv/__init__.py
[3.585s] -- Installing: /home/fra/ros2_ws/install/custom_interface/local/lib/python3.10/dist-packages/custom_interface/libcustom_interface__rosidl_generator_py.so
[3.585s] -- Installing: /home/fra/ros2_ws/install/custom_interface/local/lib/python3.10/dist-packages/custom_interface/__init__.py
[3.621s] Listing '/home/fra/ros2_ws/install/custom_interface/local/lib/python3.10/dist-packages/custom_interface'...
[3.621s] Compiling '/home/fra/ros2_ws/install/custom_interface/local/lib/python3.10/dist-packages/custom_interface/__init__.py'...
[3.621s] Listing '/home/fra/ros2_ws/install/custom_interface/local/lib/python3.10/dist-packages/custom_interface/srv'...
[3.621s] Compiling '/home/fra/ros2_ws/install/custom_interface/local/lib/python3.10/dist-packages/custom_interface/srv/__init__.py'...
[3.621s] Compiling '/home/fra/ros2_ws/install/custom_interface/local/lib/python3.10/dist-packages/custom_interface/srv/_reset_counter.py'...
[3.625s] -- Installing: /home/fra/ros2_ws/install/custom_interface/local/lib/python3.10/dist-packages/custom_interface/custom_interface_s__rosidl_typesupport_fastrtps_c.cpython-310-x86_64-linux-gnu.so
[3.625s] -- Set runtime path of "/home/fra/ros2_ws/install/custom_interface/local/lib/python3.10/dist-packages/custom_interface/custom_interface_s__rosidl_typesupport_fastrtps_c.cpython-310-x86_64-linux-gnu.so" to ""
[3.625s] -- Installing: /home/fra/ros2_ws/install/custom_interface/local/lib/python3.10/dist-packages/custom_interface/custom_interface_s__rosidl_typesupport_introspection_c.cpython-310-x86_64-linux-gnu.so
[3.626s] -- Set runtime path of "/home/fra/ros2_ws/install/custom_interface/local/lib/python3.10/dist-packages/custom_interface/custom_interface_s__rosidl_typesupport_introspection_c.cpython-310-x86_64-linux-gnu.so" to ""
[3.626s] -- Installing: /home/fra/ros2_ws/install/custom_interface/local/lib/python3.10/dist-packages/custom_interface/custom_interface_s__rosidl_typesupport_c.cpython-310-x86_64-linux-gnu.so
[3.626s] -- Set runtime path of "/home/fra/ros2_ws/install/custom_interface/local/lib/python3.10/dist-packages/custom_interface/custom_interface_s__rosidl_typesupport_c.cpython-310-x86_64-linux-gnu.so" to ""
[3.626s] -- Installing: /home/fra/ros2_ws/install/custom_interface/lib/libcustom_interface__rosidl_generator_py.so
[3.626s] -- Set runtime path of "/home/fra/ros2_ws/install/custom_interface/lib/libcustom_interface__rosidl_generator_py.so" to ""
[3.626s] -- Installing: /home/fra/ros2_ws/install/custom_interface/share/custom_interface/srv/ResetCounter.idl
[3.627s] -- Installing: /home/fra/ros2_ws/install/custom_interface/share/custom_interface/srv/ResetCounter.srv
[3.627s] -- Installing: /home/fra/ros2_ws/install/custom_interface/share/custom_interface/srv/ResetCounter_Request.msg
[3.627s] -- Installing: /home/fra/ros2_ws/install/custom_interface/share/custom_interface/srv/ResetCounter_Response.msg
[3.627s] -- Installing: /home/fra/ros2_ws/install/custom_interface/share/ament_index/resource_index/package_run_dependencies/custom_interface
[3.627s] -- Installing: /home/fra/ros2_ws/install/custom_interface/share/ament_index/resource_index/parent_prefix_path/custom_interface
[3.627s] -- Installing: /home/fra/ros2_ws/install/custom_interface/share/custom_interface/environment/ament_prefix_path.sh
[3.627s] -- Installing: /home/fra/ros2_ws/install/custom_interface/share/custom_interface/environment/ament_prefix_path.dsv
[3.627s] -- Installing: /home/fra/ros2_ws/install/custom_interface/share/custom_interface/environment/path.sh
[3.628s] -- Installing: /home/fra/ros2_ws/install/custom_interface/share/custom_interface/environment/path.dsv
[3.628s] -- Installing: /home/fra/ros2_ws/install/custom_interface/share/custom_interface/local_setup.bash
[3.628s] -- Installing: /home/fra/ros2_ws/install/custom_interface/share/custom_interface/local_setup.sh
[3.628s] -- Installing: /home/fra/ros2_ws/install/custom_interface/share/custom_interface/local_setup.zsh
[3.628s] -- Installing: /home/fra/ros2_ws/install/custom_interface/share/custom_interface/local_setup.dsv
[3.628s] -- Installing: /home/fra/ros2_ws/install/custom_interface/share/custom_interface/package.dsv
[3.628s] -- Installing: /home/fra/ros2_ws/install/custom_interface/share/ament_index/resource_index/packages/custom_interface
[3.628s] -- Installing: /home/fra/ros2_ws/install/custom_interface/share/custom_interface/cmake/export_custom_interface__rosidl_generator_cExport.cmake
[3.629s] -- Installing: /home/fra/ros2_ws/install/custom_interface/share/custom_interface/cmake/export_custom_interface__rosidl_generator_cExport-noconfig.cmake
[3.629s] -- Installing: /home/fra/ros2_ws/install/custom_interface/share/custom_interface/cmake/export_custom_interface__rosidl_typesupport_fastrtps_cExport.cmake
[3.629s] -- Installing: /home/fra/ros2_ws/install/custom_interface/share/custom_interface/cmake/export_custom_interface__rosidl_typesupport_fastrtps_cExport-noconfig.cmake
[3.629s] -- Installing: /home/fra/ros2_ws/install/custom_interface/share/custom_interface/cmake/custom_interface__rosidl_typesupport_introspection_cExport.cmake
[3.629s] -- Installing: /home/fra/ros2_ws/install/custom_interface/share/custom_interface/cmake/custom_interface__rosidl_typesupport_introspection_cExport-noconfig.cmake
[3.629s] -- Installing: /home/fra/ros2_ws/install/custom_interface/share/custom_interface/cmake/custom_interface__rosidl_typesupport_cExport.cmake
[3.629s] -- Installing: /home/fra/ros2_ws/install/custom_interface/share/custom_interface/cmake/custom_interface__rosidl_typesupport_cExport-noconfig.cmake
[3.630s] -- Installing: /home/fra/ros2_ws/install/custom_interface/share/custom_interface/cmake/export_custom_interface__rosidl_generator_cppExport.cmake
[3.630s] -- Installing: /home/fra/ros2_ws/install/custom_interface/share/custom_interface/cmake/export_custom_interface__rosidl_typesupport_fastrtps_cppExport.cmake
[3.630s] -- Installing: /home/fra/ros2_ws/install/custom_interface/share/custom_interface/cmake/export_custom_interface__rosidl_typesupport_fastrtps_cppExport-noconfig.cmake
[3.630s] -- Installing: /home/fra/ros2_ws/install/custom_interface/share/custom_interface/cmake/custom_interface__rosidl_typesupport_introspection_cppExport.cmake
[3.630s] -- Installing: /home/fra/ros2_ws/install/custom_interface/share/custom_interface/cmake/custom_interface__rosidl_typesupport_introspection_cppExport-noconfig.cmake
[3.630s] -- Installing: /home/fra/ros2_ws/install/custom_interface/share/custom_interface/cmake/custom_interface__rosidl_typesupport_cppExport.cmake
[3.630s] -- Installing: /home/fra/ros2_ws/install/custom_interface/share/custom_interface/cmake/custom_interface__rosidl_typesupport_cppExport-noconfig.cmake
[3.630s] -- Installing: /home/fra/ros2_ws/install/custom_interface/share/custom_interface/cmake/export_custom_interface__rosidl_generator_pyExport.cmake
[3.630s] -- Installing: /home/fra/ros2_ws/install/custom_interface/share/custom_interface/cmake/export_custom_interface__rosidl_generator_pyExport-noconfig.cmake
[3.631s] -- Installing: /home/fra/ros2_ws/install/custom_interface/share/custom_interface/cmake/rosidl_cmake-extras.cmake
[3.631s] -- Installing: /home/fra/ros2_ws/install/custom_interface/share/custom_interface/cmake/ament_cmake_export_include_directories-extras.cmake
[3.631s] -- Installing: /home/fra/ros2_ws/install/custom_interface/share/custom_interface/cmake/ament_cmake_export_libraries-extras.cmake
[3.631s] -- Installing: /home/fra/ros2_ws/install/custom_interface/share/custom_interface/cmake/ament_cmake_export_targets-extras.cmake
[3.631s] -- Installing: /home/fra/ros2_ws/install/custom_interface/share/custom_interface/cmake/rosidl_cmake_export_typesupport_targets-extras.cmake
[3.631s] -- Installing: /home/fra/ros2_ws/install/custom_interface/share/custom_interface/cmake/ament_cmake_export_dependencies-extras.cmake
[3.631s] -- Installing: /home/fra/ros2_ws/install/custom_interface/share/custom_interface/cmake/rosidl_cmake_export_typesupport_libraries-extras.cmake
[3.631s] -- Installing: /home/fra/ros2_ws/install/custom_interface/share/custom_interface/cmake/custom_interfaceConfig.cmake
[3.631s] -- Installing: /home/fra/ros2_ws/install/custom_interface/share/custom_interface/cmake/custom_interfaceConfig-version.cmake
[3.631s] -- Installing: /home/fra/ros2_ws/install/custom_interface/share/custom_interface/package.xml
[3.634s] Invoked command in '/home/fra/ros2_ws/build/custom_interface' returned '0': CMAKE_PREFIX_PATH=${CMAKE_PREFIX_PATH}:/home/fra/ros2_ws/install/python_pkg:/opt/ros/humble /usr/bin/cmake --install /home/fra/ros2_ws/build/custom_interface
