[0.012s] Invoking command in '/home/fra/ros2_ws/build/cpp_pkg': CMAKE_PREFIX_PATH=${CMAKE_PREFIX_PATH}:/home/fra/ros2_ws/install/python_pkg:/opt/ros/humble /usr/bin/cmake --build /home/fra/ros2_ws/build/cpp_pkg -- -j12 -l12
[0.033s] -- Found ament_cmake: 1.3.11 (/opt/ros/humble/share/ament_cmake/cmake)
[0.163s] -- Found rclcpp: 16.0.11 (/opt/ros/humble/share/rclcpp/cmake)
[0.193s] -- Found rosidl_generator_c: 3.1.6 (/opt/ros/humble/share/rosidl_generator_c/cmake)
[0.196s] -- Found rosidl_adapter: 3.1.6 (/opt/ros/humble/share/rosidl_adapter/cmake)
[0.206s] -- Found rosidl_generator_cpp: 3.1.6 (/opt/ros/humble/share/rosidl_generator_cpp/cmake)
[0.213s] -- Using all available rosidl_typesupport_c: rosidl_typesupport_fastrtps_c;rosidl_typesupport_introspection_c
[0.227s] -- Using all available rosidl_typesupport_cpp: rosidl_typesupport_fastrtps_cpp;rosidl_typesupport_introspection_cpp
[0.264s] -- Found rmw_implementation_cmake: 6.1.2 (/opt/ros/humble/share/rmw_implementation_cmake/cmake)
[0.266s] -- Found rmw_fastrtps_cpp: 6.2.7 (/opt/ros/humble/share/rmw_fastrtps_cpp/cmake)
[0.383s] -- Using RMW implementation 'rmw_fastrtps_cpp' as default
[0.442s] -- Found custom_interface: 0.0.0 (/home/fra/ros2_ws/install/custom_interface/share/custom_interface/cmake)
[0.452s] -- Found ament_lint_auto: 0.12.11 (/opt/ros/humble/share/ament_lint_auto/cmake)
[0.536s] -- Added test 'cppcheck' to perform static code analysis on C / C++ code
[0.537s] -- Configured cppcheck include dirs: 
[0.537s] -- Configured cppcheck exclude dirs and/or files: 
[0.537s] -- Added test 'lint_cmake' to check CMake code style
[0.538s] -- Added test 'uncrustify' to check C / C++ code style
[0.538s] -- Configured uncrustify additional arguments: 
[0.538s] -- Added test 'xmllint' to check XML markup files
[0.539s] -- Configuring done
[0.558s] -- Generating done
[0.567s] -- Build files have been written to: /home/fra/ros2_ws/build/cpp_pkg
[0.595s] [35m[1mConsolidate compiler generated dependencies of target node_cpp[0m
[0.604s] [35m[1mConsolidate compiler generated dependencies of target subscriber_cpp[0m
[0.604s] [35m[1mConsolidate compiler generated dependencies of target publisher_cpp[0m
[0.624s] [ 12%] [32mBuilding CXX object CMakeFiles/server_cpp.dir/src/server_cpp.cpp.o[0m
[0.628s] [ 37%] Built target node_cpp
[0.632s] [ 50%] [32mBuilding CXX object CMakeFiles/subscriber_cpp.dir/src/subscriber_cpp.cpp.o[0m
[0.632s] [ 75%] Built target publisher_cpp
[9.796s] [ 87%] [32m[1mLinking CXX executable subscriber_cpp[0m
[10.209s] [ 87%] Built target subscriber_cpp
[10.504s] [100%] [32m[1mLinking CXX executable server_cpp[0m
[10.933s] [100%] Built target server_cpp
[10.950s] Invoked command in '/home/fra/ros2_ws/build/cpp_pkg' returned '0': CMAKE_PREFIX_PATH=${CMAKE_PREFIX_PATH}:/home/fra/ros2_ws/install/python_pkg:/opt/ros/humble /usr/bin/cmake --build /home/fra/ros2_ws/build/cpp_pkg -- -j12 -l12
[10.951s] Invoking command in '/home/fra/ros2_ws/build/cpp_pkg': CMAKE_PREFIX_PATH=${CMAKE_PREFIX_PATH}:/home/fra/ros2_ws/install/python_pkg:/opt/ros/humble /usr/bin/cmake --install /home/fra/ros2_ws/build/cpp_pkg
[10.955s] -- Install configuration: ""
[10.957s] -- Up-to-date: /home/fra/ros2_ws/install/cpp_pkg/lib/cpp_pkg/node_cpp
[10.957s] -- Up-to-date: /home/fra/ros2_ws/install/cpp_pkg/lib/cpp_pkg/publisher_cpp
[10.957s] -- Installing: /home/fra/ros2_ws/install/cpp_pkg/lib/cpp_pkg/subscriber_cpp
[10.961s] -- Set runtime path of "/home/fra/ros2_ws/install/cpp_pkg/lib/cpp_pkg/subscriber_cpp" to ""
[10.961s] -- Installing: /home/fra/ros2_ws/install/cpp_pkg/lib/cpp_pkg/server_cpp
[10.961s] -- Set runtime path of "/home/fra/ros2_ws/install/cpp_pkg/lib/cpp_pkg/server_cpp" to ""
[10.961s] -- Installing: /home/fra/ros2_ws/install/cpp_pkg/share/ament_index/resource_index/package_run_dependencies/cpp_pkg
[10.962s] -- Up-to-date: /home/fra/ros2_ws/install/cpp_pkg/share/ament_index/resource_index/parent_prefix_path/cpp_pkg
[10.962s] -- Up-to-date: /home/fra/ros2_ws/install/cpp_pkg/share/cpp_pkg/environment/ament_prefix_path.sh
[10.962s] -- Installing: /home/fra/ros2_ws/install/cpp_pkg/share/cpp_pkg/environment/ament_prefix_path.dsv
[10.962s] -- Up-to-date: /home/fra/ros2_ws/install/cpp_pkg/share/cpp_pkg/environment/path.sh
[10.962s] -- Installing: /home/fra/ros2_ws/install/cpp_pkg/share/cpp_pkg/environment/path.dsv
[10.962s] -- Up-to-date: /home/fra/ros2_ws/install/cpp_pkg/share/cpp_pkg/local_setup.bash
[10.962s] -- Up-to-date: /home/fra/ros2_ws/install/cpp_pkg/share/cpp_pkg/local_setup.sh
[10.962s] -- Up-to-date: /home/fra/ros2_ws/install/cpp_pkg/share/cpp_pkg/local_setup.zsh
[10.962s] -- Installing: /home/fra/ros2_ws/install/cpp_pkg/share/cpp_pkg/local_setup.dsv
[10.963s] -- Installing: /home/fra/ros2_ws/install/cpp_pkg/share/cpp_pkg/package.dsv
[10.963s] -- Up-to-date: /home/fra/ros2_ws/install/cpp_pkg/share/ament_index/resource_index/packages/cpp_pkg
[10.963s] -- Up-to-date: /home/fra/ros2_ws/install/cpp_pkg/share/cpp_pkg/cmake/cpp_pkgConfig.cmake
[10.963s] -- Up-to-date: /home/fra/ros2_ws/install/cpp_pkg/share/cpp_pkg/cmake/cpp_pkgConfig-version.cmake
[10.963s] -- Installing: /home/fra/ros2_ws/install/cpp_pkg/share/cpp_pkg/package.xml
[10.966s] Invoked command in '/home/fra/ros2_ws/build/cpp_pkg' returned '0': CMAKE_PREFIX_PATH=${CMAKE_PREFIX_PATH}:/home/fra/ros2_ws/install/python_pkg:/opt/ros/humble /usr/bin/cmake --install /home/fra/ros2_ws/build/cpp_pkg
