[0.020s] Invoking command in '/home/fra/ros2_ws/build/custom_interface': CMAKE_PREFIX_PATH=${CMAKE_PREFIX_PATH}:/home/fra/ros2_ws/install/python_pkg:/opt/ros/humble /usr/bin/cmake --build /home/fra/ros2_ws/build/custom_interface -- -j12 -l12
[0.090s] [  9%] Built target custom_interface__rosidl_generator_c
[0.093s] [ 12%] Built target custom_interface__cpp
[0.137s] [ 12%] Built target ament_cmake_python_copy_custom_interface
[0.151s] [ 22%] Built target custom_interface__rosidl_typesupport_fastrtps_c
[0.151s] [ 32%] Built target custom_interface__rosidl_typesupport_c
[0.151s] [ 41%] Built target custom_interface__rosidl_typesupport_introspection_c
[0.158s] [ 51%] Built target custom_interface__rosidl_typesupport_cpp
[0.163s] [ 61%] Built target custom_interface__rosidl_typesupport_fastrtps_cpp
[0.201s] [ 70%] Built target custom_interface__rosidl_typesupport_introspection_cpp
[0.242s] [ 70%] Built target custom_interface
[0.285s] [ 74%] Built target custom_interface__py
[0.333s] [ 80%] Built target custom_interface__rosidl_generator_py
[0.381s] [ 87%] Built target custom_interface__rosidl_typesupport_introspection_c__pyext
[0.389s] [ 93%] Built target custom_interface__rosidl_typesupport_c__pyext
[0.392s] [100%] Built target custom_interface__rosidl_typesupport_fastrtps_c__pyext
[0.580s] running egg_info
[0.583s] writing custom_interface.egg-info/PKG-INFO
[0.583s] writing dependency_links to custom_interface.egg-info/dependency_links.txt
[0.583s] writing top-level names to custom_interface.egg-info/top_level.txt
[0.585s] reading manifest file 'custom_interface.egg-info/SOURCES.txt'
[0.587s] writing manifest file 'custom_interface.egg-info/SOURCES.txt'
[0.641s] [100%] Built target ament_cmake_python_build_custom_interface_egg
[0.654s] Invoked command in '/home/fra/ros2_ws/build/custom_interface' returned '0': CMAKE_PREFIX_PATH=${CMAKE_PREFIX_PATH}:/home/fra/ros2_ws/install/python_pkg:/opt/ros/humble /usr/bin/cmake --build /home/fra/ros2_ws/build/custom_interface -- -j12 -l12
[0.668s] Invoking command in '/home/fra/ros2_ws/build/custom_interface': CMAKE_PREFIX_PATH=${CMAKE_PREFIX_PATH}:/home/fra/ros2_ws/install/python_pkg:/opt/ros/humble /usr/bin/cmake --install /home/fra/ros2_ws/build/custom_interface
[0.679s] -- Install configuration: ""
[0.680s] -- Up-to-date: /home/fra/ros2_ws/install/custom_interface/share/ament_index/resource_index/rosidl_interfaces/custom_interface
[0.680s] -- Up-to-date: /home/fra/ros2_ws/install/custom_interface/include/custom_interface/custom_interface
[0.680s] -- Up-to-date: /home/fra/ros2_ws/install/custom_interface/include/custom_interface/custom_interface/msg
[0.681s] -- Up-to-date: /home/fra/ros2_ws/install/custom_interface/include/custom_interface/custom_interface/msg/rosidl_generator_c__visibility_control.h
[0.681s] -- Up-to-date: /home/fra/ros2_ws/install/custom_interface/include/custom_interface/custom_interface/srv
[0.681s] -- Up-to-date: /home/fra/ros2_ws/install/custom_interface/include/custom_interface/custom_interface/srv/reset_counter.h
[0.681s] -- Up-to-date: /home/fra/ros2_ws/install/custom_interface/include/custom_interface/custom_interface/srv/detail
[0.681s] -- Up-to-date: /home/fra/ros2_ws/install/custom_interface/include/custom_interface/custom_interface/srv/detail/reset_counter__struct.h
[0.681s] -- Up-to-date: /home/fra/ros2_ws/install/custom_interface/include/custom_interface/custom_interface/srv/detail/reset_counter__functions.h
[0.682s] -- Up-to-date: /home/fra/ros2_ws/install/custom_interface/include/custom_interface/custom_interface/srv/detail/reset_counter__functions.c
[0.682s] -- Up-to-date: /home/fra/ros2_ws/install/custom_interface/include/custom_interface/custom_interface/srv/detail/reset_counter__type_support.h
[0.682s] -- Up-to-date: /home/fra/ros2_ws/install/custom_interface/share/custom_interface/environment/library_path.sh
[0.682s] -- Up-to-date: /home/fra/ros2_ws/install/custom_interface/share/custom_interface/environment/library_path.dsv
[0.682s] -- Up-to-date: /home/fra/ros2_ws/install/custom_interface/lib/libcustom_interface__rosidl_generator_c.so
[0.682s] -- Up-to-date: /home/fra/ros2_ws/install/custom_interface/include/custom_interface/custom_interface
[0.685s] -- Up-to-date: /home/fra/ros2_ws/install/custom_interface/include/custom_interface/custom_interface/msg
[0.686s] -- Up-to-date: /home/fra/ros2_ws/install/custom_interface/include/custom_interface/custom_interface/msg/rosidl_typesupport_fastrtps_c__visibility_control.h
[0.686s] -- Up-to-date: /home/fra/ros2_ws/install/custom_interface/include/custom_interface/custom_interface/srv
[0.686s] -- Up-to-date: /home/fra/ros2_ws/install/custom_interface/include/custom_interface/custom_interface/srv/detail
[0.686s] -- Up-to-date: /home/fra/ros2_ws/install/custom_interface/include/custom_interface/custom_interface/srv/detail/reset_counter__rosidl_typesupport_fastrtps_c.h
[0.686s] -- Up-to-date: /home/fra/ros2_ws/install/custom_interface/lib/libcustom_interface__rosidl_typesupport_fastrtps_c.so
[0.686s] -- Up-to-date: /home/fra/ros2_ws/install/custom_interface/include/custom_interface/custom_interface
[0.687s] -- Up-to-date: /home/fra/ros2_ws/install/custom_interface/include/custom_interface/custom_interface/msg
[0.687s] -- Up-to-date: /home/fra/ros2_ws/install/custom_interface/include/custom_interface/custom_interface/msg/rosidl_typesupport_introspection_c__visibility_control.h
[0.687s] -- Up-to-date: /home/fra/ros2_ws/install/custom_interface/include/custom_interface/custom_interface/srv
[0.687s] -- Up-to-date: /home/fra/ros2_ws/install/custom_interface/include/custom_interface/custom_interface/srv/detail
[0.687s] -- Up-to-date: /home/fra/ros2_ws/install/custom_interface/include/custom_interface/custom_interface/srv/detail/reset_counter__type_support.c
[0.687s] -- Up-to-date: /home/fra/ros2_ws/install/custom_interface/include/custom_interface/custom_interface/srv/detail/reset_counter__rosidl_typesupport_introspection_c.h
[0.688s] -- Up-to-date: /home/fra/ros2_ws/install/custom_interface/lib/libcustom_interface__rosidl_typesupport_introspection_c.so
[0.688s] -- Up-to-date: /home/fra/ros2_ws/install/custom_interface/lib/libcustom_interface__rosidl_typesupport_c.so
[0.688s] -- Up-to-date: /home/fra/ros2_ws/install/custom_interface/include/custom_interface/custom_interface
[0.688s] -- Up-to-date: /home/fra/ros2_ws/install/custom_interface/include/custom_interface/custom_interface/msg
[0.688s] -- Up-to-date: /home/fra/ros2_ws/install/custom_interface/include/custom_interface/custom_interface/msg/rosidl_generator_cpp__visibility_control.hpp
[0.688s] -- Up-to-date: /home/fra/ros2_ws/install/custom_interface/include/custom_interface/custom_interface/srv
[0.688s] -- Up-to-date: /home/fra/ros2_ws/install/custom_interface/include/custom_interface/custom_interface/srv/reset_counter.hpp
[0.688s] -- Up-to-date: /home/fra/ros2_ws/install/custom_interface/include/custom_interface/custom_interface/srv/detail
[0.689s] -- Up-to-date: /home/fra/ros2_ws/install/custom_interface/include/custom_interface/custom_interface/srv/detail/reset_counter__type_support.hpp
[0.689s] -- Up-to-date: /home/fra/ros2_ws/install/custom_interface/include/custom_interface/custom_interface/srv/detail/reset_counter__struct.hpp
[0.694s] -- Up-to-date: /home/fra/ros2_ws/install/custom_interface/include/custom_interface/custom_interface/srv/detail/reset_counter__traits.hpp
[0.694s] -- Up-to-date: /home/fra/ros2_ws/install/custom_interface/include/custom_interface/custom_interface/srv/detail/reset_counter__builder.hpp
[0.695s] -- Up-to-date: /home/fra/ros2_ws/install/custom_interface/include/custom_interface/custom_interface
[0.695s] -- Up-to-date: /home/fra/ros2_ws/install/custom_interface/include/custom_interface/custom_interface/msg
[0.695s] -- Up-to-date: /home/fra/ros2_ws/install/custom_interface/include/custom_interface/custom_interface/msg/rosidl_typesupport_fastrtps_cpp__visibility_control.h
[0.695s] -- Up-to-date: /home/fra/ros2_ws/install/custom_interface/include/custom_interface/custom_interface/srv
[0.695s] -- Up-to-date: /home/fra/ros2_ws/install/custom_interface/include/custom_interface/custom_interface/srv/detail
[0.695s] -- Up-to-date: /home/fra/ros2_ws/install/custom_interface/include/custom_interface/custom_interface/srv/detail/reset_counter__rosidl_typesupport_fastrtps_cpp.hpp
[0.695s] -- Up-to-date: /home/fra/ros2_ws/install/custom_interface/include/custom_interface/custom_interface/srv/detail/dds_fastrtps
[0.696s] -- Up-to-date: /home/fra/ros2_ws/install/custom_interface/lib/libcustom_interface__rosidl_typesupport_fastrtps_cpp.so
[0.696s] -- Up-to-date: /home/fra/ros2_ws/install/custom_interface/include/custom_interface/custom_interface
[0.696s] -- Up-to-date: /home/fra/ros2_ws/install/custom_interface/include/custom_interface/custom_interface/srv
[0.696s] -- Up-to-date: /home/fra/ros2_ws/install/custom_interface/include/custom_interface/custom_interface/srv/detail
[0.696s] -- Up-to-date: /home/fra/ros2_ws/install/custom_interface/include/custom_interface/custom_interface/srv/detail/reset_counter__type_support.cpp
[0.696s] -- Up-to-date: /home/fra/ros2_ws/install/custom_interface/include/custom_interface/custom_interface/srv/detail/reset_counter__rosidl_typesupport_introspection_cpp.hpp
[0.696s] -- Up-to-date: /home/fra/ros2_ws/install/custom_interface/lib/libcustom_interface__rosidl_typesupport_introspection_cpp.so
[0.697s] -- Up-to-date: /home/fra/ros2_ws/install/custom_interface/lib/libcustom_interface__rosidl_typesupport_cpp.so
[0.697s] -- Up-to-date: /home/fra/ros2_ws/install/custom_interface/share/custom_interface/environment/pythonpath.sh
[0.701s] -- Up-to-date: /home/fra/ros2_ws/install/custom_interface/share/custom_interface/environment/pythonpath.dsv
[0.701s] -- Up-to-date: /home/fra/ros2_ws/install/custom_interface/local/lib/python3.10/dist-packages/custom_interface-0.0.0-py3.10.egg-info
[0.702s] -- Installing: /home/fra/ros2_ws/install/custom_interface/local/lib/python3.10/dist-packages/custom_interface-0.0.0-py3.10.egg-info/dependency_links.txt
[0.702s] -- Installing: /home/fra/ros2_ws/install/custom_interface/local/lib/python3.10/dist-packages/custom_interface-0.0.0-py3.10.egg-info/top_level.txt
[0.702s] -- Installing: /home/fra/ros2_ws/install/custom_interface/local/lib/python3.10/dist-packages/custom_interface-0.0.0-py3.10.egg-info/PKG-INFO
[0.702s] -- Installing: /home/fra/ros2_ws/install/custom_interface/local/lib/python3.10/dist-packages/custom_interface-0.0.0-py3.10.egg-info/SOURCES.txt
[0.702s] -- Up-to-date: /home/fra/ros2_ws/install/custom_interface/local/lib/python3.10/dist-packages/custom_interface
[0.702s] -- Up-to-date: /home/fra/ros2_ws/install/custom_interface/local/lib/python3.10/dist-packages/custom_interface/custom_interface_s__rosidl_typesupport_introspection_c.cpython-310-x86_64-linux-gnu.so
[0.703s] -- Up-to-date: /home/fra/ros2_ws/install/custom_interface/local/lib/python3.10/dist-packages/custom_interface/_custom_interface_s.ep.rosidl_typesupport_fastrtps_c.c
[0.703s] -- Up-to-date: /home/fra/ros2_ws/install/custom_interface/local/lib/python3.10/dist-packages/custom_interface/custom_interface_s__rosidl_typesupport_fastrtps_c.cpython-310-x86_64-linux-gnu.so
[0.703s] -- Up-to-date: /home/fra/ros2_ws/install/custom_interface/local/lib/python3.10/dist-packages/custom_interface/_custom_interface_s.ep.rosidl_typesupport_introspection_c.c
[0.703s] -- Up-to-date: /home/fra/ros2_ws/install/custom_interface/local/lib/python3.10/dist-packages/custom_interface/custom_interface_s__rosidl_typesupport_c.cpython-310-x86_64-linux-gnu.so
[0.703s] -- Up-to-date: /home/fra/ros2_ws/install/custom_interface/local/lib/python3.10/dist-packages/custom_interface/_custom_interface_s.ep.rosidl_typesupport_c.c
[0.703s] -- Up-to-date: /home/fra/ros2_ws/install/custom_interface/local/lib/python3.10/dist-packages/custom_interface/srv
[0.704s] -- Up-to-date: /home/fra/ros2_ws/install/custom_interface/local/lib/python3.10/dist-packages/custom_interface/srv/_reset_counter.py
[0.704s] -- Up-to-date: /home/fra/ros2_ws/install/custom_interface/local/lib/python3.10/dist-packages/custom_interface/srv/_reset_counter_s.c
[0.704s] -- Up-to-date: /home/fra/ros2_ws/install/custom_interface/local/lib/python3.10/dist-packages/custom_interface/srv/__init__.py
[0.704s] -- Up-to-date: /home/fra/ros2_ws/install/custom_interface/local/lib/python3.10/dist-packages/custom_interface/libcustom_interface__rosidl_generator_py.so
[0.704s] -- Up-to-date: /home/fra/ros2_ws/install/custom_interface/local/lib/python3.10/dist-packages/custom_interface/__init__.py
[0.752s] Listing '/home/fra/ros2_ws/install/custom_interface/local/lib/python3.10/dist-packages/custom_interface'...
[0.752s] Listing '/home/fra/ros2_ws/install/custom_interface/local/lib/python3.10/dist-packages/custom_interface/srv'...
[0.754s] -- Up-to-date: /home/fra/ros2_ws/install/custom_interface/local/lib/python3.10/dist-packages/custom_interface/custom_interface_s__rosidl_typesupport_fastrtps_c.cpython-310-x86_64-linux-gnu.so
[0.755s] -- Up-to-date: /home/fra/ros2_ws/install/custom_interface/local/lib/python3.10/dist-packages/custom_interface/custom_interface_s__rosidl_typesupport_introspection_c.cpython-310-x86_64-linux-gnu.so
[0.755s] -- Up-to-date: /home/fra/ros2_ws/install/custom_interface/local/lib/python3.10/dist-packages/custom_interface/custom_interface_s__rosidl_typesupport_c.cpython-310-x86_64-linux-gnu.so
[0.756s] -- Up-to-date: /home/fra/ros2_ws/install/custom_interface/lib/libcustom_interface__rosidl_generator_py.so
[0.756s] -- Up-to-date: /home/fra/ros2_ws/install/custom_interface/share/custom_interface/srv/ResetCounter.idl
[0.757s] -- Up-to-date: /home/fra/ros2_ws/install/custom_interface/share/custom_interface/srv/ResetCounter.srv
[0.757s] -- Up-to-date: /home/fra/ros2_ws/install/custom_interface/share/custom_interface/srv/ResetCounter_Request.msg
[0.757s] -- Up-to-date: /home/fra/ros2_ws/install/custom_interface/share/custom_interface/srv/ResetCounter_Response.msg
[0.757s] -- Up-to-date: /home/fra/ros2_ws/install/custom_interface/share/ament_index/resource_index/package_run_dependencies/custom_interface
[0.758s] -- Up-to-date: /home/fra/ros2_ws/install/custom_interface/share/ament_index/resource_index/parent_prefix_path/custom_interface
[0.758s] -- Up-to-date: /home/fra/ros2_ws/install/custom_interface/share/custom_interface/environment/ament_prefix_path.sh
[0.759s] -- Up-to-date: /home/fra/ros2_ws/install/custom_interface/share/custom_interface/environment/ament_prefix_path.dsv
[0.759s] -- Up-to-date: /home/fra/ros2_ws/install/custom_interface/share/custom_interface/environment/path.sh
[0.759s] -- Up-to-date: /home/fra/ros2_ws/install/custom_interface/share/custom_interface/environment/path.dsv
[0.759s] -- Up-to-date: /home/fra/ros2_ws/install/custom_interface/share/custom_interface/local_setup.bash
[0.760s] -- Up-to-date: /home/fra/ros2_ws/install/custom_interface/share/custom_interface/local_setup.sh
[0.760s] -- Up-to-date: /home/fra/ros2_ws/install/custom_interface/share/custom_interface/local_setup.zsh
[0.760s] -- Up-to-date: /home/fra/ros2_ws/install/custom_interface/share/custom_interface/local_setup.dsv
[0.763s] -- Installing: /home/fra/ros2_ws/install/custom_interface/share/custom_interface/package.dsv
[0.763s] -- Up-to-date: /home/fra/ros2_ws/install/custom_interface/share/ament_index/resource_index/packages/custom_interface
[0.763s] -- Up-to-date: /home/fra/ros2_ws/install/custom_interface/share/custom_interface/cmake/export_custom_interface__rosidl_generator_cExport.cmake
[0.763s] -- Up-to-date: /home/fra/ros2_ws/install/custom_interface/share/custom_interface/cmake/export_custom_interface__rosidl_generator_cExport-noconfig.cmake
[0.763s] -- Up-to-date: /home/fra/ros2_ws/install/custom_interface/share/custom_interface/cmake/export_custom_interface__rosidl_typesupport_fastrtps_cExport.cmake
[0.764s] -- Up-to-date: /home/fra/ros2_ws/install/custom_interface/share/custom_interface/cmake/export_custom_interface__rosidl_typesupport_fastrtps_cExport-noconfig.cmake
[0.764s] -- Up-to-date: /home/fra/ros2_ws/install/custom_interface/share/custom_interface/cmake/custom_interface__rosidl_typesupport_introspection_cExport.cmake
[0.764s] -- Up-to-date: /home/fra/ros2_ws/install/custom_interface/share/custom_interface/cmake/custom_interface__rosidl_typesupport_introspection_cExport-noconfig.cmake
[0.765s] -- Up-to-date: /home/fra/ros2_ws/install/custom_interface/share/custom_interface/cmake/custom_interface__rosidl_typesupport_cExport.cmake
[0.765s] -- Up-to-date: /home/fra/ros2_ws/install/custom_interface/share/custom_interface/cmake/custom_interface__rosidl_typesupport_cExport-noconfig.cmake
[0.766s] -- Up-to-date: /home/fra/ros2_ws/install/custom_interface/share/custom_interface/cmake/export_custom_interface__rosidl_generator_cppExport.cmake
[0.766s] -- Up-to-date: /home/fra/ros2_ws/install/custom_interface/share/custom_interface/cmake/export_custom_interface__rosidl_typesupport_fastrtps_cppExport.cmake
[0.766s] -- Up-to-date: /home/fra/ros2_ws/install/custom_interface/share/custom_interface/cmake/export_custom_interface__rosidl_typesupport_fastrtps_cppExport-noconfig.cmake
[0.767s] -- Up-to-date: /home/fra/ros2_ws/install/custom_interface/share/custom_interface/cmake/custom_interface__rosidl_typesupport_introspection_cppExport.cmake
[0.767s] -- Up-to-date: /home/fra/ros2_ws/install/custom_interface/share/custom_interface/cmake/custom_interface__rosidl_typesupport_introspection_cppExport-noconfig.cmake
[0.767s] -- Up-to-date: /home/fra/ros2_ws/install/custom_interface/share/custom_interface/cmake/custom_interface__rosidl_typesupport_cppExport.cmake
[0.767s] -- Up-to-date: /home/fra/ros2_ws/install/custom_interface/share/custom_interface/cmake/custom_interface__rosidl_typesupport_cppExport-noconfig.cmake
[0.767s] -- Up-to-date: /home/fra/ros2_ws/install/custom_interface/share/custom_interface/cmake/export_custom_interface__rosidl_generator_pyExport.cmake
[0.767s] -- Up-to-date: /home/fra/ros2_ws/install/custom_interface/share/custom_interface/cmake/export_custom_interface__rosidl_generator_pyExport-noconfig.cmake
[0.767s] -- Up-to-date: /home/fra/ros2_ws/install/custom_interface/share/custom_interface/cmake/rosidl_cmake-extras.cmake
[0.768s] -- Up-to-date: /home/fra/ros2_ws/install/custom_interface/share/custom_interface/cmake/ament_cmake_export_include_directories-extras.cmake
[0.768s] -- Up-to-date: /home/fra/ros2_ws/install/custom_interface/share/custom_interface/cmake/ament_cmake_export_libraries-extras.cmake
[0.768s] -- Up-to-date: /home/fra/ros2_ws/install/custom_interface/share/custom_interface/cmake/ament_cmake_export_targets-extras.cmake
[0.768s] -- Up-to-date: /home/fra/ros2_ws/install/custom_interface/share/custom_interface/cmake/rosidl_cmake_export_typesupport_targets-extras.cmake
[0.768s] -- Up-to-date: /home/fra/ros2_ws/install/custom_interface/share/custom_interface/cmake/ament_cmake_export_dependencies-extras.cmake
[0.768s] -- Up-to-date: /home/fra/ros2_ws/install/custom_interface/share/custom_interface/cmake/rosidl_cmake_export_typesupport_libraries-extras.cmake
[0.768s] -- Up-to-date: /home/fra/ros2_ws/install/custom_interface/share/custom_interface/cmake/custom_interfaceConfig.cmake
[0.768s] -- Up-to-date: /home/fra/ros2_ws/install/custom_interface/share/custom_interface/cmake/custom_interfaceConfig-version.cmake
[0.769s] -- Up-to-date: /home/fra/ros2_ws/install/custom_interface/share/custom_interface/package.xml
[0.769s] Invoked command in '/home/fra/ros2_ws/build/custom_interface' returned '0': CMAKE_PREFIX_PATH=${CMAKE_PREFIX_PATH}:/home/fra/ros2_ws/install/python_pkg:/opt/ros/humble /usr/bin/cmake --install /home/fra/ros2_ws/build/custom_interface
