[3.030s] Invoking command in '/home/fra/ros2_ws/src/python_pkg': CMAKE_PREFIX_PATH=/home/fra/ros2_ws/install/custom_interface:/home/fra/ros2_ws/install/cpp_pkg PYTHONPATH=/home/fra/ros2_ws/build/python_pkg/prefix_override:/usr/lib/python3/dist-packages/colcon_core/task/python/colcon_distutils_commands:/home/fra/ros2_ws/install/python_pkg/lib/python3.10/site-packages:${PYTHONPATH} /usr/bin/python3 -W ignore:setup.py install is deprecated -W ignore:easy_install command is deprecated setup.py egg_info --egg-base ../../build/python_pkg build --build-base /home/fra/ros2_ws/build/python_pkg/build install --record /home/fra/ros2_ws/build/python_pkg/install.log --single-version-externally-managed install_data
[4.191s] running egg_info
[4.195s] writing ../../build/python_pkg/python_pkg.egg-info/PKG-INFO
[4.201s] writing dependency_links to ../../build/python_pkg/python_pkg.egg-info/dependency_links.txt
[4.201s] writing entry points to ../../build/python_pkg/python_pkg.egg-info/entry_points.txt
[4.202s] writing requirements to ../../build/python_pkg/python_pkg.egg-info/requires.txt
[4.202s] writing top-level names to ../../build/python_pkg/python_pkg.egg-info/top_level.txt
[4.211s] reading manifest file '../../build/python_pkg/python_pkg.egg-info/SOURCES.txt'
[4.211s] writing manifest file '../../build/python_pkg/python_pkg.egg-info/SOURCES.txt'
[4.212s] running build
[4.212s] running build_py
[4.217s] running install
[4.218s] running install_lib
[4.223s] running install_data
[4.224s] running install_egg_info
[4.232s] removing '/home/fra/ros2_ws/install/python_pkg/lib/python3.10/site-packages/python_pkg-0.0.0-py3.10.egg-info' (and everything under it)
[4.233s] Copying ../../build/python_pkg/python_pkg.egg-info to /home/fra/ros2_ws/install/python_pkg/lib/python3.10/site-packages/python_pkg-0.0.0-py3.10.egg-info
[4.238s] running install_scripts
[4.335s] Installing node_python script to /home/fra/ros2_ws/install/python_pkg/lib/python_pkg
[4.336s] Installing publisher_py script to /home/fra/ros2_ws/install/python_pkg/lib/python_pkg
[4.340s] Installing server_py script to /home/fra/ros2_ws/install/python_pkg/lib/python_pkg
[4.340s] Installing subscriber_py script to /home/fra/ros2_ws/install/python_pkg/lib/python_pkg
[4.341s] writing list of installed files to '/home/fra/ros2_ws/build/python_pkg/install.log'
[4.431s] Invoked command in '/home/fra/ros2_ws/src/python_pkg' returned '0': CMAKE_PREFIX_PATH=/home/fra/ros2_ws/install/custom_interface:/home/fra/ros2_ws/install/cpp_pkg PYTHONPATH=/home/fra/ros2_ws/build/python_pkg/prefix_override:/usr/lib/python3/dist-packages/colcon_core/task/python/colcon_distutils_commands:/home/fra/ros2_ws/install/python_pkg/lib/python3.10/site-packages:${PYTHONPATH} /usr/bin/python3 -W ignore:setup.py install is deprecated -W ignore:easy_install command is deprecated setup.py egg_info --egg-base ../../build/python_pkg build --build-base /home/fra/ros2_ws/build/python_pkg/build install --record /home/fra/ros2_ws/build/python_pkg/install.log --single-version-externally-managed install_data
