[0.168s] DEBUG:colcon:Command line arguments: ['/usr/bin/colcon', 'build']
[0.169s] DEBUG:colcon:Parsed command line arguments: Namespace(log_base=None, log_level=None, verb_name='build', build_base='build', install_base='install', merge_install=False, symlink_install=False, test_result_base=None, continue_on_error=False, executor='parallel', parallel_workers=12, event_handlers=None, ignore_user_meta=False, metas=['./colcon.meta'], base_paths=['.'], packages_ignore=None, packages_ignore_regex=None, paths=None, packages_up_to=None, packages_up_to_regex=None, packages_above=None, packages_above_and_dependencies=None, packages_above_depth=None, packages_select_by_dep=None, packages_skip_by_dep=None, packages_skip_up_to=None, packages_select_build_failed=False, packages_skip_build_finished=False, packages_select_test_failures=False, packages_skip_test_passed=False, packages_select=None, packages_skip=None, packages_select_regex=None, packages_skip_regex=None, packages_start=None, packages_end=None, allow_overriding=[], cmake_args=None, cmake_target=None, cmake_target_skip_unavailable=False, cmake_clean_cache=False, cmake_clean_first=False, cmake_force_configure=False, ament_cmake_args=None, catkin_cmake_args=None, catkin_skip_building_tests=False, mixin_files=None, mixin=None, verb_parser=<colcon_mixin.mixin.mixin_argument.MixinArgumentDecorator object at 0x7064fa84a530>, verb_extension=<colcon_core.verb.build.BuildVerb object at 0x7064fa849ea0>, main=<bound method BuildVerb.main of <colcon_core.verb.build.BuildVerb object at 0x7064fa849ea0>>, mixin_verb=('build',))
[0.430s] Level 1:colcon.colcon_core.package_discovery:discover_packages(colcon_meta) check parameters
[0.430s] Level 1:colcon.colcon_core.package_discovery:discover_packages(recursive) check parameters
[0.430s] Level 1:colcon.colcon_core.package_discovery:discover_packages(ignore) check parameters
[0.430s] Level 1:colcon.colcon_core.package_discovery:discover_packages(path) check parameters
[0.430s] Level 1:colcon.colcon_core.package_discovery:discover_packages(colcon_meta) discover
[0.430s] Level 1:colcon.colcon_core.package_discovery:discover_packages(recursive) discover
[0.431s] INFO:colcon.colcon_core.package_discovery:Crawling recursively for packages in '/home/fra/ros2_ws'
[0.431s] Level 1:colcon.colcon_core.package_identification:_identify(.) by extensions ['ignore', 'ignore_ament_install']
[0.431s] Level 1:colcon.colcon_core.package_identification:_identify(.) by extension 'ignore'
[0.431s] Level 1:colcon.colcon_core.package_identification:_identify(.) by extension 'ignore_ament_install'
[0.431s] Level 1:colcon.colcon_core.package_identification:_identify(.) by extensions ['colcon_pkg']
[0.431s] Level 1:colcon.colcon_core.package_identification:_identify(.) by extension 'colcon_pkg'
[0.431s] Level 1:colcon.colcon_core.package_identification:_identify(.) by extensions ['colcon_meta']
[0.431s] Level 1:colcon.colcon_core.package_identification:_identify(.) by extension 'colcon_meta'
[0.431s] Level 1:colcon.colcon_core.package_identification:_identify(.) by extensions ['ros']
[0.431s] Level 1:colcon.colcon_core.package_identification:_identify(.) by extension 'ros'
[0.449s] Level 1:colcon.colcon_core.package_identification:_identify(.) by extensions ['cmake', 'python']
[0.450s] Level 1:colcon.colcon_core.package_identification:_identify(.) by extension 'cmake'
[0.450s] Level 1:colcon.colcon_core.package_identification:_identify(.) by extension 'python'
[0.450s] Level 1:colcon.colcon_core.package_identification:_identify(.) by extensions ['python_setup_py']
[0.450s] Level 1:colcon.colcon_core.package_identification:_identify(.) by extension 'python_setup_py'
[0.450s] Level 1:colcon.colcon_core.package_identification:_identify(build) by extensions ['ignore', 'ignore_ament_install']
[0.450s] Level 1:colcon.colcon_core.package_identification:_identify(build) by extension 'ignore'
[0.450s] Level 1:colcon.colcon_core.package_identification:_identify(build) ignored
[0.450s] Level 1:colcon.colcon_core.package_identification:_identify(install) by extensions ['ignore', 'ignore_ament_install']
[0.450s] Level 1:colcon.colcon_core.package_identification:_identify(install) by extension 'ignore'
[0.451s] Level 1:colcon.colcon_core.package_identification:_identify(install) ignored
[0.451s] Level 1:colcon.colcon_core.package_identification:_identify(log) by extensions ['ignore', 'ignore_ament_install']
[0.451s] Level 1:colcon.colcon_core.package_identification:_identify(log) by extension 'ignore'
[0.451s] Level 1:colcon.colcon_core.package_identification:_identify(log) ignored
[0.451s] Level 1:colcon.colcon_core.package_identification:_identify(src) by extensions ['ignore', 'ignore_ament_install']
[0.451s] Level 1:colcon.colcon_core.package_identification:_identify(src) by extension 'ignore'
[0.451s] Level 1:colcon.colcon_core.package_identification:_identify(src) by extension 'ignore_ament_install'
[0.451s] Level 1:colcon.colcon_core.package_identification:_identify(src) by extensions ['colcon_pkg']
[0.451s] Level 1:colcon.colcon_core.package_identification:_identify(src) by extension 'colcon_pkg'
[0.451s] Level 1:colcon.colcon_core.package_identification:_identify(src) by extensions ['colcon_meta']
[0.451s] Level 1:colcon.colcon_core.package_identification:_identify(src) by extension 'colcon_meta'
[0.452s] Level 1:colcon.colcon_core.package_identification:_identify(src) by extensions ['ros']
[0.452s] Level 1:colcon.colcon_core.package_identification:_identify(src) by extension 'ros'
[0.452s] Level 1:colcon.colcon_core.package_identification:_identify(src) by extensions ['cmake', 'python']
[0.452s] Level 1:colcon.colcon_core.package_identification:_identify(src) by extension 'cmake'
[0.452s] Level 1:colcon.colcon_core.package_identification:_identify(src) by extension 'python'
[0.452s] Level 1:colcon.colcon_core.package_identification:_identify(src) by extensions ['python_setup_py']
[0.452s] Level 1:colcon.colcon_core.package_identification:_identify(src) by extension 'python_setup_py'
[0.452s] Level 1:colcon.colcon_core.package_identification:_identify(src/cpp_pkg) by extensions ['ignore', 'ignore_ament_install']
[0.452s] Level 1:colcon.colcon_core.package_identification:_identify(src/cpp_pkg) by extension 'ignore'
[0.452s] Level 1:colcon.colcon_core.package_identification:_identify(src/cpp_pkg) by extension 'ignore_ament_install'
[0.452s] Level 1:colcon.colcon_core.package_identification:_identify(src/cpp_pkg) by extensions ['colcon_pkg']
[0.452s] Level 1:colcon.colcon_core.package_identification:_identify(src/cpp_pkg) by extension 'colcon_pkg'
[0.452s] Level 1:colcon.colcon_core.package_identification:_identify(src/cpp_pkg) by extensions ['colcon_meta']
[0.452s] Level 1:colcon.colcon_core.package_identification:_identify(src/cpp_pkg) by extension 'colcon_meta'
[0.453s] Level 1:colcon.colcon_core.package_identification:_identify(src/cpp_pkg) by extensions ['ros']
[0.453s] Level 1:colcon.colcon_core.package_identification:_identify(src/cpp_pkg) by extension 'ros'
[0.457s] DEBUG:colcon.colcon_core.package_identification:Package 'src/cpp_pkg' with type 'ros.ament_cmake' and name 'cpp_pkg'
[0.457s] Level 1:colcon.colcon_core.package_identification:_identify(src/custom_interface) by extensions ['ignore', 'ignore_ament_install']
[0.457s] Level 1:colcon.colcon_core.package_identification:_identify(src/custom_interface) by extension 'ignore'
[0.457s] Level 1:colcon.colcon_core.package_identification:_identify(src/custom_interface) by extension 'ignore_ament_install'
[0.457s] Level 1:colcon.colcon_core.package_identification:_identify(src/custom_interface) by extensions ['colcon_pkg']
[0.457s] Level 1:colcon.colcon_core.package_identification:_identify(src/custom_interface) by extension 'colcon_pkg'
[0.458s] Level 1:colcon.colcon_core.package_identification:_identify(src/custom_interface) by extensions ['colcon_meta']
[0.458s] Level 1:colcon.colcon_core.package_identification:_identify(src/custom_interface) by extension 'colcon_meta'
[0.458s] Level 1:colcon.colcon_core.package_identification:_identify(src/custom_interface) by extensions ['ros']
[0.458s] Level 1:colcon.colcon_core.package_identification:_identify(src/custom_interface) by extension 'ros'
[0.459s] DEBUG:colcon.colcon_core.package_identification:Package 'src/custom_interface' with type 'ros.ament_cmake' and name 'custom_interface'
[0.459s] Level 1:colcon.colcon_core.package_identification:_identify(src/python_pkg) by extensions ['ignore', 'ignore_ament_install']
[0.459s] Level 1:colcon.colcon_core.package_identification:_identify(src/python_pkg) by extension 'ignore'
[0.459s] Level 1:colcon.colcon_core.package_identification:_identify(src/python_pkg) by extension 'ignore_ament_install'
[0.459s] Level 1:colcon.colcon_core.package_identification:_identify(src/python_pkg) by extensions ['colcon_pkg']
[0.459s] Level 1:colcon.colcon_core.package_identification:_identify(src/python_pkg) by extension 'colcon_pkg'
[0.459s] Level 1:colcon.colcon_core.package_identification:_identify(src/python_pkg) by extensions ['colcon_meta']
[0.459s] Level 1:colcon.colcon_core.package_identification:_identify(src/python_pkg) by extension 'colcon_meta'
[0.460s] Level 1:colcon.colcon_core.package_identification:_identify(src/python_pkg) by extensions ['ros']
[0.460s] Level 1:colcon.colcon_core.package_identification:_identify(src/python_pkg) by extension 'ros'
[0.461s] DEBUG:colcon.colcon_core.package_identification:Package 'src/python_pkg' with type 'ros.ament_python' and name 'python_pkg'
[0.461s] Level 1:colcon.colcon_core.package_discovery:discover_packages(recursive) using defaults
[0.462s] Level 1:colcon.colcon_core.package_discovery:discover_packages(ignore) discover
[0.462s] Level 1:colcon.colcon_core.package_discovery:discover_packages(ignore) using defaults
[0.462s] Level 1:colcon.colcon_core.package_discovery:discover_packages(path) discover
[0.462s] Level 1:colcon.colcon_core.package_discovery:discover_packages(path) using defaults
[0.523s] Level 1:colcon.colcon_core.package_discovery:discover_packages(prefix_path) check parameters
[0.523s] Level 1:colcon.colcon_core.package_discovery:discover_packages(prefix_path) discover
[0.529s] DEBUG:colcon.colcon_installed_package_information.package_discovery:Found 3 installed packages in /home/fra/ros2_ws/install
[0.531s] DEBUG:colcon.colcon_installed_package_information.package_discovery:Found 270 installed packages in /opt/ros/humble
[0.534s] Level 1:colcon.colcon_core.package_discovery:discover_packages(prefix_path) using defaults
[0.598s] Level 5:colcon.colcon_core.verb:set package 'custom_interface' build argument 'cmake_args' from command line to 'None'
[0.598s] Level 5:colcon.colcon_core.verb:set package 'custom_interface' build argument 'cmake_target' from command line to 'None'
[0.598s] Level 5:colcon.colcon_core.verb:set package 'custom_interface' build argument 'cmake_target_skip_unavailable' from command line to 'False'
[0.598s] Level 5:colcon.colcon_core.verb:set package 'custom_interface' build argument 'cmake_clean_cache' from command line to 'False'
[0.598s] Level 5:colcon.colcon_core.verb:set package 'custom_interface' build argument 'cmake_clean_first' from command line to 'False'
[0.598s] Level 5:colcon.colcon_core.verb:set package 'custom_interface' build argument 'cmake_force_configure' from command line to 'False'
[0.598s] Level 5:colcon.colcon_core.verb:set package 'custom_interface' build argument 'ament_cmake_args' from command line to 'None'
[0.599s] Level 5:colcon.colcon_core.verb:set package 'custom_interface' build argument 'catkin_cmake_args' from command line to 'None'
[0.599s] Level 5:colcon.colcon_core.verb:set package 'custom_interface' build argument 'catkin_skip_building_tests' from command line to 'False'
[0.599s] DEBUG:colcon.colcon_core.verb:Building package 'custom_interface' with the following arguments: {'ament_cmake_args': None, 'build_base': '/home/fra/ros2_ws/build/custom_interface', 'catkin_cmake_args': None, 'catkin_skip_building_tests': False, 'cmake_args': None, 'cmake_clean_cache': False, 'cmake_clean_first': False, 'cmake_force_configure': False, 'cmake_target': None, 'cmake_target_skip_unavailable': False, 'install_base': '/home/fra/ros2_ws/install/custom_interface', 'merge_install': False, 'path': '/home/fra/ros2_ws/src/custom_interface', 'symlink_install': False, 'test_result_base': None}
[0.599s] Level 5:colcon.colcon_core.verb:set package 'cpp_pkg' build argument 'cmake_args' from command line to 'None'
[0.599s] Level 5:colcon.colcon_core.verb:set package 'cpp_pkg' build argument 'cmake_target' from command line to 'None'
[0.599s] Level 5:colcon.colcon_core.verb:set package 'cpp_pkg' build argument 'cmake_target_skip_unavailable' from command line to 'False'
[0.599s] Level 5:colcon.colcon_core.verb:set package 'cpp_pkg' build argument 'cmake_clean_cache' from command line to 'False'
[0.599s] Level 5:colcon.colcon_core.verb:set package 'cpp_pkg' build argument 'cmake_clean_first' from command line to 'False'
[0.599s] Level 5:colcon.colcon_core.verb:set package 'cpp_pkg' build argument 'cmake_force_configure' from command line to 'False'
[0.599s] Level 5:colcon.colcon_core.verb:set package 'cpp_pkg' build argument 'ament_cmake_args' from command line to 'None'
[0.599s] Level 5:colcon.colcon_core.verb:set package 'cpp_pkg' build argument 'catkin_cmake_args' from command line to 'None'
[0.600s] Level 5:colcon.colcon_core.verb:set package 'cpp_pkg' build argument 'catkin_skip_building_tests' from command line to 'False'
[0.600s] DEBUG:colcon.colcon_core.verb:Building package 'cpp_pkg' with the following arguments: {'ament_cmake_args': None, 'build_base': '/home/fra/ros2_ws/build/cpp_pkg', 'catkin_cmake_args': None, 'catkin_skip_building_tests': False, 'cmake_args': None, 'cmake_clean_cache': False, 'cmake_clean_first': False, 'cmake_force_configure': False, 'cmake_target': None, 'cmake_target_skip_unavailable': False, 'install_base': '/home/fra/ros2_ws/install/cpp_pkg', 'merge_install': False, 'path': '/home/fra/ros2_ws/src/cpp_pkg', 'symlink_install': False, 'test_result_base': None}
[0.600s] Level 5:colcon.colcon_core.verb:set package 'python_pkg' build argument 'cmake_args' from command line to 'None'
[0.600s] Level 5:colcon.colcon_core.verb:set package 'python_pkg' build argument 'cmake_target' from command line to 'None'
[0.600s] Level 5:colcon.colcon_core.verb:set package 'python_pkg' build argument 'cmake_target_skip_unavailable' from command line to 'False'
[0.600s] Level 5:colcon.colcon_core.verb:set package 'python_pkg' build argument 'cmake_clean_cache' from command line to 'False'
[0.600s] Level 5:colcon.colcon_core.verb:set package 'python_pkg' build argument 'cmake_clean_first' from command line to 'False'
[0.601s] Level 5:colcon.colcon_core.verb:set package 'python_pkg' build argument 'cmake_force_configure' from command line to 'False'
[0.601s] Level 5:colcon.colcon_core.verb:set package 'python_pkg' build argument 'ament_cmake_args' from command line to 'None'
[0.601s] Level 5:colcon.colcon_core.verb:set package 'python_pkg' build argument 'catkin_cmake_args' from command line to 'None'
[0.601s] Level 5:colcon.colcon_core.verb:set package 'python_pkg' build argument 'catkin_skip_building_tests' from command line to 'False'
[0.601s] DEBUG:colcon.colcon_core.verb:Building package 'python_pkg' with the following arguments: {'ament_cmake_args': None, 'build_base': '/home/fra/ros2_ws/build/python_pkg', 'catkin_cmake_args': None, 'catkin_skip_building_tests': False, 'cmake_args': None, 'cmake_clean_cache': False, 'cmake_clean_first': False, 'cmake_force_configure': False, 'cmake_target': None, 'cmake_target_skip_unavailable': False, 'install_base': '/home/fra/ros2_ws/install/python_pkg', 'merge_install': False, 'path': '/home/fra/ros2_ws/src/python_pkg', 'symlink_install': False, 'test_result_base': None}
[0.601s] INFO:colcon.colcon_core.executor:Executing jobs using 'parallel' executor
[0.604s] DEBUG:colcon.colcon_parallel_executor.executor.parallel:run_until_complete
[0.604s] INFO:colcon.colcon_ros.task.ament_cmake.build:Building ROS package in '/home/fra/ros2_ws/src/custom_interface' with build type 'ament_cmake'
[0.604s] INFO:colcon.colcon_cmake.task.cmake.build:Building CMake package in '/home/fra/ros2_ws/src/custom_interface'
[0.609s] INFO:colcon.colcon_core.plugin_system:Skipping extension 'colcon_core.shell.bat': Not used on non-Windows systems
[0.609s] INFO:colcon.colcon_core.shell:Skip shell extension 'powershell' for command environment: Not usable outside of PowerShell
[0.609s] DEBUG:colcon.colcon_core.shell:Skip shell extension 'dsv' for command environment
[0.623s] DEBUG:colcon.colcon_core.event_handler.log_command:Invoking command in '/home/fra/ros2_ws/build/custom_interface': CMAKE_PREFIX_PATH=${CMAKE_PREFIX_PATH}:/home/fra/ros2_ws/install/python_pkg:/opt/ros/humble /usr/bin/cmake --build /home/fra/ros2_ws/build/custom_interface -- -j12 -l12
[1.317s] DEBUG:colcon.colcon_core.event_handler.log_command:Invoked command in '/home/fra/ros2_ws/build/custom_interface' returned '0': CMAKE_PREFIX_PATH=${CMAKE_PREFIX_PATH}:/home/fra/ros2_ws/install/python_pkg:/opt/ros/humble /usr/bin/cmake --build /home/fra/ros2_ws/build/custom_interface -- -j12 -l12
[1.335s] DEBUG:colcon.colcon_core.event_handler.log_command:Invoking command in '/home/fra/ros2_ws/build/custom_interface': CMAKE_PREFIX_PATH=${CMAKE_PREFIX_PATH}:/home/fra/ros2_ws/install/python_pkg:/opt/ros/humble /usr/bin/cmake --install /home/fra/ros2_ws/build/custom_interface
[1.434s] Level 1:colcon.colcon_core.environment:create_environment_scripts_only(custom_interface)
[1.435s] DEBUG:colcon.colcon_core.event_handler.log_command:Invoked command in '/home/fra/ros2_ws/build/custom_interface' returned '0': CMAKE_PREFIX_PATH=${CMAKE_PREFIX_PATH}:/home/fra/ros2_ws/install/python_pkg:/opt/ros/humble /usr/bin/cmake --install /home/fra/ros2_ws/build/custom_interface
[1.442s] Level 1:colcon.colcon_core.environment:checking '/home/fra/ros2_ws/install/custom_interface' for CMake module files
[1.443s] Level 1:colcon.colcon_core.environment:checking '/home/fra/ros2_ws/install/custom_interface' for CMake config files
[1.444s] Level 1:colcon.colcon_core.shell:create_environment_hook('custom_interface', 'cmake_prefix_path')
[1.444s] INFO:colcon.colcon_core.shell:Creating environment hook '/home/fra/ros2_ws/install/custom_interface/share/custom_interface/hook/cmake_prefix_path.ps1'
[1.446s] INFO:colcon.colcon_core.shell:Creating environment descriptor '/home/fra/ros2_ws/install/custom_interface/share/custom_interface/hook/cmake_prefix_path.dsv'
[1.448s] INFO:colcon.colcon_core.shell:Creating environment hook '/home/fra/ros2_ws/install/custom_interface/share/custom_interface/hook/cmake_prefix_path.sh'
[1.450s] Level 1:colcon.colcon_core.environment:checking '/home/fra/ros2_ws/install/custom_interface/lib'
[1.450s] Level 1:colcon.colcon_core.shell:create_environment_hook('custom_interface', 'ld_library_path_lib')
[1.450s] INFO:colcon.colcon_core.shell:Creating environment hook '/home/fra/ros2_ws/install/custom_interface/share/custom_interface/hook/ld_library_path_lib.ps1'
[1.451s] INFO:colcon.colcon_core.shell:Creating environment descriptor '/home/fra/ros2_ws/install/custom_interface/share/custom_interface/hook/ld_library_path_lib.dsv'
[1.451s] INFO:colcon.colcon_core.shell:Creating environment hook '/home/fra/ros2_ws/install/custom_interface/share/custom_interface/hook/ld_library_path_lib.sh'
[1.452s] Level 1:colcon.colcon_core.environment:checking '/home/fra/ros2_ws/install/custom_interface/bin'
[1.453s] Level 1:colcon.colcon_core.environment:checking '/home/fra/ros2_ws/install/custom_interface/lib/pkgconfig/custom_interface.pc'
[1.454s] Level 1:colcon.colcon_core.environment:checking '/home/fra/ros2_ws/install/custom_interface/lib/python3.10/site-packages'
[1.454s] Level 1:colcon.colcon_core.environment:checking '/home/fra/ros2_ws/install/custom_interface/bin'
[1.455s] INFO:colcon.colcon_core.shell:Creating package script '/home/fra/ros2_ws/install/custom_interface/share/custom_interface/package.ps1'
[1.457s] INFO:colcon.colcon_core.shell:Creating package descriptor '/home/fra/ros2_ws/install/custom_interface/share/custom_interface/package.dsv'
[1.461s] INFO:colcon.colcon_core.shell:Creating package script '/home/fra/ros2_ws/install/custom_interface/share/custom_interface/package.sh'
[1.462s] INFO:colcon.colcon_core.shell:Creating package script '/home/fra/ros2_ws/install/custom_interface/share/custom_interface/package.bash'
[1.464s] INFO:colcon.colcon_core.shell:Creating package script '/home/fra/ros2_ws/install/custom_interface/share/custom_interface/package.zsh'
[1.465s] Level 1:colcon.colcon_core.environment:create_file_with_runtime_dependencies(/home/fra/ros2_ws/install/custom_interface/share/colcon-core/packages/custom_interface)
[1.466s] Level 1:colcon.colcon_core.environment:create_environment_scripts_only(custom_interface)
[1.466s] Level 1:colcon.colcon_core.environment:checking '/home/fra/ros2_ws/install/custom_interface' for CMake module files
[1.467s] Level 1:colcon.colcon_core.environment:checking '/home/fra/ros2_ws/install/custom_interface' for CMake config files
[1.468s] Level 1:colcon.colcon_core.shell:create_environment_hook('custom_interface', 'cmake_prefix_path')
[1.468s] INFO:colcon.colcon_core.shell:Creating environment hook '/home/fra/ros2_ws/install/custom_interface/share/custom_interface/hook/cmake_prefix_path.ps1'
[1.469s] INFO:colcon.colcon_core.shell:Creating environment descriptor '/home/fra/ros2_ws/install/custom_interface/share/custom_interface/hook/cmake_prefix_path.dsv'
[1.470s] INFO:colcon.colcon_core.shell:Creating environment hook '/home/fra/ros2_ws/install/custom_interface/share/custom_interface/hook/cmake_prefix_path.sh'
[1.471s] Level 1:colcon.colcon_core.environment:checking '/home/fra/ros2_ws/install/custom_interface/lib'
[1.471s] Level 1:colcon.colcon_core.shell:create_environment_hook('custom_interface', 'ld_library_path_lib')
[1.471s] INFO:colcon.colcon_core.shell:Creating environment hook '/home/fra/ros2_ws/install/custom_interface/share/custom_interface/hook/ld_library_path_lib.ps1'
[1.472s] INFO:colcon.colcon_core.shell:Creating environment descriptor '/home/fra/ros2_ws/install/custom_interface/share/custom_interface/hook/ld_library_path_lib.dsv'
[1.473s] INFO:colcon.colcon_core.shell:Creating environment hook '/home/fra/ros2_ws/install/custom_interface/share/custom_interface/hook/ld_library_path_lib.sh'
[1.473s] Level 1:colcon.colcon_core.environment:checking '/home/fra/ros2_ws/install/custom_interface/bin'
[1.473s] Level 1:colcon.colcon_core.environment:checking '/home/fra/ros2_ws/install/custom_interface/lib/pkgconfig/custom_interface.pc'
[1.474s] Level 1:colcon.colcon_core.environment:checking '/home/fra/ros2_ws/install/custom_interface/lib/python3.10/site-packages'
[1.474s] Level 1:colcon.colcon_core.environment:checking '/home/fra/ros2_ws/install/custom_interface/bin'
[1.475s] INFO:colcon.colcon_core.shell:Creating package script '/home/fra/ros2_ws/install/custom_interface/share/custom_interface/package.ps1'
[1.476s] INFO:colcon.colcon_core.shell:Creating package descriptor '/home/fra/ros2_ws/install/custom_interface/share/custom_interface/package.dsv'
[1.477s] INFO:colcon.colcon_core.shell:Creating package script '/home/fra/ros2_ws/install/custom_interface/share/custom_interface/package.sh'
[1.478s] INFO:colcon.colcon_core.shell:Creating package script '/home/fra/ros2_ws/install/custom_interface/share/custom_interface/package.bash'
[1.481s] INFO:colcon.colcon_core.shell:Creating package script '/home/fra/ros2_ws/install/custom_interface/share/custom_interface/package.zsh'
[1.482s] Level 1:colcon.colcon_core.environment:create_file_with_runtime_dependencies(/home/fra/ros2_ws/install/custom_interface/share/colcon-core/packages/custom_interface)
[1.482s] INFO:colcon.colcon_ros.task.ament_cmake.build:Building ROS package in '/home/fra/ros2_ws/src/cpp_pkg' with build type 'ament_cmake'
[1.483s] INFO:colcon.colcon_cmake.task.cmake.build:Building CMake package in '/home/fra/ros2_ws/src/cpp_pkg'
[1.483s] INFO:colcon.colcon_core.shell:Skip shell extension 'powershell' for command environment: Not usable outside of PowerShell
[1.483s] DEBUG:colcon.colcon_core.shell:Skip shell extension 'dsv' for command environment
[1.489s] INFO:colcon.colcon_ros.task.ament_python.build:Building ROS package in '/home/fra/ros2_ws/src/python_pkg' with build type 'ament_python'
[1.489s] Level 1:colcon.colcon_core.shell:create_environment_hook('python_pkg', 'ament_prefix_path')
[1.490s] INFO:colcon.colcon_core.shell:Creating environment hook '/home/fra/ros2_ws/install/python_pkg/share/python_pkg/hook/ament_prefix_path.ps1'
[1.490s] INFO:colcon.colcon_core.shell:Creating environment descriptor '/home/fra/ros2_ws/install/python_pkg/share/python_pkg/hook/ament_prefix_path.dsv'
[1.491s] INFO:colcon.colcon_core.shell:Creating environment hook '/home/fra/ros2_ws/install/python_pkg/share/python_pkg/hook/ament_prefix_path.sh'
[1.492s] INFO:colcon.colcon_core.shell:Skip shell extension 'powershell' for command environment: Not usable outside of PowerShell
[1.492s] DEBUG:colcon.colcon_core.shell:Skip shell extension 'dsv' for command environment
[1.512s] DEBUG:colcon.colcon_core.event_handler.log_command:Invoking command in '/home/fra/ros2_ws/build/cpp_pkg': CMAKE_PREFIX_PATH=/home/fra/ros2_ws/install/custom_interface:/home/fra/ros2_ws/install/cpp_pkg:/home/fra/ros2_ws/install/python_pkg:/opt/ros/humble /usr/bin/cmake --build /home/fra/ros2_ws/build/cpp_pkg -- -j12 -l12
[1.964s] INFO:colcon.colcon_core.task.python.build:Building Python package in '/home/fra/ros2_ws/src/python_pkg'
[1.965s] INFO:colcon.colcon_core.shell:Skip shell extension 'powershell' for command environment: Not usable outside of PowerShell
[1.965s] DEBUG:colcon.colcon_core.shell:Skip shell extension 'dsv' for command environment
[2.657s] DEBUG:colcon.colcon_core.event_handler.log_command:Invoking command in '/home/fra/ros2_ws/src/python_pkg': CMAKE_PREFIX_PATH=/home/fra/ros2_ws/install/custom_interface:/home/fra/ros2_ws/install/cpp_pkg PYTHONPATH=/home/fra/ros2_ws/build/python_pkg/prefix_override:/usr/lib/python3/dist-packages/colcon_core/task/python/colcon_distutils_commands:/home/fra/ros2_ws/install/python_pkg/lib/python3.10/site-packages:${PYTHONPATH} /usr/bin/python3 -W ignore:setup.py install is deprecated -W ignore:easy_install command is deprecated setup.py egg_info --egg-base ../../build/python_pkg build --build-base /home/fra/ros2_ws/build/python_pkg/build install --record /home/fra/ros2_ws/build/python_pkg/install.log --single-version-externally-managed install_data
[3.149s] Level 1:colcon.colcon_core.environment:checking '/home/fra/ros2_ws/install/python_pkg' for CMake module files
[3.150s] Level 1:colcon.colcon_core.environment:checking '/home/fra/ros2_ws/install/python_pkg' for CMake config files
[3.151s] Level 1:colcon.colcon_core.environment:checking '/home/fra/ros2_ws/install/python_pkg/lib'
[3.151s] Level 1:colcon.colcon_core.environment:checking '/home/fra/ros2_ws/install/python_pkg/bin'
[3.151s] Level 1:colcon.colcon_core.environment:checking '/home/fra/ros2_ws/install/python_pkg/lib/pkgconfig/python_pkg.pc'
[3.151s] Level 1:colcon.colcon_core.environment:checking '/home/fra/ros2_ws/install/python_pkg/lib/python3.10/site-packages'
[3.152s] DEBUG:colcon.colcon_core.event_handler.log_command:Invoked command in '/home/fra/ros2_ws/src/python_pkg' returned '0': CMAKE_PREFIX_PATH=/home/fra/ros2_ws/install/custom_interface:/home/fra/ros2_ws/install/cpp_pkg PYTHONPATH=/home/fra/ros2_ws/build/python_pkg/prefix_override:/usr/lib/python3/dist-packages/colcon_core/task/python/colcon_distutils_commands:/home/fra/ros2_ws/install/python_pkg/lib/python3.10/site-packages:${PYTHONPATH} /usr/bin/python3 -W ignore:setup.py install is deprecated -W ignore:easy_install command is deprecated setup.py egg_info --egg-base ../../build/python_pkg build --build-base /home/fra/ros2_ws/build/python_pkg/build install --record /home/fra/ros2_ws/build/python_pkg/install.log --single-version-externally-managed install_data
[3.152s] Level 1:colcon.colcon_core.shell:create_environment_hook('python_pkg', 'pythonpath')
[3.152s] INFO:colcon.colcon_core.shell:Creating environment hook '/home/fra/ros2_ws/install/python_pkg/share/python_pkg/hook/pythonpath.ps1'
[3.153s] INFO:colcon.colcon_core.shell:Creating environment descriptor '/home/fra/ros2_ws/install/python_pkg/share/python_pkg/hook/pythonpath.dsv'
[3.153s] INFO:colcon.colcon_core.shell:Creating environment hook '/home/fra/ros2_ws/install/python_pkg/share/python_pkg/hook/pythonpath.sh'
[3.154s] Level 1:colcon.colcon_core.environment:checking '/home/fra/ros2_ws/install/python_pkg/bin'
[3.154s] Level 1:colcon.colcon_core.environment:create_environment_scripts_only(python_pkg)
[3.155s] INFO:colcon.colcon_core.shell:Creating package script '/home/fra/ros2_ws/install/python_pkg/share/python_pkg/package.ps1'
[3.155s] INFO:colcon.colcon_core.shell:Creating package descriptor '/home/fra/ros2_ws/install/python_pkg/share/python_pkg/package.dsv'
[3.156s] INFO:colcon.colcon_core.shell:Creating package script '/home/fra/ros2_ws/install/python_pkg/share/python_pkg/package.sh'
[3.156s] INFO:colcon.colcon_core.shell:Creating package script '/home/fra/ros2_ws/install/python_pkg/share/python_pkg/package.bash'
[3.157s] INFO:colcon.colcon_core.shell:Creating package script '/home/fra/ros2_ws/install/python_pkg/share/python_pkg/package.zsh'
[3.157s] Level 1:colcon.colcon_core.environment:create_file_with_runtime_dependencies(/home/fra/ros2_ws/install/python_pkg/share/colcon-core/packages/python_pkg)
[7.145s] DEBUG:colcon.colcon_core.event_handler.log_command:Invoked command in '/home/fra/ros2_ws/build/cpp_pkg' returned '2': CMAKE_PREFIX_PATH=/home/fra/ros2_ws/install/custom_interface:/home/fra/ros2_ws/install/cpp_pkg:/home/fra/ros2_ws/install/python_pkg:/opt/ros/humble /usr/bin/cmake --build /home/fra/ros2_ws/build/cpp_pkg -- -j12 -l12
[7.146s] Level 1:colcon.colcon_core.environment:create_environment_scripts_only(cpp_pkg)
[7.146s] Level 1:colcon.colcon_core.environment:checking '/home/fra/ros2_ws/install/cpp_pkg' for CMake module files
[7.147s] Level 1:colcon.colcon_core.environment:checking '/home/fra/ros2_ws/install/cpp_pkg' for CMake config files
[7.148s] Level 1:colcon.colcon_core.shell:create_environment_hook('cpp_pkg', 'cmake_prefix_path')
[7.148s] INFO:colcon.colcon_core.shell:Creating environment hook '/home/fra/ros2_ws/install/cpp_pkg/share/cpp_pkg/hook/cmake_prefix_path.ps1'
[7.149s] INFO:colcon.colcon_core.shell:Creating environment descriptor '/home/fra/ros2_ws/install/cpp_pkg/share/cpp_pkg/hook/cmake_prefix_path.dsv'
[7.150s] INFO:colcon.colcon_core.shell:Creating environment hook '/home/fra/ros2_ws/install/cpp_pkg/share/cpp_pkg/hook/cmake_prefix_path.sh'
[7.151s] Level 1:colcon.colcon_core.environment:checking '/home/fra/ros2_ws/install/cpp_pkg/lib'
[7.151s] Level 1:colcon.colcon_core.environment:checking '/home/fra/ros2_ws/install/cpp_pkg/bin'
[7.151s] Level 1:colcon.colcon_core.environment:checking '/home/fra/ros2_ws/install/cpp_pkg/lib/pkgconfig/cpp_pkg.pc'
[7.152s] Level 1:colcon.colcon_core.environment:checking '/home/fra/ros2_ws/install/cpp_pkg/lib/python3.10/site-packages'
[7.152s] Level 1:colcon.colcon_core.environment:checking '/home/fra/ros2_ws/install/cpp_pkg/bin'
[7.153s] INFO:colcon.colcon_core.shell:Creating package script '/home/fra/ros2_ws/install/cpp_pkg/share/cpp_pkg/package.ps1'
[7.154s] INFO:colcon.colcon_core.shell:Creating package descriptor '/home/fra/ros2_ws/install/cpp_pkg/share/cpp_pkg/package.dsv'
[7.155s] INFO:colcon.colcon_core.shell:Creating package script '/home/fra/ros2_ws/install/cpp_pkg/share/cpp_pkg/package.sh'
[7.156s] INFO:colcon.colcon_core.shell:Creating package script '/home/fra/ros2_ws/install/cpp_pkg/share/cpp_pkg/package.bash'
[7.157s] INFO:colcon.colcon_core.shell:Creating package script '/home/fra/ros2_ws/install/cpp_pkg/share/cpp_pkg/package.zsh'
[7.158s] Level 1:colcon.colcon_core.environment:create_file_with_runtime_dependencies(/home/fra/ros2_ws/install/cpp_pkg/share/colcon-core/packages/cpp_pkg)
[7.168s] DEBUG:colcon.colcon_parallel_executor.executor.parallel:closing loop
[7.170s] DEBUG:colcon.colcon_parallel_executor.executor.parallel:loop closed
[7.170s] DEBUG:colcon.colcon_parallel_executor.executor.parallel:run_until_complete finished with '2'
[7.170s] DEBUG:colcon.colcon_core.event_reactor:joining thread
[7.178s] INFO:colcon.colcon_core.plugin_system:Skipping extension 'colcon_notification.desktop_notification.terminal_notifier': Not used on non-Darwin systems
[7.178s] INFO:colcon.colcon_core.plugin_system:Skipping extension 'colcon_notification.desktop_notification.win32': Not used on non-Windows systems
[7.178s] INFO:colcon.colcon_notification.desktop_notification:Sending desktop notification using 'notify2'
[7.204s] DEBUG:colcon.colcon_core.event_reactor:joined thread
[7.205s] INFO:colcon.colcon_core.shell:Creating prefix script '/home/fra/ros2_ws/install/local_setup.ps1'
[7.207s] INFO:colcon.colcon_core.shell:Creating prefix util module '/home/fra/ros2_ws/install/_local_setup_util_ps1.py'
[7.209s] INFO:colcon.colcon_core.shell:Creating prefix chain script '/home/fra/ros2_ws/install/setup.ps1'
[7.215s] INFO:colcon.colcon_core.shell:Creating prefix script '/home/fra/ros2_ws/install/local_setup.sh'
[7.217s] INFO:colcon.colcon_core.shell:Creating prefix util module '/home/fra/ros2_ws/install/_local_setup_util_sh.py'
[7.217s] INFO:colcon.colcon_core.shell:Creating prefix chain script '/home/fra/ros2_ws/install/setup.sh'
[7.219s] INFO:colcon.colcon_core.shell:Creating prefix script '/home/fra/ros2_ws/install/local_setup.bash'
[7.220s] INFO:colcon.colcon_core.shell:Creating prefix chain script '/home/fra/ros2_ws/install/setup.bash'
[7.222s] INFO:colcon.colcon_core.shell:Creating prefix script '/home/fra/ros2_ws/install/local_setup.zsh'
[7.223s] INFO:colcon.colcon_core.shell:Creating prefix chain script '/home/fra/ros2_ws/install/setup.zsh'
