[0.156s] DEBUG:colcon:Command line arguments: ['/usr/bin/colcon', 'build']
[0.156s] DEBUG:colcon:Parsed command line arguments: Namespace(log_base=None, log_level=None, verb_name='build', build_base='build', install_base='install', merge_install=False, symlink_install=False, test_result_base=None, continue_on_error=False, executor='parallel', parallel_workers=12, event_handlers=None, ignore_user_meta=False, metas=['./colcon.meta'], base_paths=['.'], packages_ignore=None, packages_ignore_regex=None, paths=None, packages_up_to=None, packages_up_to_regex=None, packages_above=None, packages_above_and_dependencies=None, packages_above_depth=None, packages_select_by_dep=None, packages_skip_by_dep=None, packages_skip_up_to=None, packages_select_build_failed=False, packages_skip_build_finished=False, packages_select_test_failures=False, packages_skip_test_passed=False, packages_select=None, packages_skip=None, packages_select_regex=None, packages_skip_regex=None, packages_start=None, packages_end=None, allow_overriding=[], cmake_args=None, cmake_target=None, cmake_target_skip_unavailable=False, cmake_clean_cache=False, cmake_clean_first=False, cmake_force_configure=False, ament_cmake_args=None, catkin_cmake_args=None, catkin_skip_building_tests=False, mixin_files=None, mixin=None, verb_parser=<colcon_mixin.mixin.mixin_argument.MixinArgumentDecorator object at 0x77fe9ea4e380>, verb_extension=<colcon_core.verb.build.BuildVerb object at 0x77fe9ea4dcf0>, main=<bound method BuildVerb.main of <colcon_core.verb.build.BuildVerb object at 0x77fe9ea4dcf0>>, mixin_verb=('build',))
[0.314s] Level 1:colcon.colcon_core.package_discovery:discover_packages(colcon_meta) check parameters
[0.314s] Level 1:colcon.colcon_core.package_discovery:discover_packages(recursive) check parameters
[0.314s] Level 1:colcon.colcon_core.package_discovery:discover_packages(ignore) check parameters
[0.314s] Level 1:colcon.colcon_core.package_discovery:discover_packages(path) check parameters
[0.314s] Level 1:colcon.colcon_core.package_discovery:discover_packages(colcon_meta) discover
[0.314s] Level 1:colcon.colcon_core.package_discovery:discover_packages(recursive) discover
[0.314s] INFO:colcon.colcon_core.package_discovery:Crawling recursively for packages in '/home/fra/ros2_ws'
[0.315s] Level 1:colcon.colcon_core.package_identification:_identify(.) by extensions ['ignore', 'ignore_ament_install']
[0.315s] Level 1:colcon.colcon_core.package_identification:_identify(.) by extension 'ignore'
[0.315s] Level 1:colcon.colcon_core.package_identification:_identify(.) by extension 'ignore_ament_install'
[0.315s] Level 1:colcon.colcon_core.package_identification:_identify(.) by extensions ['colcon_pkg']
[0.315s] Level 1:colcon.colcon_core.package_identification:_identify(.) by extension 'colcon_pkg'
[0.315s] Level 1:colcon.colcon_core.package_identification:_identify(.) by extensions ['colcon_meta']
[0.315s] Level 1:colcon.colcon_core.package_identification:_identify(.) by extension 'colcon_meta'
[0.315s] Level 1:colcon.colcon_core.package_identification:_identify(.) by extensions ['ros']
[0.315s] Level 1:colcon.colcon_core.package_identification:_identify(.) by extension 'ros'
[0.325s] Level 1:colcon.colcon_core.package_identification:_identify(.) by extensions ['cmake', 'python']
[0.325s] Level 1:colcon.colcon_core.package_identification:_identify(.) by extension 'cmake'
[0.325s] Level 1:colcon.colcon_core.package_identification:_identify(.) by extension 'python'
[0.325s] Level 1:colcon.colcon_core.package_identification:_identify(.) by extensions ['python_setup_py']
[0.325s] Level 1:colcon.colcon_core.package_identification:_identify(.) by extension 'python_setup_py'
[0.325s] Level 1:colcon.colcon_core.package_identification:_identify(build) by extensions ['ignore', 'ignore_ament_install']
[0.325s] Level 1:colcon.colcon_core.package_identification:_identify(build) by extension 'ignore'
[0.325s] Level 1:colcon.colcon_core.package_identification:_identify(build) ignored
[0.325s] Level 1:colcon.colcon_core.package_identification:_identify(install) by extensions ['ignore', 'ignore_ament_install']
[0.326s] Level 1:colcon.colcon_core.package_identification:_identify(install) by extension 'ignore'
[0.326s] Level 1:colcon.colcon_core.package_identification:_identify(install) ignored
[0.326s] Level 1:colcon.colcon_core.package_identification:_identify(log) by extensions ['ignore', 'ignore_ament_install']
[0.326s] Level 1:colcon.colcon_core.package_identification:_identify(log) by extension 'ignore'
[0.326s] Level 1:colcon.colcon_core.package_identification:_identify(log) ignored
[0.326s] Level 1:colcon.colcon_core.package_identification:_identify(src) by extensions ['ignore', 'ignore_ament_install']
[0.326s] Level 1:colcon.colcon_core.package_identification:_identify(src) by extension 'ignore'
[0.326s] Level 1:colcon.colcon_core.package_identification:_identify(src) by extension 'ignore_ament_install'
[0.326s] Level 1:colcon.colcon_core.package_identification:_identify(src) by extensions ['colcon_pkg']
[0.326s] Level 1:colcon.colcon_core.package_identification:_identify(src) by extension 'colcon_pkg'
[0.326s] Level 1:colcon.colcon_core.package_identification:_identify(src) by extensions ['colcon_meta']
[0.326s] Level 1:colcon.colcon_core.package_identification:_identify(src) by extension 'colcon_meta'
[0.326s] Level 1:colcon.colcon_core.package_identification:_identify(src) by extensions ['ros']
[0.326s] Level 1:colcon.colcon_core.package_identification:_identify(src) by extension 'ros'
[0.326s] Level 1:colcon.colcon_core.package_identification:_identify(src) by extensions ['cmake', 'python']
[0.326s] Level 1:colcon.colcon_core.package_identification:_identify(src) by extension 'cmake'
[0.326s] Level 1:colcon.colcon_core.package_identification:_identify(src) by extension 'python'
[0.326s] Level 1:colcon.colcon_core.package_identification:_identify(src) by extensions ['python_setup_py']
[0.326s] Level 1:colcon.colcon_core.package_identification:_identify(src) by extension 'python_setup_py'
[0.327s] Level 1:colcon.colcon_core.package_identification:_identify(src/cpp_pkg) by extensions ['ignore', 'ignore_ament_install']
[0.327s] Level 1:colcon.colcon_core.package_identification:_identify(src/cpp_pkg) by extension 'ignore'
[0.327s] Level 1:colcon.colcon_core.package_identification:_identify(src/cpp_pkg) by extension 'ignore_ament_install'
[0.327s] Level 1:colcon.colcon_core.package_identification:_identify(src/cpp_pkg) by extensions ['colcon_pkg']
[0.327s] Level 1:colcon.colcon_core.package_identification:_identify(src/cpp_pkg) by extension 'colcon_pkg'
[0.327s] Level 1:colcon.colcon_core.package_identification:_identify(src/cpp_pkg) by extensions ['colcon_meta']
[0.327s] Level 1:colcon.colcon_core.package_identification:_identify(src/cpp_pkg) by extension 'colcon_meta'
[0.327s] Level 1:colcon.colcon_core.package_identification:_identify(src/cpp_pkg) by extensions ['ros']
[0.327s] Level 1:colcon.colcon_core.package_identification:_identify(src/cpp_pkg) by extension 'ros'
[0.329s] DEBUG:colcon.colcon_core.package_identification:Package 'src/cpp_pkg' with type 'ros.ament_cmake' and name 'cpp_pkg'
[0.329s] Level 1:colcon.colcon_core.package_identification:_identify(src/custom_interface) by extensions ['ignore', 'ignore_ament_install']
[0.329s] Level 1:colcon.colcon_core.package_identification:_identify(src/custom_interface) by extension 'ignore'
[0.329s] Level 1:colcon.colcon_core.package_identification:_identify(src/custom_interface) by extension 'ignore_ament_install'
[0.329s] Level 1:colcon.colcon_core.package_identification:_identify(src/custom_interface) by extensions ['colcon_pkg']
[0.329s] Level 1:colcon.colcon_core.package_identification:_identify(src/custom_interface) by extension 'colcon_pkg'
[0.329s] Level 1:colcon.colcon_core.package_identification:_identify(src/custom_interface) by extensions ['colcon_meta']
[0.329s] Level 1:colcon.colcon_core.package_identification:_identify(src/custom_interface) by extension 'colcon_meta'
[0.330s] Level 1:colcon.colcon_core.package_identification:_identify(src/custom_interface) by extensions ['ros']
[0.330s] Level 1:colcon.colcon_core.package_identification:_identify(src/custom_interface) by extension 'ros'
[0.330s] DEBUG:colcon.colcon_core.package_identification:Package 'src/custom_interface' with type 'ros.ament_cmake' and name 'custom_interface'
[0.330s] Level 1:colcon.colcon_core.package_identification:_identify(src/python_pkg) by extensions ['ignore', 'ignore_ament_install']
[0.330s] Level 1:colcon.colcon_core.package_identification:_identify(src/python_pkg) by extension 'ignore'
[0.330s] Level 1:colcon.colcon_core.package_identification:_identify(src/python_pkg) by extension 'ignore_ament_install'
[0.330s] Level 1:colcon.colcon_core.package_identification:_identify(src/python_pkg) by extensions ['colcon_pkg']
[0.330s] Level 1:colcon.colcon_core.package_identification:_identify(src/python_pkg) by extension 'colcon_pkg'
[0.330s] Level 1:colcon.colcon_core.package_identification:_identify(src/python_pkg) by extensions ['colcon_meta']
[0.330s] Level 1:colcon.colcon_core.package_identification:_identify(src/python_pkg) by extension 'colcon_meta'
[0.330s] Level 1:colcon.colcon_core.package_identification:_identify(src/python_pkg) by extensions ['ros']
[0.330s] Level 1:colcon.colcon_core.package_identification:_identify(src/python_pkg) by extension 'ros'
[0.331s] DEBUG:colcon.colcon_core.package_identification:Package 'src/python_pkg' with type 'ros.ament_python' and name 'python_pkg'
[0.331s] Level 1:colcon.colcon_core.package_discovery:discover_packages(recursive) using defaults
[0.331s] Level 1:colcon.colcon_core.package_discovery:discover_packages(ignore) discover
[0.331s] Level 1:colcon.colcon_core.package_discovery:discover_packages(ignore) using defaults
[0.331s] Level 1:colcon.colcon_core.package_discovery:discover_packages(path) discover
[0.331s] Level 1:colcon.colcon_core.package_discovery:discover_packages(path) using defaults
[0.367s] Level 1:colcon.colcon_core.package_discovery:discover_packages(prefix_path) check parameters
[0.367s] Level 1:colcon.colcon_core.package_discovery:discover_packages(prefix_path) discover
[0.371s] DEBUG:colcon.colcon_installed_package_information.package_discovery:Found 3 installed packages in /home/fra/ros2_ws/install
[0.372s] DEBUG:colcon.colcon_installed_package_information.package_discovery:Found 270 installed packages in /opt/ros/humble
[0.373s] Level 1:colcon.colcon_core.package_discovery:discover_packages(prefix_path) using defaults
[0.412s] Level 5:colcon.colcon_core.verb:set package 'cpp_pkg' build argument 'cmake_args' from command line to 'None'
[0.412s] Level 5:colcon.colcon_core.verb:set package 'cpp_pkg' build argument 'cmake_target' from command line to 'None'
[0.412s] Level 5:colcon.colcon_core.verb:set package 'cpp_pkg' build argument 'cmake_target_skip_unavailable' from command line to 'False'
[0.412s] Level 5:colcon.colcon_core.verb:set package 'cpp_pkg' build argument 'cmake_clean_cache' from command line to 'False'
[0.412s] Level 5:colcon.colcon_core.verb:set package 'cpp_pkg' build argument 'cmake_clean_first' from command line to 'False'
[0.412s] Level 5:colcon.colcon_core.verb:set package 'cpp_pkg' build argument 'cmake_force_configure' from command line to 'False'
[0.412s] Level 5:colcon.colcon_core.verb:set package 'cpp_pkg' build argument 'ament_cmake_args' from command line to 'None'
[0.412s] Level 5:colcon.colcon_core.verb:set package 'cpp_pkg' build argument 'catkin_cmake_args' from command line to 'None'
[0.412s] Level 5:colcon.colcon_core.verb:set package 'cpp_pkg' build argument 'catkin_skip_building_tests' from command line to 'False'
[0.412s] DEBUG:colcon.colcon_core.verb:Building package 'cpp_pkg' with the following arguments: {'ament_cmake_args': None, 'build_base': '/home/fra/ros2_ws/build/cpp_pkg', 'catkin_cmake_args': None, 'catkin_skip_building_tests': False, 'cmake_args': None, 'cmake_clean_cache': False, 'cmake_clean_first': False, 'cmake_force_configure': False, 'cmake_target': None, 'cmake_target_skip_unavailable': False, 'install_base': '/home/fra/ros2_ws/install/cpp_pkg', 'merge_install': False, 'path': '/home/fra/ros2_ws/src/cpp_pkg', 'symlink_install': False, 'test_result_base': None}
[0.412s] Level 5:colcon.colcon_core.verb:set package 'custom_interface' build argument 'cmake_args' from command line to 'None'
[0.412s] Level 5:colcon.colcon_core.verb:set package 'custom_interface' build argument 'cmake_target' from command line to 'None'
[0.412s] Level 5:colcon.colcon_core.verb:set package 'custom_interface' build argument 'cmake_target_skip_unavailable' from command line to 'False'
[0.412s] Level 5:colcon.colcon_core.verb:set package 'custom_interface' build argument 'cmake_clean_cache' from command line to 'False'
[0.412s] Level 5:colcon.colcon_core.verb:set package 'custom_interface' build argument 'cmake_clean_first' from command line to 'False'
[0.412s] Level 5:colcon.colcon_core.verb:set package 'custom_interface' build argument 'cmake_force_configure' from command line to 'False'
[0.412s] Level 5:colcon.colcon_core.verb:set package 'custom_interface' build argument 'ament_cmake_args' from command line to 'None'
[0.412s] Level 5:colcon.colcon_core.verb:set package 'custom_interface' build argument 'catkin_cmake_args' from command line to 'None'
[0.412s] Level 5:colcon.colcon_core.verb:set package 'custom_interface' build argument 'catkin_skip_building_tests' from command line to 'False'
[0.412s] DEBUG:colcon.colcon_core.verb:Building package 'custom_interface' with the following arguments: {'ament_cmake_args': None, 'build_base': '/home/fra/ros2_ws/build/custom_interface', 'catkin_cmake_args': None, 'catkin_skip_building_tests': False, 'cmake_args': None, 'cmake_clean_cache': False, 'cmake_clean_first': False, 'cmake_force_configure': False, 'cmake_target': None, 'cmake_target_skip_unavailable': False, 'install_base': '/home/fra/ros2_ws/install/custom_interface', 'merge_install': False, 'path': '/home/fra/ros2_ws/src/custom_interface', 'symlink_install': False, 'test_result_base': None}
[0.413s] Level 5:colcon.colcon_core.verb:set package 'python_pkg' build argument 'cmake_args' from command line to 'None'
[0.413s] Level 5:colcon.colcon_core.verb:set package 'python_pkg' build argument 'cmake_target' from command line to 'None'
[0.413s] Level 5:colcon.colcon_core.verb:set package 'python_pkg' build argument 'cmake_target_skip_unavailable' from command line to 'False'
[0.413s] Level 5:colcon.colcon_core.verb:set package 'python_pkg' build argument 'cmake_clean_cache' from command line to 'False'
[0.413s] Level 5:colcon.colcon_core.verb:set package 'python_pkg' build argument 'cmake_clean_first' from command line to 'False'
[0.413s] Level 5:colcon.colcon_core.verb:set package 'python_pkg' build argument 'cmake_force_configure' from command line to 'False'
[0.413s] Level 5:colcon.colcon_core.verb:set package 'python_pkg' build argument 'ament_cmake_args' from command line to 'None'
[0.413s] Level 5:colcon.colcon_core.verb:set package 'python_pkg' build argument 'catkin_cmake_args' from command line to 'None'
[0.413s] Level 5:colcon.colcon_core.verb:set package 'python_pkg' build argument 'catkin_skip_building_tests' from command line to 'False'
[0.413s] DEBUG:colcon.colcon_core.verb:Building package 'python_pkg' with the following arguments: {'ament_cmake_args': None, 'build_base': '/home/fra/ros2_ws/build/python_pkg', 'catkin_cmake_args': None, 'catkin_skip_building_tests': False, 'cmake_args': None, 'cmake_clean_cache': False, 'cmake_clean_first': False, 'cmake_force_configure': False, 'cmake_target': None, 'cmake_target_skip_unavailable': False, 'install_base': '/home/fra/ros2_ws/install/python_pkg', 'merge_install': False, 'path': '/home/fra/ros2_ws/src/python_pkg', 'symlink_install': False, 'test_result_base': None}
[0.413s] INFO:colcon.colcon_core.executor:Executing jobs using 'parallel' executor
[0.414s] DEBUG:colcon.colcon_parallel_executor.executor.parallel:run_until_complete
[0.414s] INFO:colcon.colcon_ros.task.ament_cmake.build:Building ROS package in '/home/fra/ros2_ws/src/custom_interface' with build type 'ament_cmake'
[0.414s] INFO:colcon.colcon_cmake.task.cmake.build:Building CMake package in '/home/fra/ros2_ws/src/custom_interface'
[0.417s] INFO:colcon.colcon_core.plugin_system:Skipping extension 'colcon_core.shell.bat': Not used on non-Windows systems
[0.418s] INFO:colcon.colcon_core.shell:Skip shell extension 'powershell' for command environment: Not usable outside of PowerShell
[0.418s] DEBUG:colcon.colcon_core.shell:Skip shell extension 'dsv' for command environment
[0.421s] INFO:colcon.colcon_ros.task.ament_cmake.build:Building ROS package in '/home/fra/ros2_ws/src/cpp_pkg' with build type 'ament_cmake'
[0.421s] INFO:colcon.colcon_cmake.task.cmake.build:Building CMake package in '/home/fra/ros2_ws/src/cpp_pkg'
[0.421s] INFO:colcon.colcon_core.shell:Skip shell extension 'powershell' for command environment: Not usable outside of PowerShell
[0.421s] DEBUG:colcon.colcon_core.shell:Skip shell extension 'dsv' for command environment
[0.428s] DEBUG:colcon.colcon_core.event_handler.log_command:Invoking command in '/home/fra/ros2_ws/build/custom_interface': CMAKE_PREFIX_PATH=${CMAKE_PREFIX_PATH}:/home/fra/ros2_ws/install/python_pkg:/opt/ros/humble /usr/bin/cmake --build /home/fra/ros2_ws/build/custom_interface -- -j12 -l12
[0.432s] DEBUG:colcon.colcon_core.event_handler.log_command:Invoking command in '/home/fra/ros2_ws/build/cpp_pkg': CMAKE_PREFIX_PATH=${CMAKE_PREFIX_PATH}:/home/fra/ros2_ws/install/python_pkg:/opt/ros/humble /usr/bin/cmake --build /home/fra/ros2_ws/build/cpp_pkg -- -j12 -l12
[0.759s] DEBUG:colcon.colcon_core.event_handler.log_command:Invoked command in '/home/fra/ros2_ws/build/custom_interface' returned '0': CMAKE_PREFIX_PATH=${CMAKE_PREFIX_PATH}:/home/fra/ros2_ws/install/python_pkg:/opt/ros/humble /usr/bin/cmake --build /home/fra/ros2_ws/build/custom_interface -- -j12 -l12
[0.768s] DEBUG:colcon.colcon_core.event_handler.log_command:Invoking command in '/home/fra/ros2_ws/build/custom_interface': CMAKE_PREFIX_PATH=${CMAKE_PREFIX_PATH}:/home/fra/ros2_ws/install/python_pkg:/opt/ros/humble /usr/bin/cmake --install /home/fra/ros2_ws/build/custom_interface
[0.820s] Level 1:colcon.colcon_core.environment:create_environment_scripts_only(custom_interface)
[0.820s] DEBUG:colcon.colcon_core.event_handler.log_command:Invoked command in '/home/fra/ros2_ws/build/custom_interface' returned '0': CMAKE_PREFIX_PATH=${CMAKE_PREFIX_PATH}:/home/fra/ros2_ws/install/python_pkg:/opt/ros/humble /usr/bin/cmake --install /home/fra/ros2_ws/build/custom_interface
[0.824s] Level 1:colcon.colcon_core.environment:checking '/home/fra/ros2_ws/install/custom_interface' for CMake module files
[0.824s] Level 1:colcon.colcon_core.environment:checking '/home/fra/ros2_ws/install/custom_interface' for CMake config files
[0.824s] Level 1:colcon.colcon_core.shell:create_environment_hook('custom_interface', 'cmake_prefix_path')
[0.824s] INFO:colcon.colcon_core.shell:Creating environment hook '/home/fra/ros2_ws/install/custom_interface/share/custom_interface/hook/cmake_prefix_path.ps1'
[0.825s] INFO:colcon.colcon_core.shell:Creating environment descriptor '/home/fra/ros2_ws/install/custom_interface/share/custom_interface/hook/cmake_prefix_path.dsv'
[0.826s] INFO:colcon.colcon_core.shell:Creating environment hook '/home/fra/ros2_ws/install/custom_interface/share/custom_interface/hook/cmake_prefix_path.sh'
[0.827s] Level 1:colcon.colcon_core.environment:checking '/home/fra/ros2_ws/install/custom_interface/lib'
[0.827s] Level 1:colcon.colcon_core.shell:create_environment_hook('custom_interface', 'ld_library_path_lib')
[0.827s] INFO:colcon.colcon_core.shell:Creating environment hook '/home/fra/ros2_ws/install/custom_interface/share/custom_interface/hook/ld_library_path_lib.ps1'
[0.827s] INFO:colcon.colcon_core.shell:Creating environment descriptor '/home/fra/ros2_ws/install/custom_interface/share/custom_interface/hook/ld_library_path_lib.dsv'
[0.828s] INFO:colcon.colcon_core.shell:Creating environment hook '/home/fra/ros2_ws/install/custom_interface/share/custom_interface/hook/ld_library_path_lib.sh'
[0.828s] Level 1:colcon.colcon_core.environment:checking '/home/fra/ros2_ws/install/custom_interface/bin'
[0.828s] Level 1:colcon.colcon_core.environment:checking '/home/fra/ros2_ws/install/custom_interface/lib/pkgconfig/custom_interface.pc'
[0.828s] Level 1:colcon.colcon_core.environment:checking '/home/fra/ros2_ws/install/custom_interface/lib/python3.10/site-packages'
[0.829s] Level 1:colcon.colcon_core.environment:checking '/home/fra/ros2_ws/install/custom_interface/bin'
[0.829s] INFO:colcon.colcon_core.shell:Creating package script '/home/fra/ros2_ws/install/custom_interface/share/custom_interface/package.ps1'
[0.830s] INFO:colcon.colcon_core.shell:Creating package descriptor '/home/fra/ros2_ws/install/custom_interface/share/custom_interface/package.dsv'
[0.830s] INFO:colcon.colcon_core.shell:Creating package script '/home/fra/ros2_ws/install/custom_interface/share/custom_interface/package.sh'
[0.831s] INFO:colcon.colcon_core.shell:Creating package script '/home/fra/ros2_ws/install/custom_interface/share/custom_interface/package.bash'
[0.832s] INFO:colcon.colcon_core.shell:Creating package script '/home/fra/ros2_ws/install/custom_interface/share/custom_interface/package.zsh'
[0.833s] Level 1:colcon.colcon_core.environment:create_file_with_runtime_dependencies(/home/fra/ros2_ws/install/custom_interface/share/colcon-core/packages/custom_interface)
[0.834s] Level 1:colcon.colcon_core.environment:create_environment_scripts_only(custom_interface)
[0.834s] Level 1:colcon.colcon_core.environment:checking '/home/fra/ros2_ws/install/custom_interface' for CMake module files
[0.834s] Level 1:colcon.colcon_core.environment:checking '/home/fra/ros2_ws/install/custom_interface' for CMake config files
[0.834s] Level 1:colcon.colcon_core.shell:create_environment_hook('custom_interface', 'cmake_prefix_path')
[0.835s] INFO:colcon.colcon_core.shell:Creating environment hook '/home/fra/ros2_ws/install/custom_interface/share/custom_interface/hook/cmake_prefix_path.ps1'
[0.835s] INFO:colcon.colcon_core.shell:Creating environment descriptor '/home/fra/ros2_ws/install/custom_interface/share/custom_interface/hook/cmake_prefix_path.dsv'
[0.835s] INFO:colcon.colcon_core.shell:Creating environment hook '/home/fra/ros2_ws/install/custom_interface/share/custom_interface/hook/cmake_prefix_path.sh'
[0.836s] Level 1:colcon.colcon_core.environment:checking '/home/fra/ros2_ws/install/custom_interface/lib'
[0.836s] Level 1:colcon.colcon_core.shell:create_environment_hook('custom_interface', 'ld_library_path_lib')
[0.836s] INFO:colcon.colcon_core.shell:Creating environment hook '/home/fra/ros2_ws/install/custom_interface/share/custom_interface/hook/ld_library_path_lib.ps1'
[0.836s] INFO:colcon.colcon_core.shell:Creating environment descriptor '/home/fra/ros2_ws/install/custom_interface/share/custom_interface/hook/ld_library_path_lib.dsv'
[0.836s] INFO:colcon.colcon_core.shell:Creating environment hook '/home/fra/ros2_ws/install/custom_interface/share/custom_interface/hook/ld_library_path_lib.sh'
[0.837s] Level 1:colcon.colcon_core.environment:checking '/home/fra/ros2_ws/install/custom_interface/bin'
[0.837s] Level 1:colcon.colcon_core.environment:checking '/home/fra/ros2_ws/install/custom_interface/lib/pkgconfig/custom_interface.pc'
[0.837s] Level 1:colcon.colcon_core.environment:checking '/home/fra/ros2_ws/install/custom_interface/lib/python3.10/site-packages'
[0.837s] Level 1:colcon.colcon_core.environment:checking '/home/fra/ros2_ws/install/custom_interface/bin'
[0.838s] INFO:colcon.colcon_core.shell:Creating package script '/home/fra/ros2_ws/install/custom_interface/share/custom_interface/package.ps1'
[0.838s] INFO:colcon.colcon_core.shell:Creating package descriptor '/home/fra/ros2_ws/install/custom_interface/share/custom_interface/package.dsv'
[0.838s] INFO:colcon.colcon_core.shell:Creating package script '/home/fra/ros2_ws/install/custom_interface/share/custom_interface/package.sh'
[0.839s] INFO:colcon.colcon_core.shell:Creating package script '/home/fra/ros2_ws/install/custom_interface/share/custom_interface/package.bash'
[0.839s] INFO:colcon.colcon_core.shell:Creating package script '/home/fra/ros2_ws/install/custom_interface/share/custom_interface/package.zsh'
[0.839s] Level 1:colcon.colcon_core.environment:create_file_with_runtime_dependencies(/home/fra/ros2_ws/install/custom_interface/share/colcon-core/packages/custom_interface)
[0.840s] INFO:colcon.colcon_ros.task.ament_python.build:Building ROS package in '/home/fra/ros2_ws/src/python_pkg' with build type 'ament_python'
[0.840s] Level 1:colcon.colcon_core.shell:create_environment_hook('python_pkg', 'ament_prefix_path')
[0.840s] INFO:colcon.colcon_core.shell:Creating environment hook '/home/fra/ros2_ws/install/python_pkg/share/python_pkg/hook/ament_prefix_path.ps1'
[0.841s] INFO:colcon.colcon_core.shell:Creating environment descriptor '/home/fra/ros2_ws/install/python_pkg/share/python_pkg/hook/ament_prefix_path.dsv'
[0.841s] INFO:colcon.colcon_core.shell:Creating environment hook '/home/fra/ros2_ws/install/python_pkg/share/python_pkg/hook/ament_prefix_path.sh'
[0.842s] INFO:colcon.colcon_core.shell:Skip shell extension 'powershell' for command environment: Not usable outside of PowerShell
[0.842s] DEBUG:colcon.colcon_core.shell:Skip shell extension 'dsv' for command environment
[1.084s] INFO:colcon.colcon_core.task.python.build:Building Python package in '/home/fra/ros2_ws/src/python_pkg'
[1.085s] INFO:colcon.colcon_core.shell:Skip shell extension 'powershell' for command environment: Not usable outside of PowerShell
[1.085s] DEBUG:colcon.colcon_core.shell:Skip shell extension 'dsv' for command environment
[1.405s] DEBUG:colcon.colcon_core.event_handler.log_command:Invoking command in '/home/fra/ros2_ws/src/python_pkg': PYTHONPATH=/home/fra/ros2_ws/build/python_pkg/prefix_override:/usr/lib/python3/dist-packages/colcon_core/task/python/colcon_distutils_commands:/home/fra/ros2_ws/install/python_pkg/lib/python3.10/site-packages:${PYTHONPATH} /usr/bin/python3 -W ignore:setup.py install is deprecated -W ignore:easy_install command is deprecated setup.py egg_info --egg-base ../../build/python_pkg build --build-base /home/fra/ros2_ws/build/python_pkg/build install --record /home/fra/ros2_ws/build/python_pkg/install.log --single-version-externally-managed install_data
[1.678s] Level 1:colcon.colcon_core.environment:checking '/home/fra/ros2_ws/install/python_pkg' for CMake module files
[1.679s] DEBUG:colcon.colcon_core.event_handler.log_command:Invoked command in '/home/fra/ros2_ws/src/python_pkg' returned '0': PYTHONPATH=/home/fra/ros2_ws/build/python_pkg/prefix_override:/usr/lib/python3/dist-packages/colcon_core/task/python/colcon_distutils_commands:/home/fra/ros2_ws/install/python_pkg/lib/python3.10/site-packages:${PYTHONPATH} /usr/bin/python3 -W ignore:setup.py install is deprecated -W ignore:easy_install command is deprecated setup.py egg_info --egg-base ../../build/python_pkg build --build-base /home/fra/ros2_ws/build/python_pkg/build install --record /home/fra/ros2_ws/build/python_pkg/install.log --single-version-externally-managed install_data
[1.679s] Level 1:colcon.colcon_core.environment:checking '/home/fra/ros2_ws/install/python_pkg' for CMake config files
[1.680s] Level 1:colcon.colcon_core.environment:checking '/home/fra/ros2_ws/install/python_pkg/lib'
[1.680s] Level 1:colcon.colcon_core.environment:checking '/home/fra/ros2_ws/install/python_pkg/bin'
[1.680s] Level 1:colcon.colcon_core.environment:checking '/home/fra/ros2_ws/install/python_pkg/lib/pkgconfig/python_pkg.pc'
[1.680s] Level 1:colcon.colcon_core.environment:checking '/home/fra/ros2_ws/install/python_pkg/lib/python3.10/site-packages'
[1.680s] Level 1:colcon.colcon_core.shell:create_environment_hook('python_pkg', 'pythonpath')
[1.680s] INFO:colcon.colcon_core.shell:Creating environment hook '/home/fra/ros2_ws/install/python_pkg/share/python_pkg/hook/pythonpath.ps1'
[1.681s] INFO:colcon.colcon_core.shell:Creating environment descriptor '/home/fra/ros2_ws/install/python_pkg/share/python_pkg/hook/pythonpath.dsv'
[1.681s] INFO:colcon.colcon_core.shell:Creating environment hook '/home/fra/ros2_ws/install/python_pkg/share/python_pkg/hook/pythonpath.sh'
[1.682s] Level 1:colcon.colcon_core.environment:checking '/home/fra/ros2_ws/install/python_pkg/bin'
[1.682s] Level 1:colcon.colcon_core.environment:create_environment_scripts_only(python_pkg)
[1.682s] INFO:colcon.colcon_core.shell:Creating package script '/home/fra/ros2_ws/install/python_pkg/share/python_pkg/package.ps1'
[1.682s] INFO:colcon.colcon_core.shell:Creating package descriptor '/home/fra/ros2_ws/install/python_pkg/share/python_pkg/package.dsv'
[1.683s] INFO:colcon.colcon_core.shell:Creating package script '/home/fra/ros2_ws/install/python_pkg/share/python_pkg/package.sh'
[1.683s] INFO:colcon.colcon_core.shell:Creating package script '/home/fra/ros2_ws/install/python_pkg/share/python_pkg/package.bash'
[1.684s] INFO:colcon.colcon_core.shell:Creating package script '/home/fra/ros2_ws/install/python_pkg/share/python_pkg/package.zsh'
[1.684s] Level 1:colcon.colcon_core.environment:create_file_with_runtime_dependencies(/home/fra/ros2_ws/install/python_pkg/share/colcon-core/packages/python_pkg)
[8.897s] DEBUG:colcon.colcon_core.event_handler.log_command:Invoked command in '/home/fra/ros2_ws/build/cpp_pkg' returned '0': CMAKE_PREFIX_PATH=${CMAKE_PREFIX_PATH}:/home/fra/ros2_ws/install/python_pkg:/opt/ros/humble /usr/bin/cmake --build /home/fra/ros2_ws/build/cpp_pkg -- -j12 -l12
[8.898s] DEBUG:colcon.colcon_core.event_handler.log_command:Invoking command in '/home/fra/ros2_ws/build/cpp_pkg': CMAKE_PREFIX_PATH=${CMAKE_PREFIX_PATH}:/home/fra/ros2_ws/install/python_pkg:/opt/ros/humble /usr/bin/cmake --install /home/fra/ros2_ws/build/cpp_pkg
[8.910s] Level 1:colcon.colcon_core.environment:create_environment_scripts_only(cpp_pkg)
[8.910s] Level 1:colcon.colcon_core.environment:checking '/home/fra/ros2_ws/install/cpp_pkg' for CMake module files
[8.910s] DEBUG:colcon.colcon_core.event_handler.log_command:Invoked command in '/home/fra/ros2_ws/build/cpp_pkg' returned '0': CMAKE_PREFIX_PATH=${CMAKE_PREFIX_PATH}:/home/fra/ros2_ws/install/python_pkg:/opt/ros/humble /usr/bin/cmake --install /home/fra/ros2_ws/build/cpp_pkg
[8.911s] Level 1:colcon.colcon_core.environment:checking '/home/fra/ros2_ws/install/cpp_pkg' for CMake config files
[8.911s] Level 1:colcon.colcon_core.shell:create_environment_hook('cpp_pkg', 'cmake_prefix_path')
[8.911s] INFO:colcon.colcon_core.shell:Creating environment hook '/home/fra/ros2_ws/install/cpp_pkg/share/cpp_pkg/hook/cmake_prefix_path.ps1'
[8.911s] INFO:colcon.colcon_core.shell:Creating environment descriptor '/home/fra/ros2_ws/install/cpp_pkg/share/cpp_pkg/hook/cmake_prefix_path.dsv'
[8.912s] INFO:colcon.colcon_core.shell:Creating environment hook '/home/fra/ros2_ws/install/cpp_pkg/share/cpp_pkg/hook/cmake_prefix_path.sh'
[8.912s] Level 1:colcon.colcon_core.environment:checking '/home/fra/ros2_ws/install/cpp_pkg/lib'
[8.912s] Level 1:colcon.colcon_core.environment:checking '/home/fra/ros2_ws/install/cpp_pkg/bin'
[8.912s] Level 1:colcon.colcon_core.environment:checking '/home/fra/ros2_ws/install/cpp_pkg/lib/pkgconfig/cpp_pkg.pc'
[8.913s] Level 1:colcon.colcon_core.environment:checking '/home/fra/ros2_ws/install/cpp_pkg/lib/python3.10/site-packages'
[8.913s] Level 1:colcon.colcon_core.environment:checking '/home/fra/ros2_ws/install/cpp_pkg/bin'
[8.913s] INFO:colcon.colcon_core.shell:Creating package script '/home/fra/ros2_ws/install/cpp_pkg/share/cpp_pkg/package.ps1'
[8.913s] INFO:colcon.colcon_core.shell:Creating package descriptor '/home/fra/ros2_ws/install/cpp_pkg/share/cpp_pkg/package.dsv'
[8.914s] INFO:colcon.colcon_core.shell:Creating package script '/home/fra/ros2_ws/install/cpp_pkg/share/cpp_pkg/package.sh'
[8.914s] INFO:colcon.colcon_core.shell:Creating package script '/home/fra/ros2_ws/install/cpp_pkg/share/cpp_pkg/package.bash'
[8.914s] INFO:colcon.colcon_core.shell:Creating package script '/home/fra/ros2_ws/install/cpp_pkg/share/cpp_pkg/package.zsh'
[8.915s] Level 1:colcon.colcon_core.environment:create_file_with_runtime_dependencies(/home/fra/ros2_ws/install/cpp_pkg/share/colcon-core/packages/cpp_pkg)
[8.915s] Level 1:colcon.colcon_core.environment:create_environment_scripts_only(cpp_pkg)
[8.915s] Level 1:colcon.colcon_core.environment:checking '/home/fra/ros2_ws/install/cpp_pkg' for CMake module files
[8.916s] Level 1:colcon.colcon_core.environment:checking '/home/fra/ros2_ws/install/cpp_pkg' for CMake config files
[8.916s] Level 1:colcon.colcon_core.shell:create_environment_hook('cpp_pkg', 'cmake_prefix_path')
[8.916s] INFO:colcon.colcon_core.shell:Creating environment hook '/home/fra/ros2_ws/install/cpp_pkg/share/cpp_pkg/hook/cmake_prefix_path.ps1'
[8.917s] INFO:colcon.colcon_core.shell:Creating environment descriptor '/home/fra/ros2_ws/install/cpp_pkg/share/cpp_pkg/hook/cmake_prefix_path.dsv'
[8.917s] INFO:colcon.colcon_core.shell:Creating environment hook '/home/fra/ros2_ws/install/cpp_pkg/share/cpp_pkg/hook/cmake_prefix_path.sh'
[8.917s] Level 1:colcon.colcon_core.environment:checking '/home/fra/ros2_ws/install/cpp_pkg/lib'
[8.917s] Level 1:colcon.colcon_core.environment:checking '/home/fra/ros2_ws/install/cpp_pkg/bin'
[8.917s] Level 1:colcon.colcon_core.environment:checking '/home/fra/ros2_ws/install/cpp_pkg/lib/pkgconfig/cpp_pkg.pc'
[8.918s] Level 1:colcon.colcon_core.environment:checking '/home/fra/ros2_ws/install/cpp_pkg/lib/python3.10/site-packages'
[8.918s] Level 1:colcon.colcon_core.environment:checking '/home/fra/ros2_ws/install/cpp_pkg/bin'
[8.918s] INFO:colcon.colcon_core.shell:Creating package script '/home/fra/ros2_ws/install/cpp_pkg/share/cpp_pkg/package.ps1'
[8.918s] INFO:colcon.colcon_core.shell:Creating package descriptor '/home/fra/ros2_ws/install/cpp_pkg/share/cpp_pkg/package.dsv'
[8.919s] INFO:colcon.colcon_core.shell:Creating package script '/home/fra/ros2_ws/install/cpp_pkg/share/cpp_pkg/package.sh'
[8.919s] INFO:colcon.colcon_core.shell:Creating package script '/home/fra/ros2_ws/install/cpp_pkg/share/cpp_pkg/package.bash'
[8.920s] INFO:colcon.colcon_core.shell:Creating package script '/home/fra/ros2_ws/install/cpp_pkg/share/cpp_pkg/package.zsh'
[8.920s] Level 1:colcon.colcon_core.environment:create_file_with_runtime_dependencies(/home/fra/ros2_ws/install/cpp_pkg/share/colcon-core/packages/cpp_pkg)
[8.920s] DEBUG:colcon.colcon_parallel_executor.executor.parallel:closing loop
[8.921s] DEBUG:colcon.colcon_parallel_executor.executor.parallel:loop closed
[8.921s] DEBUG:colcon.colcon_parallel_executor.executor.parallel:run_until_complete finished with '0'
[8.921s] DEBUG:colcon.colcon_core.event_reactor:joining thread
[8.926s] INFO:colcon.colcon_core.plugin_system:Skipping extension 'colcon_notification.desktop_notification.terminal_notifier': Not used on non-Darwin systems
[8.926s] INFO:colcon.colcon_core.plugin_system:Skipping extension 'colcon_notification.desktop_notification.win32': Not used on non-Windows systems
[8.926s] INFO:colcon.colcon_notification.desktop_notification:Sending desktop notification using 'notify2'
[8.937s] DEBUG:colcon.colcon_core.event_reactor:joined thread
[8.937s] INFO:colcon.colcon_core.shell:Creating prefix script '/home/fra/ros2_ws/install/local_setup.ps1'
[8.938s] INFO:colcon.colcon_core.shell:Creating prefix util module '/home/fra/ros2_ws/install/_local_setup_util_ps1.py'
[8.940s] INFO:colcon.colcon_core.shell:Creating prefix chain script '/home/fra/ros2_ws/install/setup.ps1'
[8.941s] INFO:colcon.colcon_core.shell:Creating prefix script '/home/fra/ros2_ws/install/local_setup.sh'
[8.941s] INFO:colcon.colcon_core.shell:Creating prefix util module '/home/fra/ros2_ws/install/_local_setup_util_sh.py'
[8.942s] INFO:colcon.colcon_core.shell:Creating prefix chain script '/home/fra/ros2_ws/install/setup.sh'
[8.943s] INFO:colcon.colcon_core.shell:Creating prefix script '/home/fra/ros2_ws/install/local_setup.bash'
[8.944s] INFO:colcon.colcon_core.shell:Creating prefix chain script '/home/fra/ros2_ws/install/setup.bash'
[8.945s] INFO:colcon.colcon_core.shell:Creating prefix script '/home/fra/ros2_ws/install/local_setup.zsh'
[8.945s] INFO:colcon.colcon_core.shell:Creating prefix chain script '/home/fra/ros2_ws/install/setup.zsh'
