[0.020s] Invoking command in '/home/fra/ros2_ws/build/cpp_pkg': CMAKE_PREFIX_PATH=/home/fra/ros2_ws/install/custom_interface:/home/fra/ros2_ws/install/cpp_pkg:/home/fra/ros2_ws/install/python_pkg:/opt/ros/humble /usr/bin/cmake --build /home/fra/ros2_ws/build/cpp_pkg -- -j12 -l12
[0.086s] [35m[1mConsolidate compiler generated dependencies of target publisher_cpp[0m
[0.111s] [ 25%] Built target server_cpp
[0.112s] [ 50%] Built target subscriber_cpp
[0.113s] [ 75%] Built target publisher_cpp
[0.115s] [100%] Built target node_cpp
[0.360s] Invoked command in '/home/fra/ros2_ws/build/cpp_pkg' returned '0': CMAKE_PREFIX_PATH=/home/fra/ros2_ws/install/custom_interface:/home/fra/ros2_ws/install/cpp_pkg:/home/fra/ros2_ws/install/python_pkg:/opt/ros/humble /usr/bin/cmake --build /home/fra/ros2_ws/build/cpp_pkg -- -j12 -l12
[0.360s] Invoking command in '/home/fra/ros2_ws/build/cpp_pkg': CMAKE_PREFIX_PATH=/home/fra/ros2_ws/install/custom_interface:/home/fra/ros2_ws/install/cpp_pkg:/home/fra/ros2_ws/install/python_pkg:/opt/ros/humble /usr/bin/cmake --install /home/fra/ros2_ws/build/cpp_pkg
[0.367s] -- Install configuration: ""
[0.370s] -- Up-to-date: /home/fra/ros2_ws/install/cpp_pkg/lib/cpp_pkg/node_cpp
[0.371s] -- Up-to-date: /home/fra/ros2_ws/install/cpp_pkg/lib/cpp_pkg/publisher_cpp
[0.372s] -- Up-to-date: /home/fra/ros2_ws/install/cpp_pkg/lib/cpp_pkg/subscriber_cpp
[0.372s] -- Up-to-date: /home/fra/ros2_ws/install/cpp_pkg/lib/cpp_pkg/server_cpp
[0.372s] -- Up-to-date: /home/fra/ros2_ws/install/cpp_pkg/share/ament_index/resource_index/package_run_dependencies/cpp_pkg
[0.372s] -- Up-to-date: /home/fra/ros2_ws/install/cpp_pkg/share/ament_index/resource_index/parent_prefix_path/cpp_pkg
[0.372s] -- Up-to-date: /home/fra/ros2_ws/install/cpp_pkg/share/cpp_pkg/environment/ament_prefix_path.sh
[0.372s] -- Up-to-date: /home/fra/ros2_ws/install/cpp_pkg/share/cpp_pkg/environment/ament_prefix_path.dsv
[0.372s] -- Up-to-date: /home/fra/ros2_ws/install/cpp_pkg/share/cpp_pkg/environment/path.sh
[0.372s] -- Up-to-date: /home/fra/ros2_ws/install/cpp_pkg/share/cpp_pkg/environment/path.dsv
[0.372s] -- Up-to-date: /home/fra/ros2_ws/install/cpp_pkg/share/cpp_pkg/local_setup.bash
[0.372s] -- Up-to-date: /home/fra/ros2_ws/install/cpp_pkg/share/cpp_pkg/local_setup.sh
[0.372s] -- Up-to-date: /home/fra/ros2_ws/install/cpp_pkg/share/cpp_pkg/local_setup.zsh
[0.372s] -- Up-to-date: /home/fra/ros2_ws/install/cpp_pkg/share/cpp_pkg/local_setup.dsv
[0.372s] -- Installing: /home/fra/ros2_ws/install/cpp_pkg/share/cpp_pkg/package.dsv
[0.372s] -- Up-to-date: /home/fra/ros2_ws/install/cpp_pkg/share/ament_index/resource_index/packages/cpp_pkg
[0.373s] -- Up-to-date: /home/fra/ros2_ws/install/cpp_pkg/share/cpp_pkg/cmake/cpp_pkgConfig.cmake
[0.373s] -- Up-to-date: /home/fra/ros2_ws/install/cpp_pkg/share/cpp_pkg/cmake/cpp_pkgConfig-version.cmake
[0.373s] -- Up-to-date: /home/fra/ros2_ws/install/cpp_pkg/share/cpp_pkg/package.xml
[0.373s] Invoked command in '/home/fra/ros2_ws/build/cpp_pkg' returned '0': CMAKE_PREFIX_PATH=/home/fra/ros2_ws/install/custom_interface:/home/fra/ros2_ws/install/cpp_pkg:/home/fra/ros2_ws/install/python_pkg:/opt/ros/humble /usr/bin/cmake --install /home/fra/ros2_ws/build/cpp_pkg
