[0.011s] Invoking command in '/home/fra/ros2_ws/build/custom_interface': CMAKE_PREFIX_PATH=${CMAKE_PREFIX_PATH}:/home/fra/ros2_ws/install/python_pkg:/opt/ros/humble /usr/bin/cmake --build /home/fra/ros2_ws/build/custom_interface -- -j12 -l12
[0.058s] [  9%] Built target custom_interface__rosidl_generator_c
[0.058s] [ 12%] Built target custom_interface__cpp
[0.083s] [ 22%] Built target custom_interface__rosidl_typesupport_introspection_c
[0.086s] [ 22%] Built target ament_cmake_python_copy_custom_interface
[0.095s] [ 32%] Built target custom_interface__rosidl_typesupport_c
[0.095s] [ 41%] Built target custom_interface__rosidl_typesupport_fastrtps_c
[0.117s] [ 51%] Built target custom_interface__rosidl_typesupport_fastrtps_cpp
[0.117s] [ 61%] Built target custom_interface__rosidl_typesupport_cpp
[0.124s] [ 70%] Built target custom_interface__rosidl_typesupport_introspection_cpp
[0.156s] [ 70%] Built target custom_interface
[0.172s] [ 74%] Built target custom_interface__py
[0.201s] [ 80%] Built target custom_interface__rosidl_generator_py
[0.237s] [ 87%] Built target custom_interface__rosidl_typesupport_c__pyext
[0.237s] [ 93%] Built target custom_interface__rosidl_typesupport_introspection_c__pyext
[0.250s] [100%] Built target custom_interface__rosidl_typesupport_fastrtps_c__pyext
[0.378s] running egg_info
[0.378s] writing custom_interface.egg-info/PKG-INFO
[0.378s] writing dependency_links to custom_interface.egg-info/dependency_links.txt
[0.379s] writing top-level names to custom_interface.egg-info/top_level.txt
[0.381s] reading manifest file 'custom_interface.egg-info/SOURCES.txt'
[0.381s] writing manifest file 'custom_interface.egg-info/SOURCES.txt'
[0.411s] [100%] Built target ament_cmake_python_build_custom_interface_egg
[0.422s] Invoked command in '/home/fra/ros2_ws/build/custom_interface' returned '0': CMAKE_PREFIX_PATH=${CMAKE_PREFIX_PATH}:/home/fra/ros2_ws/install/python_pkg:/opt/ros/humble /usr/bin/cmake --build /home/fra/ros2_ws/build/custom_interface -- -j12 -l12
[0.430s] Invoking command in '/home/fra/ros2_ws/build/custom_interface': CMAKE_PREFIX_PATH=${CMAKE_PREFIX_PATH}:/home/fra/ros2_ws/install/python_pkg:/opt/ros/humble /usr/bin/cmake --install /home/fra/ros2_ws/build/custom_interface
[0.437s] -- Install configuration: ""
[0.438s] -- Up-to-date: /home/fra/ros2_ws/install/custom_interface/share/ament_index/resource_index/rosidl_interfaces/custom_interface
[0.438s] -- Up-to-date: /home/fra/ros2_ws/install/custom_interface/include/custom_interface/custom_interface
[0.438s] -- Up-to-date: /home/fra/ros2_ws/install/custom_interface/include/custom_interface/custom_interface/msg
[0.438s] -- Up-to-date: /home/fra/ros2_ws/install/custom_interface/include/custom_interface/custom_interface/msg/rosidl_generator_c__visibility_control.h
[0.438s] -- Up-to-date: /home/fra/ros2_ws/install/custom_interface/include/custom_interface/custom_interface/srv
[0.438s] -- Up-to-date: /home/fra/ros2_ws/install/custom_interface/include/custom_interface/custom_interface/srv/reset_counter.h
[0.438s] -- Up-to-date: /home/fra/ros2_ws/install/custom_interface/include/custom_interface/custom_interface/srv/detail
[0.438s] -- Up-to-date: /home/fra/ros2_ws/install/custom_interface/include/custom_interface/custom_interface/srv/detail/reset_counter__struct.h
[0.439s] -- Up-to-date: /home/fra/ros2_ws/install/custom_interface/include/custom_interface/custom_interface/srv/detail/reset_counter__functions.h
[0.439s] -- Up-to-date: /home/fra/ros2_ws/install/custom_interface/include/custom_interface/custom_interface/srv/detail/reset_counter__functions.c
[0.439s] -- Up-to-date: /home/fra/ros2_ws/install/custom_interface/include/custom_interface/custom_interface/srv/detail/reset_counter__type_support.h
[0.439s] -- Up-to-date: /home/fra/ros2_ws/install/custom_interface/share/custom_interface/environment/library_path.sh
[0.439s] -- Up-to-date: /home/fra/ros2_ws/install/custom_interface/share/custom_interface/environment/library_path.dsv
[0.439s] -- Up-to-date: /home/fra/ros2_ws/install/custom_interface/lib/libcustom_interface__rosidl_generator_c.so
[0.439s] -- Up-to-date: /home/fra/ros2_ws/install/custom_interface/include/custom_interface/custom_interface
[0.439s] -- Up-to-date: /home/fra/ros2_ws/install/custom_interface/include/custom_interface/custom_interface/msg
[0.440s] -- Up-to-date: /home/fra/ros2_ws/install/custom_interface/include/custom_interface/custom_interface/msg/rosidl_typesupport_fastrtps_c__visibility_control.h
[0.440s] -- Up-to-date: /home/fra/ros2_ws/install/custom_interface/include/custom_interface/custom_interface/srv
[0.440s] -- Up-to-date: /home/fra/ros2_ws/install/custom_interface/include/custom_interface/custom_interface/srv/detail
[0.440s] -- Up-to-date: /home/fra/ros2_ws/install/custom_interface/include/custom_interface/custom_interface/srv/detail/reset_counter__rosidl_typesupport_fastrtps_c.h
[0.440s] -- Up-to-date: /home/fra/ros2_ws/install/custom_interface/lib/libcustom_interface__rosidl_typesupport_fastrtps_c.so
[0.440s] -- Up-to-date: /home/fra/ros2_ws/install/custom_interface/include/custom_interface/custom_interface
[0.440s] -- Up-to-date: /home/fra/ros2_ws/install/custom_interface/include/custom_interface/custom_interface/msg
[0.440s] -- Up-to-date: /home/fra/ros2_ws/install/custom_interface/include/custom_interface/custom_interface/msg/rosidl_typesupport_introspection_c__visibility_control.h
[0.440s] -- Up-to-date: /home/fra/ros2_ws/install/custom_interface/include/custom_interface/custom_interface/srv
[0.440s] -- Up-to-date: /home/fra/ros2_ws/install/custom_interface/include/custom_interface/custom_interface/srv/detail
[0.441s] -- Up-to-date: /home/fra/ros2_ws/install/custom_interface/include/custom_interface/custom_interface/srv/detail/reset_counter__type_support.c
[0.441s] -- Up-to-date: /home/fra/ros2_ws/install/custom_interface/include/custom_interface/custom_interface/srv/detail/reset_counter__rosidl_typesupport_introspection_c.h
[0.441s] -- Up-to-date: /home/fra/ros2_ws/install/custom_interface/lib/libcustom_interface__rosidl_typesupport_introspection_c.so
[0.441s] -- Up-to-date: /home/fra/ros2_ws/install/custom_interface/lib/libcustom_interface__rosidl_typesupport_c.so
[0.441s] -- Up-to-date: /home/fra/ros2_ws/install/custom_interface/include/custom_interface/custom_interface
[0.441s] -- Up-to-date: /home/fra/ros2_ws/install/custom_interface/include/custom_interface/custom_interface/msg
[0.441s] -- Up-to-date: /home/fra/ros2_ws/install/custom_interface/include/custom_interface/custom_interface/msg/rosidl_generator_cpp__visibility_control.hpp
[0.441s] -- Up-to-date: /home/fra/ros2_ws/install/custom_interface/include/custom_interface/custom_interface/srv
[0.441s] -- Up-to-date: /home/fra/ros2_ws/install/custom_interface/include/custom_interface/custom_interface/srv/reset_counter.hpp
[0.441s] -- Up-to-date: /home/fra/ros2_ws/install/custom_interface/include/custom_interface/custom_interface/srv/detail
[0.441s] -- Up-to-date: /home/fra/ros2_ws/install/custom_interface/include/custom_interface/custom_interface/srv/detail/reset_counter__type_support.hpp
[0.441s] -- Up-to-date: /home/fra/ros2_ws/install/custom_interface/include/custom_interface/custom_interface/srv/detail/reset_counter__struct.hpp
[0.442s] -- Up-to-date: /home/fra/ros2_ws/install/custom_interface/include/custom_interface/custom_interface/srv/detail/reset_counter__traits.hpp
[0.442s] -- Up-to-date: /home/fra/ros2_ws/install/custom_interface/include/custom_interface/custom_interface/srv/detail/reset_counter__builder.hpp
[0.442s] -- Up-to-date: /home/fra/ros2_ws/install/custom_interface/include/custom_interface/custom_interface
[0.442s] -- Up-to-date: /home/fra/ros2_ws/install/custom_interface/include/custom_interface/custom_interface/msg
[0.442s] -- Up-to-date: /home/fra/ros2_ws/install/custom_interface/include/custom_interface/custom_interface/msg/rosidl_typesupport_fastrtps_cpp__visibility_control.h
[0.442s] -- Up-to-date: /home/fra/ros2_ws/install/custom_interface/include/custom_interface/custom_interface/srv
[0.442s] -- Up-to-date: /home/fra/ros2_ws/install/custom_interface/include/custom_interface/custom_interface/srv/detail
[0.442s] -- Up-to-date: /home/fra/ros2_ws/install/custom_interface/include/custom_interface/custom_interface/srv/detail/reset_counter__rosidl_typesupport_fastrtps_cpp.hpp
[0.442s] -- Up-to-date: /home/fra/ros2_ws/install/custom_interface/include/custom_interface/custom_interface/srv/detail/dds_fastrtps
[0.442s] -- Up-to-date: /home/fra/ros2_ws/install/custom_interface/lib/libcustom_interface__rosidl_typesupport_fastrtps_cpp.so
[0.442s] -- Up-to-date: /home/fra/ros2_ws/install/custom_interface/include/custom_interface/custom_interface
[0.442s] -- Up-to-date: /home/fra/ros2_ws/install/custom_interface/include/custom_interface/custom_interface/srv
[0.442s] -- Up-to-date: /home/fra/ros2_ws/install/custom_interface/include/custom_interface/custom_interface/srv/detail
[0.442s] -- Up-to-date: /home/fra/ros2_ws/install/custom_interface/include/custom_interface/custom_interface/srv/detail/reset_counter__type_support.cpp
[0.442s] -- Up-to-date: /home/fra/ros2_ws/install/custom_interface/include/custom_interface/custom_interface/srv/detail/reset_counter__rosidl_typesupport_introspection_cpp.hpp
[0.443s] -- Up-to-date: /home/fra/ros2_ws/install/custom_interface/lib/libcustom_interface__rosidl_typesupport_introspection_cpp.so
[0.443s] -- Up-to-date: /home/fra/ros2_ws/install/custom_interface/lib/libcustom_interface__rosidl_typesupport_cpp.so
[0.443s] -- Up-to-date: /home/fra/ros2_ws/install/custom_interface/share/custom_interface/environment/pythonpath.sh
[0.443s] -- Up-to-date: /home/fra/ros2_ws/install/custom_interface/share/custom_interface/environment/pythonpath.dsv
[0.443s] -- Up-to-date: /home/fra/ros2_ws/install/custom_interface/local/lib/python3.10/dist-packages/custom_interface-0.0.0-py3.10.egg-info
[0.443s] -- Installing: /home/fra/ros2_ws/install/custom_interface/local/lib/python3.10/dist-packages/custom_interface-0.0.0-py3.10.egg-info/dependency_links.txt
[0.443s] -- Installing: /home/fra/ros2_ws/install/custom_interface/local/lib/python3.10/dist-packages/custom_interface-0.0.0-py3.10.egg-info/top_level.txt
[0.443s] -- Installing: /home/fra/ros2_ws/install/custom_interface/local/lib/python3.10/dist-packages/custom_interface-0.0.0-py3.10.egg-info/PKG-INFO
[0.443s] -- Installing: /home/fra/ros2_ws/install/custom_interface/local/lib/python3.10/dist-packages/custom_interface-0.0.0-py3.10.egg-info/SOURCES.txt
[0.443s] -- Up-to-date: /home/fra/ros2_ws/install/custom_interface/local/lib/python3.10/dist-packages/custom_interface
[0.443s] -- Up-to-date: /home/fra/ros2_ws/install/custom_interface/local/lib/python3.10/dist-packages/custom_interface/custom_interface_s__rosidl_typesupport_introspection_c.cpython-310-x86_64-linux-gnu.so
[0.443s] -- Up-to-date: /home/fra/ros2_ws/install/custom_interface/local/lib/python3.10/dist-packages/custom_interface/_custom_interface_s.ep.rosidl_typesupport_fastrtps_c.c
[0.443s] -- Up-to-date: /home/fra/ros2_ws/install/custom_interface/local/lib/python3.10/dist-packages/custom_interface/custom_interface_s__rosidl_typesupport_fastrtps_c.cpython-310-x86_64-linux-gnu.so
[0.443s] -- Up-to-date: /home/fra/ros2_ws/install/custom_interface/local/lib/python3.10/dist-packages/custom_interface/_custom_interface_s.ep.rosidl_typesupport_introspection_c.c
[0.443s] -- Up-to-date: /home/fra/ros2_ws/install/custom_interface/local/lib/python3.10/dist-packages/custom_interface/custom_interface_s__rosidl_typesupport_c.cpython-310-x86_64-linux-gnu.so
[0.444s] -- Up-to-date: /home/fra/ros2_ws/install/custom_interface/local/lib/python3.10/dist-packages/custom_interface/_custom_interface_s.ep.rosidl_typesupport_c.c
[0.444s] -- Up-to-date: /home/fra/ros2_ws/install/custom_interface/local/lib/python3.10/dist-packages/custom_interface/srv
[0.444s] -- Up-to-date: /home/fra/ros2_ws/install/custom_interface/local/lib/python3.10/dist-packages/custom_interface/srv/_reset_counter.py
[0.444s] -- Up-to-date: /home/fra/ros2_ws/install/custom_interface/local/lib/python3.10/dist-packages/custom_interface/srv/_reset_counter_s.c
[0.444s] -- Up-to-date: /home/fra/ros2_ws/install/custom_interface/local/lib/python3.10/dist-packages/custom_interface/srv/__init__.py
[0.444s] -- Up-to-date: /home/fra/ros2_ws/install/custom_interface/local/lib/python3.10/dist-packages/custom_interface/libcustom_interface__rosidl_generator_py.so
[0.447s] -- Up-to-date: /home/fra/ros2_ws/install/custom_interface/local/lib/python3.10/dist-packages/custom_interface/__init__.py
[0.477s] Listing '/home/fra/ros2_ws/install/custom_interface/local/lib/python3.10/dist-packages/custom_interface'...
[0.477s] Listing '/home/fra/ros2_ws/install/custom_interface/local/lib/python3.10/dist-packages/custom_interface/srv'...
[0.481s] -- Up-to-date: /home/fra/ros2_ws/install/custom_interface/local/lib/python3.10/dist-packages/custom_interface/custom_interface_s__rosidl_typesupport_fastrtps_c.cpython-310-x86_64-linux-gnu.so
[0.481s] -- Up-to-date: /home/fra/ros2_ws/install/custom_interface/local/lib/python3.10/dist-packages/custom_interface/custom_interface_s__rosidl_typesupport_introspection_c.cpython-310-x86_64-linux-gnu.so
[0.481s] -- Up-to-date: /home/fra/ros2_ws/install/custom_interface/local/lib/python3.10/dist-packages/custom_interface/custom_interface_s__rosidl_typesupport_c.cpython-310-x86_64-linux-gnu.so
[0.481s] -- Up-to-date: /home/fra/ros2_ws/install/custom_interface/lib/libcustom_interface__rosidl_generator_py.so
[0.481s] -- Up-to-date: /home/fra/ros2_ws/install/custom_interface/share/custom_interface/srv/ResetCounter.idl
[0.482s] -- Up-to-date: /home/fra/ros2_ws/install/custom_interface/share/custom_interface/srv/ResetCounter.srv
[0.482s] -- Up-to-date: /home/fra/ros2_ws/install/custom_interface/share/custom_interface/srv/ResetCounter_Request.msg
[0.482s] -- Up-to-date: /home/fra/ros2_ws/install/custom_interface/share/custom_interface/srv/ResetCounter_Response.msg
[0.482s] -- Up-to-date: /home/fra/ros2_ws/install/custom_interface/share/ament_index/resource_index/package_run_dependencies/custom_interface
[0.482s] -- Up-to-date: /home/fra/ros2_ws/install/custom_interface/share/ament_index/resource_index/parent_prefix_path/custom_interface
[0.482s] -- Up-to-date: /home/fra/ros2_ws/install/custom_interface/share/custom_interface/environment/ament_prefix_path.sh
[0.483s] -- Up-to-date: /home/fra/ros2_ws/install/custom_interface/share/custom_interface/environment/ament_prefix_path.dsv
[0.483s] -- Up-to-date: /home/fra/ros2_ws/install/custom_interface/share/custom_interface/environment/path.sh
[0.483s] -- Up-to-date: /home/fra/ros2_ws/install/custom_interface/share/custom_interface/environment/path.dsv
[0.483s] -- Up-to-date: /home/fra/ros2_ws/install/custom_interface/share/custom_interface/local_setup.bash
[0.483s] -- Up-to-date: /home/fra/ros2_ws/install/custom_interface/share/custom_interface/local_setup.sh
[0.483s] -- Up-to-date: /home/fra/ros2_ws/install/custom_interface/share/custom_interface/local_setup.zsh
[0.483s] -- Up-to-date: /home/fra/ros2_ws/install/custom_interface/share/custom_interface/local_setup.dsv
[0.483s] -- Installing: /home/fra/ros2_ws/install/custom_interface/share/custom_interface/package.dsv
[0.483s] -- Up-to-date: /home/fra/ros2_ws/install/custom_interface/share/ament_index/resource_index/packages/custom_interface
[0.483s] -- Up-to-date: /home/fra/ros2_ws/install/custom_interface/share/custom_interface/cmake/export_custom_interface__rosidl_generator_cExport.cmake
[0.483s] -- Up-to-date: /home/fra/ros2_ws/install/custom_interface/share/custom_interface/cmake/export_custom_interface__rosidl_generator_cExport-noconfig.cmake
[0.483s] -- Up-to-date: /home/fra/ros2_ws/install/custom_interface/share/custom_interface/cmake/export_custom_interface__rosidl_typesupport_fastrtps_cExport.cmake
[0.484s] -- Up-to-date: /home/fra/ros2_ws/install/custom_interface/share/custom_interface/cmake/export_custom_interface__rosidl_typesupport_fastrtps_cExport-noconfig.cmake
[0.484s] -- Up-to-date: /home/fra/ros2_ws/install/custom_interface/share/custom_interface/cmake/custom_interface__rosidl_typesupport_introspection_cExport.cmake
[0.484s] -- Up-to-date: /home/fra/ros2_ws/install/custom_interface/share/custom_interface/cmake/custom_interface__rosidl_typesupport_introspection_cExport-noconfig.cmake
[0.484s] -- Up-to-date: /home/fra/ros2_ws/install/custom_interface/share/custom_interface/cmake/custom_interface__rosidl_typesupport_cExport.cmake
[0.484s] -- Up-to-date: /home/fra/ros2_ws/install/custom_interface/share/custom_interface/cmake/custom_interface__rosidl_typesupport_cExport-noconfig.cmake
[0.484s] -- Up-to-date: /home/fra/ros2_ws/install/custom_interface/share/custom_interface/cmake/export_custom_interface__rosidl_generator_cppExport.cmake
[0.484s] -- Up-to-date: /home/fra/ros2_ws/install/custom_interface/share/custom_interface/cmake/export_custom_interface__rosidl_typesupport_fastrtps_cppExport.cmake
[0.484s] -- Up-to-date: /home/fra/ros2_ws/install/custom_interface/share/custom_interface/cmake/export_custom_interface__rosidl_typesupport_fastrtps_cppExport-noconfig.cmake
[0.484s] -- Up-to-date: /home/fra/ros2_ws/install/custom_interface/share/custom_interface/cmake/custom_interface__rosidl_typesupport_introspection_cppExport.cmake
[0.484s] -- Up-to-date: /home/fra/ros2_ws/install/custom_interface/share/custom_interface/cmake/custom_interface__rosidl_typesupport_introspection_cppExport-noconfig.cmake
[0.484s] -- Up-to-date: /home/fra/ros2_ws/install/custom_interface/share/custom_interface/cmake/custom_interface__rosidl_typesupport_cppExport.cmake
[0.484s] -- Up-to-date: /home/fra/ros2_ws/install/custom_interface/share/custom_interface/cmake/custom_interface__rosidl_typesupport_cppExport-noconfig.cmake
[0.484s] -- Up-to-date: /home/fra/ros2_ws/install/custom_interface/share/custom_interface/cmake/export_custom_interface__rosidl_generator_pyExport.cmake
[0.484s] -- Up-to-date: /home/fra/ros2_ws/install/custom_interface/share/custom_interface/cmake/export_custom_interface__rosidl_generator_pyExport-noconfig.cmake
[0.484s] -- Up-to-date: /home/fra/ros2_ws/install/custom_interface/share/custom_interface/cmake/rosidl_cmake-extras.cmake
[0.484s] -- Up-to-date: /home/fra/ros2_ws/install/custom_interface/share/custom_interface/cmake/ament_cmake_export_include_directories-extras.cmake
[0.484s] -- Up-to-date: /home/fra/ros2_ws/install/custom_interface/share/custom_interface/cmake/ament_cmake_export_libraries-extras.cmake
[0.485s] -- Up-to-date: /home/fra/ros2_ws/install/custom_interface/share/custom_interface/cmake/ament_cmake_export_targets-extras.cmake
[0.485s] -- Up-to-date: /home/fra/ros2_ws/install/custom_interface/share/custom_interface/cmake/rosidl_cmake_export_typesupport_targets-extras.cmake
[0.485s] -- Up-to-date: /home/fra/ros2_ws/install/custom_interface/share/custom_interface/cmake/ament_cmake_export_dependencies-extras.cmake
[0.485s] -- Up-to-date: /home/fra/ros2_ws/install/custom_interface/share/custom_interface/cmake/rosidl_cmake_export_typesupport_libraries-extras.cmake
[0.485s] -- Up-to-date: /home/fra/ros2_ws/install/custom_interface/share/custom_interface/cmake/custom_interfaceConfig.cmake
[0.485s] -- Up-to-date: /home/fra/ros2_ws/install/custom_interface/share/custom_interface/cmake/custom_interfaceConfig-version.cmake
[0.485s] -- Up-to-date: /home/fra/ros2_ws/install/custom_interface/share/custom_interface/package.xml
[0.486s] Invoked command in '/home/fra/ros2_ws/build/custom_interface' returned '0': CMAKE_PREFIX_PATH=${CMAKE_PREFIX_PATH}:/home/fra/ros2_ws/install/python_pkg:/opt/ros/humble /usr/bin/cmake --install /home/fra/ros2_ws/build/custom_interface
