[0.018s] Invoking command in '/home/fra/ros2_ws/build/cpp_pkg': CMAKE_PREFIX_PATH=${CMAKE_PREFIX_PATH}:/home/fra/ros2_ws/install/python_pkg:/opt/ros/humble /usr/bin/cmake --build /home/fra/ros2_ws/build/cpp_pkg -- -j12 -l12
[0.043s] -- Found ament_cmake: 1.3.11 (/opt/ros/humble/share/ament_cmake/cmake)
[0.177s] -- Found rclcpp: 16.0.11 (/opt/ros/humble/share/rclcpp/cmake)
[0.207s] -- Found rosidl_generator_c: 3.1.6 (/opt/ros/humble/share/rosidl_generator_c/cmake)
[0.210s] -- Found rosidl_adapter: 3.1.6 (/opt/ros/humble/share/rosidl_adapter/cmake)
[0.217s] -- Found rosidl_generator_cpp: 3.1.6 (/opt/ros/humble/share/rosidl_generator_cpp/cmake)
[0.227s] -- Using all available rosidl_typesupport_c: rosidl_typesupport_fastrtps_c;rosidl_typesupport_introspection_c
[0.241s] -- Using all available rosidl_typesupport_cpp: rosidl_typesupport_fastrtps_cpp;rosidl_typesupport_introspection_cpp
[0.277s] -- Found rmw_implementation_cmake: 6.1.2 (/opt/ros/humble/share/rmw_implementation_cmake/cmake)
[0.279s] -- Found rmw_fastrtps_cpp: 6.2.7 (/opt/ros/humble/share/rmw_fastrtps_cpp/cmake)
[0.382s] -- Using RMW implementation 'rmw_fastrtps_cpp' as default
[0.446s] -- Found custom_interface: 0.0.0 (/home/fra/ros2_ws/install/custom_interface/share/custom_interface/cmake)
[0.456s] -- Found ament_lint_auto: 0.12.11 (/opt/ros/humble/share/ament_lint_auto/cmake)
[0.534s] -- Added test 'cppcheck' to perform static code analysis on C / C++ code
[0.535s] -- Configured cppcheck include dirs: 
[0.535s] -- Configured cppcheck exclude dirs and/or files: 
[0.535s] -- Added test 'lint_cmake' to check CMake code style
[0.536s] -- Added test 'uncrustify' to check C / C++ code style
[0.536s] -- Configured uncrustify additional arguments: 
[0.536s] -- Added test 'xmllint' to check XML markup files
[0.537s] -- Configuring done
[0.540s] [31mCMake Error at CMakeLists.txt:35 (add_executable):
[0.540s]   Cannot find source file:
[0.540s] 
[0.540s]     src/service_cpp.cpp
[0.540s] 
[0.540s]   Tried extensions .c .C .c++ .cc .cpp .cxx .cu .mpp .m .M .mm .ixx .cppm .h
[0.540s]   .hh .h++ .hm .hpp .hxx .in .txx .f .F .for .f77 .f90 .f95 .f03 .hip .ispc
[0.540s] 
[0.540s] [0m
[0.541s] [31mCMake Error at CMakeLists.txt:35 (add_executable):
[0.541s]   No SOURCES given to target: service_cpp
[0.541s] 
[0.541s] [0m
[0.541s] [0mCMake Generate step failed.  Build files cannot be regenerated correctly.[0m
[0.551s] gmake: *** [Makefile:349: cmake_check_build_system] Error 1
[0.556s] Invoked command in '/home/fra/ros2_ws/build/cpp_pkg' returned '2': CMAKE_PREFIX_PATH=${CMAKE_PREFIX_PATH}:/home/fra/ros2_ws/install/python_pkg:/opt/ros/humble /usr/bin/cmake --build /home/fra/ros2_ws/build/cpp_pkg -- -j12 -l12
