/home/fra/ros2_ws/install/python_pkg/lib/python3.10/site-packages/python_pkg/publisher_py.py
/home/fra/ros2_ws/install/python_pkg/lib/python3.10/site-packages/python_pkg/subscriber_py.py
/home/fra/ros2_ws/install/python_pkg/lib/python3.10/site-packages/python_pkg/server_py.py
/home/fra/ros2_ws/install/python_pkg/lib/python3.10/site-packages/python_pkg/node_python.py
/home/fra/ros2_ws/install/python_pkg/lib/python3.10/site-packages/python_pkg/__init__.py
/home/fra/ros2_ws/install/python_pkg/lib/python3.10/site-packages/python_pkg/__pycache__/publisher_py.cpython-310.pyc
/home/fra/ros2_ws/install/python_pkg/lib/python3.10/site-packages/python_pkg/__pycache__/subscriber_py.cpython-310.pyc
/home/fra/ros2_ws/install/python_pkg/lib/python3.10/site-packages/python_pkg/__pycache__/server_py.cpython-310.pyc
/home/fra/ros2_ws/install/python_pkg/lib/python3.10/site-packages/python_pkg/__pycache__/node_python.cpython-310.pyc
/home/fra/ros2_ws/install/python_pkg/lib/python3.10/site-packages/python_pkg/__pycache__/__init__.cpython-310.pyc
/home/fra/ros2_ws/install/python_pkg/share/ament_index/resource_index/packages/python_pkg
/home/fra/ros2_ws/install/python_pkg/share/python_pkg/package.xml
/home/fra/ros2_ws/install/python_pkg/lib/python3.10/site-packages/python_pkg-0.0.0-py3.10.egg-info/dependency_links.txt
/home/fra/ros2_ws/install/python_pkg/lib/python3.10/site-packages/python_pkg-0.0.0-py3.10.egg-info/zip-safe
/home/fra/ros2_ws/install/python_pkg/lib/python3.10/site-packages/python_pkg-0.0.0-py3.10.egg-info/top_level.txt
/home/fra/ros2_ws/install/python_pkg/lib/python3.10/site-packages/python_pkg-0.0.0-py3.10.egg-info/PKG-INFO
/home/fra/ros2_ws/install/python_pkg/lib/python3.10/site-packages/python_pkg-0.0.0-py3.10.egg-info/SOURCES.txt
/home/fra/ros2_ws/install/python_pkg/lib/python3.10/site-packages/python_pkg-0.0.0-py3.10.egg-info/requires.txt
/home/fra/ros2_ws/install/python_pkg/lib/python3.10/site-packages/python_pkg-0.0.0-py3.10.egg-info/entry_points.txt
/home/fra/ros2_ws/install/python_pkg/lib/python_pkg/node_python
/home/fra/ros2_ws/install/python_pkg/lib/python_pkg/publisher_py
/home/fra/ros2_ws/install/python_pkg/lib/python_pkg/server_py
/home/fra/ros2_ws/install/python_pkg/lib/python_pkg/subscriber_py
