[0.664s] Invoking command in '/home/fra/ros2_ws/src/python_pkg': CMAKE_PREFIX_PATH=/home/fra/ros2_ws/install/custom_interface:/home/fra/ros2_ws/install/cpp_pkg PYTHONPATH=/home/fra/ros2_ws/build/python_pkg/prefix_override:/usr/lib/python3/dist-packages/colcon_core/task/python/colcon_distutils_commands:/home/fra/ros2_ws/install/python_pkg/lib/python3.10/site-packages:${PYTHONPATH} /usr/bin/python3 -W ignore:setup.py install is deprecated -W ignore:easy_install command is deprecated setup.py egg_info --egg-base ../../build/python_pkg build --build-base /home/fra/ros2_ws/build/python_pkg/build install --record /home/fra/ros2_ws/build/python_pkg/install.log --single-version-externally-managed install_data
[0.927s] running egg_info
[0.927s] writing ../../build/python_pkg/python_pkg.egg-info/PKG-INFO
[0.928s] writing dependency_links to ../../build/python_pkg/python_pkg.egg-info/dependency_links.txt
[0.928s] writing entry points to ../../build/python_pkg/python_pkg.egg-info/entry_points.txt
[0.928s] writing requirements to ../../build/python_pkg/python_pkg.egg-info/requires.txt
[0.928s] writing top-level names to ../../build/python_pkg/python_pkg.egg-info/top_level.txt
[0.930s] reading manifest file '../../build/python_pkg/python_pkg.egg-info/SOURCES.txt'
[0.931s] writing manifest file '../../build/python_pkg/python_pkg.egg-info/SOURCES.txt'
[0.931s] running build
[0.931s] running build_py
[0.931s] copying python_pkg/publisher_py.py -> /home/fra/ros2_ws/build/python_pkg/build/lib/python_pkg
[0.931s] running install
[0.932s] running install_lib
[0.932s] copying /home/fra/ros2_ws/build/python_pkg/build/lib/python_pkg/publisher_py.py -> /home/fra/ros2_ws/install/python_pkg/lib/python3.10/site-packages/python_pkg
[0.933s] byte-compiling /home/fra/ros2_ws/install/python_pkg/lib/python3.10/site-packages/python_pkg/publisher_py.py to publisher_py.cpython-310.pyc
[0.934s] running install_data
[0.934s] running install_egg_info
[0.936s] removing '/home/fra/ros2_ws/install/python_pkg/lib/python3.10/site-packages/python_pkg-0.0.0-py3.10.egg-info' (and everything under it)
[0.936s] Copying ../../build/python_pkg/python_pkg.egg-info to /home/fra/ros2_ws/install/python_pkg/lib/python3.10/site-packages/python_pkg-0.0.0-py3.10.egg-info
[0.937s] running install_scripts
[0.957s] Installing node_python script to /home/fra/ros2_ws/install/python_pkg/lib/python_pkg
[0.957s] Installing publisher_py script to /home/fra/ros2_ws/install/python_pkg/lib/python_pkg
[0.957s] Installing server_py script to /home/fra/ros2_ws/install/python_pkg/lib/python_pkg
[0.957s] Installing subscriber_py script to /home/fra/ros2_ws/install/python_pkg/lib/python_pkg
[0.957s] writing list of installed files to '/home/fra/ros2_ws/build/python_pkg/install.log'
[0.977s] Invoked command in '/home/fra/ros2_ws/src/python_pkg' returned '0': CMAKE_PREFIX_PATH=/home/fra/ros2_ws/install/custom_interface:/home/fra/ros2_ws/install/cpp_pkg PYTHONPATH=/home/fra/ros2_ws/build/python_pkg/prefix_override:/usr/lib/python3/dist-packages/colcon_core/task/python/colcon_distutils_commands:/home/fra/ros2_ws/install/python_pkg/lib/python3.10/site-packages:${PYTHONPATH} /usr/bin/python3 -W ignore:setup.py install is deprecated -W ignore:easy_install command is deprecated setup.py egg_info --egg-base ../../build/python_pkg build --build-base /home/fra/ros2_ws/build/python_pkg/build install --record /home/fra/ros2_ws/build/python_pkg/install.log --single-version-externally-managed install_data
